<?xml version="1.0" encoding="UTF-8"?>
<coverage generated="1656517855157" clover="3.2.0">
  <project timestamp="1656517855157" name="All files">
    <metrics statements="2390" coveredstatements="1170" conditionals="484" coveredconditionals="217" methods="392" coveredmethods="84" elements="3266" coveredelements="1471" complexity="0" loc="2390" ncloc="2390" packages="99" files="174" classes="174"/>
    <package name="src">
      <metrics statements="15" coveredstatements="15" conditionals="0" coveredconditionals="0" methods="0" coveredmethods="0"/>
      <file name="app.ts" path="/home/henrique/SoilWeb/packages/backend/src/app.ts">
        <metrics statements="11" coveredstatements="11" conditionals="0" coveredconditionals="0" methods="0" coveredmethods="0"/>
        <line num="1" count="12" type="stmt"/>
        <line num="2" count="12" type="stmt"/>
        <line num="3" count="12" type="stmt"/>
        <line num="4" count="12" type="stmt"/>
        <line num="6" count="12" type="stmt"/>
        <line num="7" count="12" type="stmt"/>
        <line num="9" count="12" type="stmt"/>
        <line num="10" count="12" type="stmt"/>
        <line num="11" count="12" type="stmt"/>
        <line num="12" count="12" type="stmt"/>
        <line num="14" count="12" type="stmt"/>
      </file>
      <file name="knexfile.ts" path="/home/henrique/SoilWeb/packages/backend/src/knexfile.ts">
        <metrics statements="4" coveredstatements="4" conditionals="0" coveredconditionals="0" methods="0" coveredmethods="0"/>
        <line num="2" count="15" type="stmt"/>
        <line num="3" count="15" type="stmt"/>
        <line num="4" count="15" type="stmt"/>
        <line num="6" count="15" type="stmt"/>
      </file>
    </package>
    <package name="src.database">
      <metrics statements="11" coveredstatements="8" conditionals="6" coveredconditionals="2" methods="1" coveredmethods="1"/>
      <file name="index.ts" path="/home/henrique/SoilWeb/packages/backend/src/database/index.ts">
        <metrics statements="11" coveredstatements="8" conditionals="6" coveredconditionals="2" methods="1" coveredmethods="1"/>
        <line num="1" count="15" type="stmt"/>
        <line num="2" count="15" type="stmt"/>
        <line num="4" count="15" type="stmt"/>
        <line num="5" count="15" type="cond" truecount="1" falsecount="3"/>
        <line num="7" count="15" type="stmt"/>
        <line num="9" count="0" type="stmt"/>
        <line num="11" count="0" type="stmt"/>
        <line num="13" count="0" type="stmt"/>
        <line num="17" count="15" type="cond" truecount="1" falsecount="1"/>
        <line num="18" count="15" type="stmt"/>
        <line num="19" count="15" type="stmt"/>
      </file>
    </package>
    <package name="src.database.model">
      <metrics statements="8" coveredstatements="8" conditionals="0" coveredconditionals="0" methods="0" coveredmethods="0"/>
      <file name="Farm.ts" path="/home/henrique/SoilWeb/packages/backend/src/database/model/Farm.ts">
        <metrics statements="1" coveredstatements="1" conditionals="0" coveredconditionals="0" methods="0" coveredmethods="0"/>
        <line num="15" count="24" type="stmt"/>
      </file>
      <file name="Node.ts" path="/home/henrique/SoilWeb/packages/backend/src/database/model/Node.ts">
        <metrics statements="1" coveredstatements="1" conditionals="0" coveredconditionals="0" methods="0" coveredmethods="0"/>
        <line num="13" count="26" type="stmt"/>
      </file>
      <file name="Pivot.ts" path="/home/henrique/SoilWeb/packages/backend/src/database/model/Pivot.ts">
        <metrics statements="1" coveredstatements="1" conditionals="0" coveredconditionals="0" methods="0" coveredmethods="0"/>
        <line num="26" count="12" type="stmt"/>
      </file>
      <file name="Pump.ts" path="/home/henrique/SoilWeb/packages/backend/src/database/model/Pump.ts">
        <metrics statements="1" coveredstatements="1" conditionals="0" coveredconditionals="0" methods="0" coveredmethods="0"/>
        <line num="17" count="12" type="stmt"/>
      </file>
      <file name="Scheduling.ts" path="/home/henrique/SoilWeb/packages/backend/src/database/model/Scheduling.ts">
        <metrics statements="1" coveredstatements="1" conditionals="0" coveredconditionals="0" methods="0" coveredmethods="0"/>
        <line num="29" count="12" type="stmt"/>
      </file>
      <file name="SchedulingAngle.ts" path="/home/henrique/SoilWeb/packages/backend/src/database/model/SchedulingAngle.ts">
        <metrics statements="1" coveredstatements="1" conditionals="0" coveredconditionals="0" methods="0" coveredmethods="0"/>
        <line num="27" count="12" type="stmt"/>
      </file>
      <file name="State.ts" path="/home/henrique/SoilWeb/packages/backend/src/database/model/State.ts">
        <metrics statements="1" coveredstatements="1" conditionals="0" coveredconditionals="0" methods="0" coveredmethods="0"/>
        <line num="17" count="12" type="stmt"/>
      </file>
      <file name="User.ts" path="/home/henrique/SoilWeb/packages/backend/src/database/model/User.ts">
        <metrics statements="1" coveredstatements="1" conditionals="0" coveredconditionals="0" methods="0" coveredmethods="0"/>
        <line num="11" count="25" type="stmt"/>
      </file>
    </package>
    <package name="src.database.repositories">
      <metrics statements="4" coveredstatements="4" conditionals="0" coveredconditionals="0" methods="0" coveredmethods="0"/>
      <file name="index.ts" path="/home/henrique/SoilWeb/packages/backend/src/database/repositories/index.ts">
        <metrics statements="4" coveredstatements="4" conditionals="0" coveredconditionals="0" methods="0" coveredmethods="0"/>
        <line num="1" count="15" type="stmt"/>
        <line num="2" count="15" type="stmt"/>
        <line num="3" count="15" type="stmt"/>
        <line num="4" count="15" type="stmt"/>
      </file>
    </package>
    <package name="src.database.repositories.Action">
      <metrics statements="10" coveredstatements="2" conditionals="0" coveredconditionals="0" methods="7" coveredmethods="0"/>
      <file name="ActionRepository.ts" path="/home/henrique/SoilWeb/packages/backend/src/database/repositories/Action/ActionRepository.ts">
        <metrics statements="10" coveredstatements="2" conditionals="0" coveredconditionals="0" methods="7" coveredmethods="0"/>
        <line num="1" count="15" type="stmt"/>
        <line num="9" count="0" type="stmt"/>
        <line num="16" count="0" type="stmt"/>
        <line num="23" count="0" type="stmt"/>
        <line num="30" count="0" type="stmt"/>
        <line num="34" count="0" type="stmt"/>
        <line num="38" count="0" type="stmt"/>
        <line num="42" count="0" type="stmt"/>
        <line num="49" count="0" type="stmt"/>
        <line num="56" count="15" type="stmt"/>
      </file>
    </package>
    <package name="src.database.repositories.Farms">
      <metrics statements="1" coveredstatements="1" conditionals="0" coveredconditionals="0" methods="0" coveredmethods="0"/>
      <file name="index.ts" path="/home/henrique/SoilWeb/packages/backend/src/database/repositories/Farms/index.ts">
        <metrics statements="1" coveredstatements="1" conditionals="0" coveredconditionals="0" methods="0" coveredmethods="0"/>
        <line num="1" count="15" type="stmt"/>
      </file>
    </package>
    <package name="src.database.repositories.Farms.GetByUserId">
      <metrics statements="4" coveredstatements="4" conditionals="0" coveredconditionals="0" methods="1" coveredmethods="1"/>
      <file name="index.ts" path="/home/henrique/SoilWeb/packages/backend/src/database/repositories/Farms/GetByUserId/index.ts">
        <metrics statements="4" coveredstatements="4" conditionals="0" coveredconditionals="0" methods="1" coveredmethods="1"/>
        <line num="1" count="15" type="stmt"/>
        <line num="9" count="4" type="stmt"/>
        <line num="11" count="4" type="stmt"/>
        <line num="15" count="15" type="stmt"/>
      </file>
    </package>
    <package name="src.database.repositories.Nodes">
      <metrics statements="13" coveredstatements="3" conditionals="0" coveredconditionals="0" methods="8" coveredmethods="0"/>
      <file name="NodesRepository.ts" path="/home/henrique/SoilWeb/packages/backend/src/database/repositories/Nodes/NodesRepository.ts">
        <metrics statements="12" coveredstatements="2" conditionals="0" coveredconditionals="0" methods="8" coveredmethods="0"/>
        <line num="1" count="15" type="stmt"/>
        <line num="7" count="0" type="stmt"/>
        <line num="11" count="0" type="stmt"/>
        <line num="15" count="0" type="stmt"/>
        <line num="19" count="0" type="stmt"/>
        <line num="26" count="0" type="stmt"/>
        <line num="35" count="0" type="stmt"/>
        <line num="36" count="0" type="stmt"/>
        <line num="40" count="0" type="stmt"/>
        <line num="44" count="0" type="stmt"/>
        <line num="49" count="0" type="stmt"/>
        <line num="53" count="15" type="stmt"/>
      </file>
      <file name="index.ts" path="/home/henrique/SoilWeb/packages/backend/src/database/repositories/Nodes/index.ts">
        <metrics statements="1" coveredstatements="1" conditionals="0" coveredconditionals="0" methods="0" coveredmethods="0"/>
        <line num="1" count="15" type="stmt"/>
      </file>
    </package>
    <package name="src.database.repositories.Nodes.get-by-farm-and-node-num">
      <metrics statements="9" coveredstatements="7" conditionals="0" coveredconditionals="0" methods="1" coveredmethods="1"/>
      <file name="index.ts" path="/home/henrique/SoilWeb/packages/backend/src/database/repositories/Nodes/get-by-farm-and-node-num/index.ts">
        <metrics statements="9" coveredstatements="7" conditionals="0" coveredconditionals="0" methods="1" coveredmethods="1"/>
        <line num="1" count="15" type="stmt"/>
        <line num="4" count="15" type="stmt"/>
        <line num="5" count="15" type="stmt"/>
        <line num="12" count="3" type="stmt"/>
        <line num="13" count="3" type="stmt"/>
        <line num="18" count="3" type="stmt"/>
        <line num="20" count="0" type="stmt"/>
        <line num="27" count="0" type="stmt"/>
        <line num="32" count="15" type="stmt"/>
      </file>
    </package>
    <package name="src.database.repositories.Pivots">
      <metrics statements="17" coveredstatements="3" conditionals="0" coveredconditionals="0" methods="10" coveredmethods="0"/>
      <file name="PivotsRepository.ts" path="/home/henrique/SoilWeb/packages/backend/src/database/repositories/Pivots/PivotsRepository.ts">
        <metrics statements="16" coveredstatements="2" conditionals="0" coveredconditionals="0" methods="10" coveredmethods="0"/>
        <line num="1" count="15" type="stmt"/>
        <line num="10" count="0" type="stmt"/>
        <line num="17" count="0" type="stmt"/>
        <line num="23" count="0" type="stmt"/>
        <line num="27" count="0" type="stmt"/>
        <line num="31" count="0" type="stmt"/>
        <line num="35" count="0" type="stmt"/>
        <line num="42" count="0" type="stmt"/>
        <line num="49" count="0" type="stmt"/>
        <line num="56" count="0" type="stmt"/>
        <line num="61" count="0" type="stmt"/>
        <line num="65" count="0" type="stmt"/>
        <line num="70" count="0" type="stmt"/>
        <line num="74" count="0" type="stmt"/>
        <line num="79" count="0" type="stmt"/>
        <line num="83" count="15" type="stmt"/>
      </file>
      <file name="index.ts" path="/home/henrique/SoilWeb/packages/backend/src/database/repositories/Pivots/index.ts">
        <metrics statements="1" coveredstatements="1" conditionals="0" coveredconditionals="0" methods="0" coveredmethods="0"/>
        <line num="1" count="15" type="stmt"/>
      </file>
    </package>
    <package name="src.database.repositories.Pivots.get-by-id">
      <metrics statements="3" coveredstatements="2" conditionals="0" coveredconditionals="0" methods="1" coveredmethods="0"/>
      <file name="index.ts" path="/home/henrique/SoilWeb/packages/backend/src/database/repositories/Pivots/get-by-id/index.ts">
        <metrics statements="3" coveredstatements="2" conditionals="0" coveredconditionals="0" methods="1" coveredmethods="0"/>
        <line num="1" count="15" type="stmt"/>
        <line num="7" count="0" type="stmt"/>
        <line num="14" count="15" type="stmt"/>
      </file>
    </package>
    <package name="src.database.repositories.Pump">
      <metrics statements="10" coveredstatements="2" conditionals="0" coveredconditionals="0" methods="6" coveredmethods="0"/>
      <file name="PumpRepository.ts" path="/home/henrique/SoilWeb/packages/backend/src/database/repositories/Pump/PumpRepository.ts">
        <metrics statements="10" coveredstatements="2" conditionals="0" coveredconditionals="0" methods="6" coveredmethods="0"/>
        <line num="1" count="15" type="stmt"/>
        <line num="7" count="0" type="stmt"/>
        <line num="13" count="0" type="stmt"/>
        <line num="20" count="0" type="stmt"/>
        <line num="24" count="0" type="stmt"/>
        <line num="28" count="0" type="stmt"/>
        <line num="32" count="0" type="stmt"/>
        <line num="39" count="0" type="stmt"/>
        <line num="44" count="0" type="stmt"/>
        <line num="49" count="15" type="stmt"/>
      </file>
    </package>
    <package name="src.database.repositories.RadioVariables">
      <metrics statements="4" coveredstatements="2" conditionals="0" coveredconditionals="0" methods="2" coveredmethods="0"/>
      <file name="RadioVariablesRepository.ts" path="/home/henrique/SoilWeb/packages/backend/src/database/repositories/RadioVariables/RadioVariablesRepository.ts">
        <metrics statements="4" coveredstatements="2" conditionals="0" coveredconditionals="0" methods="2" coveredmethods="0"/>
        <line num="1" count="15" type="stmt"/>
        <line num="9" count="0" type="stmt"/>
        <line num="18" count="0" type="stmt"/>
        <line num="24" count="15" type="stmt"/>
      </file>
    </package>
    <package name="src.database.repositories.Scheduling">
      <metrics statements="10" coveredstatements="2" conditionals="0" coveredconditionals="0" methods="6" coveredmethods="0"/>
      <file name="SchedulingRepository.ts" path="/home/henrique/SoilWeb/packages/backend/src/database/repositories/Scheduling/SchedulingRepository.ts">
        <metrics statements="10" coveredstatements="2" conditionals="0" coveredconditionals="0" methods="6" coveredmethods="0"/>
        <line num="1" count="15" type="stmt"/>
        <line num="7" count="0" type="stmt"/>
        <line num="14" count="0" type="stmt"/>
        <line num="22" count="0" type="stmt"/>
        <line num="28" count="0" type="stmt"/>
        <line num="32" count="0" type="stmt"/>
        <line num="36" count="0" type="stmt"/>
        <line num="45" count="0" type="stmt"/>
        <line num="50" count="0" type="stmt"/>
        <line num="54" count="15" type="stmt"/>
      </file>
    </package>
    <package name="src.database.repositories.SchedulingAngle">
      <metrics statements="10" coveredstatements="2" conditionals="0" coveredconditionals="0" methods="6" coveredmethods="0"/>
      <file name="SchedulingAngleRepository.ts" path="/home/henrique/SoilWeb/packages/backend/src/database/repositories/SchedulingAngle/SchedulingAngleRepository.ts">
        <metrics statements="10" coveredstatements="2" conditionals="0" coveredconditionals="0" methods="6" coveredmethods="0"/>
        <line num="1" count="15" type="stmt"/>
        <line num="7" count="0" type="stmt"/>
        <line num="16" count="0" type="stmt"/>
        <line num="24" count="0" type="stmt"/>
        <line num="30" count="0" type="stmt"/>
        <line num="36" count="0" type="stmt"/>
        <line num="42" count="0" type="stmt"/>
        <line num="51" count="0" type="stmt"/>
        <line num="55" count="0" type="stmt"/>
        <line num="59" count="15" type="stmt"/>
      </file>
    </package>
    <package name="src.database.repositories.SchedulingAngleHist">
      <metrics statements="11" coveredstatements="2" conditionals="0" coveredconditionals="0" methods="7" coveredmethods="0"/>
      <file name="SchedulingAngleHistRepository.ts" path="/home/henrique/SoilWeb/packages/backend/src/database/repositories/SchedulingAngleHist/SchedulingAngleHistRepository.ts">
        <metrics statements="11" coveredstatements="2" conditionals="0" coveredconditionals="0" methods="7" coveredmethods="0"/>
        <line num="1" count="15" type="stmt"/>
        <line num="7" count="0" type="stmt"/>
        <line num="16" count="0" type="stmt"/>
        <line num="24" count="0" type="stmt"/>
        <line num="31" count="0" type="stmt"/>
        <line num="37" count="0" type="stmt"/>
        <line num="43" count="0" type="stmt"/>
        <line num="50" count="0" type="stmt"/>
        <line num="59" count="0" type="stmt"/>
        <line num="63" count="0" type="stmt"/>
        <line num="67" count="15" type="stmt"/>
      </file>
    </package>
    <package name="src.database.repositories.SchedulingHistory">
      <metrics statements="11" coveredstatements="2" conditionals="0" coveredconditionals="0" methods="7" coveredmethods="0"/>
      <file name="SchedulingHistoryRepository.ts" path="/home/henrique/SoilWeb/packages/backend/src/database/repositories/SchedulingHistory/SchedulingHistoryRepository.ts">
        <metrics statements="11" coveredstatements="2" conditionals="0" coveredconditionals="0" methods="7" coveredmethods="0"/>
        <line num="1" count="15" type="stmt"/>
        <line num="7" count="0" type="stmt"/>
        <line num="14" count="0" type="stmt"/>
        <line num="21" count="0" type="stmt"/>
        <line num="29" count="0" type="stmt"/>
        <line num="35" count="0" type="stmt"/>
        <line num="39" count="0" type="stmt"/>
        <line num="43" count="0" type="stmt"/>
        <line num="52" count="0" type="stmt"/>
        <line num="57" count="0" type="stmt"/>
        <line num="61" count="15" type="stmt"/>
      </file>
    </package>
    <package name="src.database.repositories.States">
      <metrics statements="10" coveredstatements="2" conditionals="0" coveredconditionals="0" methods="7" coveredmethods="0"/>
      <file name="StatesRepository.ts" path="/home/henrique/SoilWeb/packages/backend/src/database/repositories/States/StatesRepository.ts">
        <metrics statements="10" coveredstatements="2" conditionals="0" coveredconditionals="0" methods="7" coveredmethods="0"/>
        <line num="1" count="15" type="stmt"/>
        <line num="8" count="0" type="stmt"/>
        <line num="16" count="0" type="stmt"/>
        <line num="26" count="0" type="stmt"/>
        <line num="30" count="0" type="stmt"/>
        <line num="36" count="0" type="stmt"/>
        <line num="46" count="0" type="stmt"/>
        <line num="58" count="0" type="stmt"/>
        <line num="74" count="0" type="stmt"/>
        <line num="90" count="15" type="stmt"/>
      </file>
    </package>
    <package name="src.database.repositories.States.get-variables-by-state">
      <metrics statements="4" coveredstatements="2" conditionals="0" coveredconditionals="0" methods="1" coveredmethods="0"/>
      <file name="index.ts" path="/home/henrique/SoilWeb/packages/backend/src/database/repositories/States/get-variables-by-state/index.ts">
        <metrics statements="4" coveredstatements="2" conditionals="0" coveredconditionals="0" methods="1" coveredmethods="0"/>
        <line num="1" count="12" type="stmt"/>
        <line num="9" count="0" type="stmt"/>
        <line num="22" count="0" type="stmt"/>
        <line num="26" count="12" type="stmt"/>
      </file>
    </package>
    <package name="src.database.repositories.StatesVariables">
      <metrics statements="7" coveredstatements="2" conditionals="0" coveredconditionals="0" methods="4" coveredmethods="0"/>
      <file name="StatesVariablesRepository.ts" path="/home/henrique/SoilWeb/packages/backend/src/database/repositories/StatesVariables/StatesVariablesRepository.ts">
        <metrics statements="7" coveredstatements="2" conditionals="0" coveredconditionals="0" methods="4" coveredmethods="0"/>
        <line num="1" count="15" type="stmt"/>
        <line num="9" count="0" type="stmt"/>
        <line num="18" count="0" type="stmt"/>
        <line num="22" count="0" type="stmt"/>
        <line num="28" count="0" type="stmt"/>
        <line num="38" count="0" type="stmt"/>
        <line num="45" count="15" type="stmt"/>
      </file>
    </package>
    <package name="src.database.repositories.base">
      <metrics statements="7" coveredstatements="7" conditionals="0" coveredconditionals="0" methods="0" coveredmethods="0"/>
      <file name="index.ts" path="/home/henrique/SoilWeb/packages/backend/src/database/repositories/base/index.ts">
        <metrics statements="7" coveredstatements="7" conditionals="0" coveredconditionals="0" methods="0" coveredmethods="0"/>
        <line num="1" count="15" type="stmt"/>
        <line num="2" count="15" type="stmt"/>
        <line num="3" count="15" type="stmt"/>
        <line num="4" count="15" type="stmt"/>
        <line num="5" count="15" type="stmt"/>
        <line num="6" count="15" type="stmt"/>
        <line num="7" count="15" type="stmt"/>
      </file>
    </package>
    <package name="src.database.repositories.base.create">
      <metrics statements="9" coveredstatements="7" conditionals="0" coveredconditionals="0" methods="1" coveredmethods="1"/>
      <file name="index.ts" path="/home/henrique/SoilWeb/packages/backend/src/database/repositories/base/create/index.ts">
        <metrics statements="9" coveredstatements="7" conditionals="0" coveredconditionals="0" methods="1" coveredmethods="1"/>
        <line num="1" count="15" type="stmt"/>
        <line num="3" count="15" type="stmt"/>
        <line num="4" count="15" type="stmt"/>
        <line num="11" count="28" type="stmt"/>
        <line num="12" count="28" type="stmt"/>
        <line num="13" count="28" type="stmt"/>
        <line num="15" count="0" type="stmt"/>
        <line num="21" count="0" type="stmt"/>
        <line num="26" count="15" type="stmt"/>
      </file>
    </package>
    <package name="src.database.repositories.base.delete">
      <metrics statements="9" coveredstatements="7" conditionals="0" coveredconditionals="0" methods="1" coveredmethods="1"/>
      <file name="index.ts" path="/home/henrique/SoilWeb/packages/backend/src/database/repositories/base/delete/index.ts">
        <metrics statements="9" coveredstatements="7" conditionals="0" coveredconditionals="0" methods="1" coveredmethods="1"/>
        <line num="1" count="15" type="stmt"/>
        <line num="3" count="15" type="stmt"/>
        <line num="4" count="15" type="stmt"/>
        <line num="12" count="11" type="stmt"/>
        <line num="13" count="11" type="stmt"/>
        <line num="15" count="11" type="stmt"/>
        <line num="17" count="0" type="stmt"/>
        <line num="23" count="0" type="stmt"/>
        <line num="28" count="15" type="stmt"/>
      </file>
    </package>
    <package name="src.database.repositories.base.get-all-by-data">
      <metrics statements="9" coveredstatements="4" conditionals="0" coveredconditionals="0" methods="1" coveredmethods="0"/>
      <file name="index.ts" path="/home/henrique/SoilWeb/packages/backend/src/database/repositories/base/get-all-by-data/index.ts">
        <metrics statements="9" coveredstatements="4" conditionals="0" coveredconditionals="0" methods="1" coveredmethods="0"/>
        <line num="1" count="15" type="stmt"/>
        <line num="3" count="15" type="stmt"/>
        <line num="4" count="15" type="stmt"/>
        <line num="12" count="0" type="stmt"/>
        <line num="14" count="0" type="stmt"/>
        <line num="20" count="0" type="stmt"/>
        <line num="22" count="0" type="stmt"/>
        <line num="23" count="0" type="stmt"/>
        <line num="27" count="15" type="stmt"/>
      </file>
    </package>
    <package name="src.database.repositories.base.getAll">
      <metrics statements="9" coveredstatements="7" conditionals="0" coveredconditionals="0" methods="1" coveredmethods="1"/>
      <file name="index.ts" path="/home/henrique/SoilWeb/packages/backend/src/database/repositories/base/getAll/index.ts">
        <metrics statements="9" coveredstatements="7" conditionals="0" coveredconditionals="0" methods="1" coveredmethods="1"/>
        <line num="1" count="15" type="stmt"/>
        <line num="3" count="15" type="stmt"/>
        <line num="4" count="15" type="stmt"/>
        <line num="8" count="9" type="stmt"/>
        <line num="9" count="9" type="stmt"/>
        <line num="10" count="9" type="stmt"/>
        <line num="12" count="0" type="stmt"/>
        <line num="18" count="0" type="stmt"/>
        <line num="23" count="15" type="stmt"/>
      </file>
    </package>
    <package name="src.database.repositories.base.getByData">
      <metrics statements="9" coveredstatements="7" conditionals="0" coveredconditionals="0" methods="1" coveredmethods="1"/>
      <file name="index.ts" path="/home/henrique/SoilWeb/packages/backend/src/database/repositories/base/getByData/index.ts">
        <metrics statements="9" coveredstatements="7" conditionals="0" coveredconditionals="0" methods="1" coveredmethods="1"/>
        <line num="1" count="15" type="stmt"/>
        <line num="3" count="15" type="stmt"/>
        <line num="4" count="15" type="stmt"/>
        <line num="12" count="32" type="stmt"/>
        <line num="13" count="32" type="stmt"/>
        <line num="17" count="32" type="stmt"/>
        <line num="19" count="0" type="stmt"/>
        <line num="25" count="0" type="stmt"/>
        <line num="30" count="15" type="stmt"/>
      </file>
    </package>
    <package name="src.database.repositories.base.getById">
      <metrics statements="9" coveredstatements="7" conditionals="0" coveredconditionals="0" methods="1" coveredmethods="1"/>
      <file name="index.ts" path="/home/henrique/SoilWeb/packages/backend/src/database/repositories/base/getById/index.ts">
        <metrics statements="9" coveredstatements="7" conditionals="0" coveredconditionals="0" methods="1" coveredmethods="1"/>
        <line num="1" count="15" type="stmt"/>
        <line num="3" count="15" type="stmt"/>
        <line num="4" count="15" type="stmt"/>
        <line num="12" count="52" type="stmt"/>
        <line num="13" count="52" type="stmt"/>
        <line num="15" count="52" type="stmt"/>
        <line num="17" count="0" type="stmt"/>
        <line num="23" count="0" type="stmt"/>
        <line num="28" count="15" type="stmt"/>
      </file>
    </package>
    <package name="src.database.repositories.base.update">
      <metrics statements="9" coveredstatements="7" conditionals="0" coveredconditionals="0" methods="1" coveredmethods="1"/>
      <file name="index.ts" path="/home/henrique/SoilWeb/packages/backend/src/database/repositories/base/update/index.ts">
        <metrics statements="9" coveredstatements="7" conditionals="0" coveredconditionals="0" methods="1" coveredmethods="1"/>
        <line num="1" count="15" type="stmt"/>
        <line num="3" count="15" type="stmt"/>
        <line num="4" count="15" type="stmt"/>
        <line num="13" count="2" type="stmt"/>
        <line num="14" count="2" type="stmt"/>
        <line num="19" count="2" type="stmt"/>
        <line num="21" count="0" type="stmt"/>
        <line num="27" count="0" type="stmt"/>
        <line num="32" count="15" type="stmt"/>
      </file>
    </package>
    <package name="src.protocols.middlewares">
      <metrics statements="16" coveredstatements="16" conditionals="3" coveredconditionals="1" methods="2" coveredmethods="2"/>
      <file name="auth.ts" path="/home/henrique/SoilWeb/packages/backend/src/protocols/middlewares/auth.ts">
        <metrics statements="16" coveredstatements="16" conditionals="3" coveredconditionals="1" methods="2" coveredmethods="2"/>
        <line num="1" count="12" type="stmt"/>
        <line num="3" count="12" type="stmt"/>
        <line num="24" count="12" type="stmt"/>
        <line num="25" count="708" type="stmt"/>
        <line num="31" count="102" type="cond" truecount="1" falsecount="1"/>
        <line num="33" count="102" type="stmt"/>
        <line num="34" count="102" type="cond" truecount="0" falsecount="1"/>
        <line num="36" count="102" type="stmt"/>
        <line num="37" count="102" type="stmt"/>
        <line num="39" count="91" type="stmt"/>
        <line num="40" count="91" type="stmt"/>
        <line num="42" count="91" type="stmt"/>
        <line num="43" count="91" type="stmt"/>
        <line num="45" count="11" type="stmt"/>
        <line num="51" count="11" type="stmt"/>
        <line num="56" count="12" type="stmt"/>
      </file>
    </package>
    <package name="src.useCases.data">
      <metrics statements="3" coveredstatements="3" conditionals="0" coveredconditionals="0" methods="0" coveredmethods="0"/>
      <file name="index.ts" path="/home/henrique/SoilWeb/packages/backend/src/useCases/data/index.ts">
        <metrics statements="3" coveredstatements="3" conditionals="0" coveredconditionals="0" methods="0" coveredmethods="0"/>
        <line num="1" count="12" type="stmt"/>
        <line num="2" count="12" type="stmt"/>
        <line num="3" count="12" type="stmt"/>
      </file>
    </package>
    <package name="src.useCases.data.Actions.CreateAction">
      <metrics statements="53" coveredstatements="10" conditionals="14" coveredconditionals="0" methods="8" coveredmethods="0"/>
      <file name="CreateActionController.ts" path="/home/henrique/SoilWeb/packages/backend/src/useCases/data/Actions/CreateAction/CreateActionController.ts">
        <metrics statements="13" coveredstatements="4" conditionals="0" coveredconditionals="0" methods="1" coveredmethods="0"/>
        <line num="2" count="12" type="stmt"/>
        <line num="3" count="12" type="stmt"/>
        <line num="4" count="12" type="stmt"/>
        <line num="15" count="0" type="stmt"/>
        <line num="16" count="0" type="stmt"/>
        <line num="18" count="0" type="stmt"/>
        <line num="19" count="0" type="stmt"/>
        <line num="28" count="0" type="stmt"/>
        <line num="29" count="0" type="stmt"/>
        <line num="35" count="0" type="stmt"/>
        <line num="37" count="0" type="stmt"/>
        <line num="43" count="0" type="stmt"/>
        <line num="48" count="12" type="stmt"/>
      </file>
      <file name="CreateActionUseCase.ts" path="/home/henrique/SoilWeb/packages/backend/src/useCases/data/Actions/CreateAction/CreateActionUseCase.ts">
        <metrics statements="40" coveredstatements="6" conditionals="14" coveredconditionals="0" methods="7" coveredmethods="0"/>
        <line num="4" count="12" type="stmt"/>
        <line num="11" count="12" type="stmt"/>
        <line num="12" count="12" type="stmt"/>
        <line num="13" count="12" type="stmt"/>
        <line num="16" count="12" type="stmt"/>
        <line num="18" count="0" type="stmt"/>
        <line num="19" count="0" type="stmt"/>
        <line num="20" count="0" type="stmt"/>
        <line num="21" count="0" type="stmt"/>
        <line num="22" count="0" type="stmt"/>
        <line num="26" count="0" type="stmt"/>
        <line num="27" count="0" type="stmt"/>
        <line num="29" count="0" type="stmt"/>
        <line num="39" count="0" type="stmt"/>
        <line num="40" count="0" type="stmt"/>
        <line num="42" count="0" type="stmt"/>
        <line num="52" count="0" type="stmt"/>
        <line num="53" count="0" type="stmt"/>
        <line num="59" count="0" type="stmt"/>
        <line num="69" count="0" type="stmt"/>
        <line num="70" count="0" type="stmt"/>
        <line num="72" count="0" type="stmt"/>
        <line num="82" count="0" type="stmt"/>
        <line num="83" count="0" type="stmt"/>
        <line num="85" count="0" type="stmt"/>
        <line num="101" count="0" type="cond" truecount="0" falsecount="2"/>
        <line num="104" count="0" type="stmt"/>
        <line num="106" count="0" type="cond" truecount="0" falsecount="1"/>
        <line num="107" count="0" type="stmt"/>
        <line num="115" count="0" type="stmt"/>
        <line num="121" count="0" type="cond" truecount="0" falsecount="1"/>
        <line num="123" count="0" type="stmt"/>
        <line num="124" count="0" type="cond" truecount="0" falsecount="1"/>
        <line num="126" count="0" type="stmt"/>
        <line num="127" count="0" type="cond" truecount="0" falsecount="1"/>
        <line num="129" count="0" type="stmt"/>
        <line num="131" count="0" type="stmt"/>
        <line num="136" count="0" type="stmt"/>
        <line num="153" count="0" type="cond" truecount="0" falsecount="2"/>
        <line num="162" count="12" type="stmt"/>
      </file>
    </package>
    <package name="src.useCases.data.Actions.DeleteAction">
      <metrics statements="27" coveredstatements="8" conditionals="1" coveredconditionals="0" methods="5" coveredmethods="0"/>
      <file name="DeleteACtionUseCase.ts" path="/home/henrique/SoilWeb/packages/backend/src/useCases/data/Actions/DeleteAction/DeleteACtionUseCase.ts">
        <metrics statements="17" coveredstatements="4" conditionals="1" coveredconditionals="0" methods="4" coveredmethods="0"/>
        <line num="1" count="12" type="stmt"/>
        <line num="3" count="12" type="stmt"/>
        <line num="6" count="12" type="stmt"/>
        <line num="8" count="0" type="stmt"/>
        <line num="12" count="0" type="stmt"/>
        <line num="13" count="0" type="stmt"/>
        <line num="15" count="0" type="stmt"/>
        <line num="25" count="0" type="stmt"/>
        <line num="26" count="0" type="stmt"/>
        <line num="28" count="0" type="stmt"/>
        <line num="38" count="0" type="stmt"/>
        <line num="40" count="0" type="cond" truecount="0" falsecount="1"/>
        <line num="42" count="0" type="stmt"/>
        <line num="44" count="0" type="stmt"/>
        <line num="45" count="0" type="stmt"/>
        <line num="46" count="0" type="stmt"/>
        <line num="50" count="12" type="stmt"/>
      </file>
      <file name="DeleteActionController.ts" path="/home/henrique/SoilWeb/packages/backend/src/useCases/data/Actions/DeleteAction/DeleteActionController.ts">
        <metrics statements="10" coveredstatements="4" conditionals="0" coveredconditionals="0" methods="1" coveredmethods="0"/>
        <line num="2" count="12" type="stmt"/>
        <line num="3" count="12" type="stmt"/>
        <line num="4" count="12" type="stmt"/>
        <line num="8" count="0" type="stmt"/>
        <line num="9" count="0" type="stmt"/>
        <line num="10" count="0" type="stmt"/>
        <line num="11" count="0" type="stmt"/>
        <line num="13" count="0" type="stmt"/>
        <line num="15" count="0" type="stmt"/>
        <line num="25" count="12" type="stmt"/>
      </file>
    </package>
    <package name="src.useCases.data.Actions.DeleteAllActions">
      <metrics statements="26" coveredstatements="8" conditionals="3" coveredconditionals="0" methods="5" coveredmethods="0"/>
      <file name="DeleteALlActionController.ts" path="/home/henrique/SoilWeb/packages/backend/src/useCases/data/Actions/DeleteAllActions/DeleteALlActionController.ts">
        <metrics statements="10" coveredstatements="4" conditionals="2" coveredconditionals="0" methods="1" coveredmethods="0"/>
        <line num="2" count="12" type="stmt"/>
        <line num="3" count="12" type="stmt"/>
        <line num="4" count="12" type="stmt"/>
        <line num="8" count="0" type="stmt"/>
        <line num="9" count="0" type="stmt"/>
        <line num="10" count="0" type="stmt"/>
        <line num="11" count="0" type="stmt"/>
        <line num="13" count="0" type="cond" truecount="0" falsecount="2"/>
        <line num="15" count="0" type="stmt"/>
        <line num="25" count="12" type="stmt"/>
      </file>
      <file name="DeleteAllActionsByAuthorUseCase.ts" path="/home/henrique/SoilWeb/packages/backend/src/useCases/data/Actions/DeleteAllActions/DeleteAllActionsByAuthorUseCase.ts">
        <metrics statements="16" coveredstatements="4" conditionals="1" coveredconditionals="0" methods="4" coveredmethods="0"/>
        <line num="1" count="12" type="stmt"/>
        <line num="3" count="12" type="stmt"/>
        <line num="6" count="12" type="stmt"/>
        <line num="8" count="0" type="stmt"/>
        <line num="9" count="0" type="stmt"/>
        <line num="13" count="0" type="stmt"/>
        <line num="14" count="0" type="stmt"/>
        <line num="16" count="0" type="stmt"/>
        <line num="26" count="0" type="stmt"/>
        <line num="27" count="0" type="stmt"/>
        <line num="29" count="0" type="stmt"/>
        <line num="39" count="0" type="stmt"/>
        <line num="41" count="0" type="cond" truecount="0" falsecount="1"/>
        <line num="43" count="0" type="stmt"/>
        <line num="45" count="0" type="stmt"/>
        <line num="49" count="12" type="stmt"/>
      </file>
    </package>
    <package name="src.useCases.data.Actions.GetAllActions">
      <metrics statements="19" coveredstatements="8" conditionals="0" coveredconditionals="0" methods="4" coveredmethods="0"/>
      <file name="GetAllActionUseCase.ts" path="/home/henrique/SoilWeb/packages/backend/src/useCases/data/Actions/GetAllActions/GetAllActionUseCase.ts">
        <metrics statements="9" coveredstatements="4" conditionals="0" coveredconditionals="0" methods="3" coveredmethods="0"/>
        <line num="1" count="12" type="stmt"/>
        <line num="3" count="12" type="stmt"/>
        <line num="6" count="12" type="stmt"/>
        <line num="8" count="0" type="stmt"/>
        <line num="12" count="0" type="stmt"/>
        <line num="13" count="0" type="stmt"/>
        <line num="15" count="0" type="stmt"/>
        <line num="25" count="0" type="stmt"/>
        <line num="29" count="12" type="stmt"/>
      </file>
      <file name="GetAllActionsController.ts" path="/home/henrique/SoilWeb/packages/backend/src/useCases/data/Actions/GetAllActions/GetAllActionsController.ts">
        <metrics statements="10" coveredstatements="4" conditionals="0" coveredconditionals="0" methods="1" coveredmethods="0"/>
        <line num="2" count="12" type="stmt"/>
        <line num="3" count="12" type="stmt"/>
        <line num="4" count="12" type="stmt"/>
        <line num="8" count="0" type="stmt"/>
        <line num="9" count="0" type="stmt"/>
        <line num="10" count="0" type="stmt"/>
        <line num="12" count="0" type="stmt"/>
        <line num="14" count="0" type="stmt"/>
        <line num="20" count="0" type="stmt"/>
        <line num="25" count="12" type="stmt"/>
      </file>
    </package>
    <package name="src.useCases.data.Cycles.GetCycles">
      <metrics statements="84" coveredstatements="17" conditionals="23" coveredconditionals="0" methods="7" coveredmethods="0"/>
      <file name="GetCycleController.ts" path="/home/henrique/SoilWeb/packages/backend/src/useCases/data/Cycles/GetCycles/GetCycleController.ts">
        <metrics statements="11" coveredstatements="4" conditionals="0" coveredconditionals="0" methods="1" coveredmethods="0"/>
        <line num="2" count="12" type="stmt"/>
        <line num="3" count="12" type="stmt"/>
        <line num="4" count="12" type="stmt"/>
        <line num="8" count="0" type="stmt"/>
        <line num="10" count="0" type="stmt"/>
        <line num="12" count="0" type="stmt"/>
        <line num="13" count="0" type="stmt"/>
        <line num="14" count="0" type="stmt"/>
        <line num="16" count="0" type="stmt"/>
        <line num="17" count="0" type="stmt"/>
        <line num="22" count="12" type="stmt"/>
      </file>
      <file name="GetCyclesUseCase.ts" path="/home/henrique/SoilWeb/packages/backend/src/useCases/data/Cycles/GetCycles/GetCyclesUseCase.ts">
        <metrics statements="73" coveredstatements="13" conditionals="23" coveredconditionals="0" methods="6" coveredmethods="0"/>
        <line num="1" count="12" type="stmt"/>
        <line num="2" count="12" type="stmt"/>
        <line num="6" count="12" type="stmt"/>
        <line num="7" count="12" type="stmt"/>
        <line num="8" count="12" type="stmt"/>
        <line num="9" count="12" type="stmt"/>
        <line num="10" count="12" type="stmt"/>
        <line num="11" count="12" type="stmt"/>
        <line num="13" count="12" type="stmt"/>
        <line num="14" count="12" type="stmt"/>
        <line num="15" count="12" type="stmt"/>
        <line num="38" count="12" type="stmt"/>
        <line num="43" count="0" type="stmt"/>
        <line num="49" count="0" type="stmt"/>
        <line num="51" count="0" type="stmt"/>
        <line num="53" count="0" type="stmt"/>
        <line num="54" count="0" type="stmt"/>
        <line num="58" count="0" type="stmt"/>
        <line num="59" count="0" type="stmt"/>
        <line num="61" count="0" type="stmt"/>
        <line num="75" count="0" type="stmt"/>
        <line num="76" count="0" type="stmt"/>
        <line num="78" count="0" type="stmt"/>
        <line num="88" count="0" type="stmt"/>
        <line num="89" count="0" type="stmt"/>
        <line num="96" count="0" type="stmt"/>
        <line num="103" count="0" type="stmt"/>
        <line num="104" count="0" type="stmt"/>
        <line num="106" count="0" type="stmt"/>
        <line num="118" count="0" type="cond" truecount="0" falsecount="4"/>
        <line num="119" count="0" type="stmt"/>
        <line num="120" count="0" type="stmt"/>
        <line num="121" count="0" type="stmt"/>
        <line num="122" count="0" type="stmt"/>
        <line num="124" count="0" type="stmt"/>
        <line num="125" count="0" type="cond" truecount="0" falsecount="2"/>
        <line num="126" count="0" type="cond" truecount="0" falsecount="2"/>
        <line num="127" count="0" type="stmt"/>
        <line num="128" count="0" type="stmt"/>
        <line num="129" count="0" type="stmt"/>
        <line num="137" count="0" type="stmt"/>
        <line num="138" count="0" type="stmt"/>
        <line num="139" count="0" type="stmt"/>
        <line num="144" count="0" type="stmt"/>
        <line num="153" count="0" type="cond" truecount="0" falsecount="1"/>
        <line num="154" count="0" type="stmt"/>
        <line num="155" count="0" type="stmt"/>
        <line num="156" count="0" type="stmt"/>
        <line num="157" count="0" type="stmt"/>
        <line num="162" count="0" type="stmt"/>
        <line num="172" count="0" type="stmt"/>
        <line num="176" count="0" type="cond" truecount="0" falsecount="1"/>
        <line num="178" count="0" type="stmt"/>
        <line num="179" count="0" type="stmt"/>
        <line num="181" count="0" type="stmt"/>
        <line num="182" count="0" type="cond" truecount="0" falsecount="2"/>
        <line num="183" count="0" type="cond" truecount="0" falsecount="2"/>
        <line num="187" count="0" type="stmt"/>
        <line num="190" count="0" type="stmt"/>
        <line num="192" count="0" type="cond" truecount="0" falsecount="4"/>
        <line num="193" count="0" type="stmt"/>
        <line num="194" count="0" type="stmt"/>
        <line num="198" count="0" type="cond" truecount="0" falsecount="2"/>
        <line num="204" count="0" type="stmt"/>
        <line num="210" count="0" type="stmt"/>
        <line num="215" count="0" type="stmt"/>
        <line num="217" count="0" type="stmt"/>
        <line num="221" count="0" type="stmt"/>
        <line num="222" count="0" type="stmt"/>
        <line num="228" count="0" type="cond" truecount="0" falsecount="1"/>
        <line num="229" count="0" type="stmt"/>
        <line num="234" count="0" type="stmt"/>
        <line num="239" count="12" type="stmt"/>
      </file>
    </package>
    <package name="src.useCases.data.Cycles.GetLastCycles">
      <metrics statements="29" coveredstatements="7" conditionals="4" coveredconditionals="0" methods="4" coveredmethods="0"/>
      <file name="GetLastCycleUseCase.ts" path="/home/henrique/SoilWeb/packages/backend/src/useCases/data/Cycles/GetLastCycles/GetLastCycleUseCase.ts">
        <metrics statements="18" coveredstatements="4" conditionals="4" coveredconditionals="0" methods="3" coveredmethods="0"/>
        <line num="1" count="12" type="stmt"/>
        <line num="6" count="12" type="stmt"/>
        <line num="9" count="12" type="stmt"/>
        <line num="11" count="0" type="stmt"/>
        <line num="13" count="0" type="stmt"/>
        <line num="17" count="0" type="stmt"/>
        <line num="18" count="0" type="stmt"/>
        <line num="20" count="0" type="stmt"/>
        <line num="30" count="0" type="stmt"/>
        <line num="32" count="0" type="cond" truecount="0" falsecount="1"/>
        <line num="33" count="0" type="cond" truecount="0" falsecount="1"/>
        <line num="34" count="0" type="stmt"/>
        <line num="36" count="0" type="cond" truecount="0" falsecount="1"/>
        <line num="37" count="0" type="stmt"/>
        <line num="43" count="0" type="cond" truecount="0" falsecount="1"/>
        <line num="44" count="0" type="stmt"/>
        <line num="48" count="0" type="stmt"/>
        <line num="52" count="12" type="stmt"/>
      </file>
      <file name="GetLastCyclesController.ts" path="/home/henrique/SoilWeb/packages/backend/src/useCases/data/Cycles/GetLastCycles/GetLastCyclesController.ts">
        <metrics statements="11" coveredstatements="3" conditionals="0" coveredconditionals="0" methods="1" coveredmethods="0"/>
        <line num="2" count="12" type="stmt"/>
        <line num="3" count="12" type="stmt"/>
        <line num="7" count="0" type="stmt"/>
        <line num="9" count="0" type="stmt"/>
        <line num="11" count="0" type="stmt"/>
        <line num="12" count="0" type="stmt"/>
        <line num="13" count="0" type="stmt"/>
        <line num="15" count="0" type="stmt"/>
        <line num="16" count="0" type="stmt"/>
        <line num="17" count="0" type="stmt"/>
        <line num="22" count="12" type="stmt"/>
      </file>
    </package>
    <package name="src.useCases.data.Farms">
      <metrics statements="6" coveredstatements="6" conditionals="0" coveredconditionals="0" methods="0" coveredmethods="0"/>
      <file name="index.ts" path="/home/henrique/SoilWeb/packages/backend/src/useCases/data/Farms/index.ts">
        <metrics statements="6" coveredstatements="6" conditionals="0" coveredconditionals="0" methods="0" coveredmethods="0"/>
        <line num="1" count="12" type="stmt"/>
        <line num="2" count="12" type="stmt"/>
        <line num="3" count="12" type="stmt"/>
        <line num="4" count="12" type="stmt"/>
        <line num="5" count="12" type="stmt"/>
        <line num="6" count="12" type="stmt"/>
      </file>
    </package>
    <package name="src.useCases.data.Farms.CreateFarms">
      <metrics statements="42" coveredstatements="42" conditionals="16" coveredconditionals="16" methods="5" coveredmethods="5"/>
      <file name="CreateFarmController.ts" path="/home/henrique/SoilWeb/packages/backend/src/useCases/data/Farms/CreateFarms/CreateFarmController.ts">
        <metrics statements="14" coveredstatements="14" conditionals="2" coveredconditionals="2" methods="1" coveredmethods="1"/>
        <line num="1" count="12" type="stmt"/>
        <line num="3" count="12" type="stmt"/>
        <line num="5" count="12" type="stmt"/>
        <line num="6" count="12" type="stmt"/>
        <line num="17" count="18" type="stmt"/>
        <line num="19" count="18" type="cond" truecount="2" falsecount="0"/>
        <line num="20" count="1" type="stmt"/>
        <line num="22" count="17" type="stmt"/>
        <line num="24" count="17" type="stmt"/>
        <line num="25" count="17" type="stmt"/>
        <line num="33" count="8" type="stmt"/>
        <line num="35" count="9" type="stmt"/>
        <line num="41" count="9" type="stmt"/>
        <line num="47" count="12" type="stmt"/>
      </file>
      <file name="CreateFarmUseCase.ts" path="/home/henrique/SoilWeb/packages/backend/src/useCases/data/Farms/CreateFarms/CreateFarmUseCase.ts">
        <metrics statements="28" coveredstatements="28" conditionals="14" coveredconditionals="14" methods="4" coveredmethods="4"/>
        <line num="1" count="24" type="stmt"/>
        <line num="3" count="24" type="stmt"/>
        <line num="7" count="24" type="stmt"/>
        <line num="16" count="24" type="stmt"/>
        <line num="19" count="24" type="stmt"/>
        <line num="21" count="18" type="stmt"/>
        <line num="23" count="18" type="stmt"/>
        <line num="27" count="37" type="stmt"/>
        <line num="28" count="37" type="cond" truecount="2" falsecount="0"/>
        <line num="29" count="37" type="stmt"/>
        <line num="35" count="2" type="stmt"/>
        <line num="42" count="2" type="stmt"/>
        <line num="47" count="14" type="stmt"/>
        <line num="48" count="14" type="stmt"/>
        <line num="50" count="1" type="stmt"/>
        <line num="51" count="1" type="stmt"/>
        <line num="57" count="24" type="stmt"/>
        <line num="65" count="20" type="stmt"/>
        <line num="70" count="20" type="cond" truecount="2" falsecount="0"/>
        <line num="71" count="19" type="cond" truecount="2" falsecount="0"/>
        <line num="73" count="17" type="stmt"/>
        <line num="77" count="17" type="cond" truecount="2" falsecount="0"/>
        <line num="78" count="16" type="cond" truecount="2" falsecount="0"/>
        <line num="80" count="14" type="stmt"/>
        <line num="91" count="14" type="cond" truecount="2" falsecount="0"/>
        <line num="92" count="13" type="cond" truecount="2" falsecount="0"/>
        <line num="93" count="12" type="stmt"/>
        <line num="99" count="24" type="stmt"/>
      </file>
    </package>
    <package name="src.useCases.data.Farms.DeleteFarm">
      <metrics statements="37" coveredstatements="37" conditionals="13" coveredconditionals="13" methods="5" coveredmethods="5"/>
      <file name="DeleteFarmController.ts" path="/home/henrique/SoilWeb/packages/backend/src/useCases/data/Farms/DeleteFarm/DeleteFarmController.ts">
        <metrics statements="14" coveredstatements="14" conditionals="2" coveredconditionals="2" methods="1" coveredmethods="1"/>
        <line num="2" count="12" type="stmt"/>
        <line num="3" count="12" type="stmt"/>
        <line num="4" count="12" type="stmt"/>
        <line num="5" count="12" type="stmt"/>
        <line num="9" count="11" type="stmt"/>
        <line num="10" count="11" type="cond" truecount="2" falsecount="0"/>
        <line num="11" count="1" type="stmt"/>
        <line num="13" count="10" type="stmt"/>
        <line num="15" count="10" type="stmt"/>
        <line num="16" count="10" type="stmt"/>
        <line num="18" count="7" type="stmt"/>
        <line num="20" count="3" type="stmt"/>
        <line num="26" count="3" type="stmt"/>
        <line num="32" count="12" type="stmt"/>
      </file>
      <file name="DeleteFarmUseCase.ts" path="/home/henrique/SoilWeb/packages/backend/src/useCases/data/Farms/DeleteFarm/DeleteFarmUseCase.ts">
        <metrics statements="23" coveredstatements="23" conditionals="11" coveredconditionals="11" methods="4" coveredmethods="4"/>
        <line num="2" count="24" type="stmt"/>
        <line num="4" count="24" type="stmt"/>
        <line num="6" count="24" type="stmt"/>
        <line num="14" count="24" type="stmt"/>
        <line num="16" count="11" type="stmt"/>
        <line num="17" count="11" type="stmt"/>
        <line num="21" count="16" type="stmt"/>
        <line num="22" count="16" type="stmt"/>
        <line num="28" count="1" type="stmt"/>
        <line num="34" count="1" type="stmt"/>
        <line num="39" count="13" type="stmt"/>
        <line num="40" count="13" type="stmt"/>
        <line num="46" count="1" type="stmt"/>
        <line num="47" count="1" type="stmt"/>
        <line num="54" count="18" type="cond" truecount="4" falsecount="0"/>
        <line num="55" count="2" type="stmt"/>
        <line num="57" count="16" type="stmt"/>
        <line num="59" count="16" type="cond" truecount="2" falsecount="0"/>
        <line num="60" count="15" type="cond" truecount="1" falsecount="0"/>
        <line num="62" count="13" type="stmt"/>
        <line num="64" count="13" type="cond" truecount="2" falsecount="0"/>
        <line num="65" count="12" type="cond" truecount="2" falsecount="0"/>
        <line num="70" count="24" type="stmt"/>
      </file>
    </package>
    <package name="src.useCases.data.Farms.GetAllfarms">
      <metrics statements="27" coveredstatements="25" conditionals="6" coveredconditionals="6" methods="4" coveredmethods="4"/>
      <file name="GetAllFarmsController.ts" path="/home/henrique/SoilWeb/packages/backend/src/useCases/data/Farms/GetAllfarms/GetAllFarmsController.ts">
        <metrics statements="13" coveredstatements="11" conditionals="2" coveredconditionals="2" methods="1" coveredmethods="1"/>
        <line num="1" count="12" type="stmt"/>
        <line num="3" count="12" type="stmt"/>
        <line num="4" count="12" type="stmt"/>
        <line num="5" count="12" type="stmt"/>
        <line num="9" count="5" type="cond" truecount="2" falsecount="0"/>
        <line num="10" count="1" type="stmt"/>
        <line num="12" count="4" type="stmt"/>
        <line num="13" count="4" type="stmt"/>
        <line num="14" count="4" type="stmt"/>
        <line num="16" count="4" type="stmt"/>
        <line num="18" count="0" type="stmt"/>
        <line num="24" count="0" type="stmt"/>
        <line num="30" count="12" type="stmt"/>
      </file>
      <file name="GetAllFarmsUseCase.ts" path="/home/henrique/SoilWeb/packages/backend/src/useCases/data/Farms/GetAllfarms/GetAllFarmsUseCase.ts">
        <metrics statements="14" coveredstatements="14" conditionals="4" coveredconditionals="4" methods="3" coveredmethods="3"/>
        <line num="1" count="24" type="stmt"/>
        <line num="6" count="24" type="stmt"/>
        <line num="7" count="24" type="stmt"/>
        <line num="13" count="24" type="stmt"/>
        <line num="15" count="5" type="stmt"/>
        <line num="19" count="11" type="stmt"/>
        <line num="20" count="11" type="stmt"/>
        <line num="22" count="1" type="stmt"/>
        <line num="28" count="1" type="stmt"/>
        <line num="33" count="11" type="stmt"/>
        <line num="35" count="11" type="cond" truecount="2" falsecount="0"/>
        <line num="36" count="10" type="cond" truecount="2" falsecount="0"/>
        <line num="37" count="9" type="stmt"/>
        <line num="41" count="24" type="stmt"/>
      </file>
    </package>
    <package name="src.useCases.data.Farms.GetFarmByUserController">
      <metrics statements="38" coveredstatements="38" conditionals="10" coveredconditionals="10" methods="5" coveredmethods="5"/>
      <file name="GetFarmByUserUseCase.ts" path="/home/henrique/SoilWeb/packages/backend/src/useCases/data/Farms/GetFarmByUserController/GetFarmByUserUseCase.ts">
        <metrics statements="24" coveredstatements="24" conditionals="8" coveredconditionals="8" methods="4" coveredmethods="4"/>
        <line num="5" count="24" type="stmt"/>
        <line num="11" count="24" type="stmt"/>
        <line num="12" count="24" type="stmt"/>
        <line num="15" count="24" type="stmt"/>
        <line num="18" count="24" type="stmt"/>
        <line num="20" count="9" type="stmt"/>
        <line num="21" count="9" type="stmt"/>
        <line num="25" count="11" type="stmt"/>
        <line num="26" count="11" type="stmt"/>
        <line num="28" count="1" type="stmt"/>
        <line num="34" count="1" type="stmt"/>
        <line num="38" count="14" type="stmt"/>
        <line num="39" count="14" type="stmt"/>
        <line num="45" count="1" type="stmt"/>
        <line num="51" count="1" type="stmt"/>
        <line num="56" count="24" type="stmt"/>
        <line num="59" count="14" type="stmt"/>
        <line num="63" count="14" type="cond" truecount="2" falsecount="0"/>
        <line num="64" count="13" type="cond" truecount="2" falsecount="0"/>
        <line num="66" count="11" type="stmt"/>
        <line num="70" count="11" type="cond" truecount="2" falsecount="0"/>
        <line num="71" count="10" type="cond" truecount="2" falsecount="0"/>
        <line num="72" count="9" type="stmt"/>
        <line num="77" count="24" type="stmt"/>
      </file>
      <file name="GetFarmsByUserController.ts" path="/home/henrique/SoilWeb/packages/backend/src/useCases/data/Farms/GetFarmByUserController/GetFarmsByUserController.ts">
        <metrics statements="14" coveredstatements="14" conditionals="2" coveredconditionals="2" methods="1" coveredmethods="1"/>
        <line num="1" count="12" type="stmt"/>
        <line num="3" count="12" type="stmt"/>
        <line num="4" count="12" type="stmt"/>
        <line num="8" count="9" type="stmt"/>
        <line num="10" count="9" type="cond" truecount="2" falsecount="0"/>
        <line num="11" count="1" type="stmt"/>
        <line num="13" count="8" type="stmt"/>
        <line num="15" count="8" type="stmt"/>
        <line num="16" count="8" type="stmt"/>
        <line num="20" count="4" type="stmt"/>
        <line num="22" count="4" type="stmt"/>
        <line num="23" count="4" type="stmt"/>
        <line num="24" count="4" type="stmt"/>
        <line num="30" count="12" type="stmt"/>
      </file>
    </package>
    <package name="src.useCases.data.Farms.GetOneFarm">
      <metrics statements="30" coveredstatements="30" conditionals="10" coveredconditionals="10" methods="4" coveredmethods="4"/>
      <file name="GetOneFarmController.ts" path="/home/henrique/SoilWeb/packages/backend/src/useCases/data/Farms/GetOneFarm/GetOneFarmController.ts">
        <metrics statements="14" coveredstatements="14" conditionals="2" coveredconditionals="2" methods="1" coveredmethods="1"/>
        <line num="2" count="12" type="stmt"/>
        <line num="3" count="12" type="stmt"/>
        <line num="4" count="12" type="stmt"/>
        <line num="5" count="12" type="stmt"/>
        <line num="9" count="5" type="stmt"/>
        <line num="11" count="5" type="cond" truecount="2" falsecount="0"/>
        <line num="12" count="1" type="stmt"/>
        <line num="14" count="4" type="stmt"/>
        <line num="16" count="4" type="stmt"/>
        <line num="17" count="4" type="stmt"/>
        <line num="21" count="1" type="stmt"/>
        <line num="23" count="3" type="stmt"/>
        <line num="29" count="3" type="stmt"/>
        <line num="35" count="12" type="stmt"/>
      </file>
      <file name="GetOneFarmsuseCase.ts" path="/home/henrique/SoilWeb/packages/backend/src/useCases/data/Farms/GetOneFarm/GetOneFarmsuseCase.ts">
        <metrics statements="16" coveredstatements="16" conditionals="8" coveredconditionals="8" methods="3" coveredmethods="3"/>
        <line num="1" count="24" type="stmt"/>
        <line num="2" count="24" type="stmt"/>
        <line num="3" count="24" type="stmt"/>
        <line num="14" count="24" type="stmt"/>
        <line num="16" count="5" type="stmt"/>
        <line num="20" count="7" type="stmt"/>
        <line num="21" count="7" type="stmt"/>
        <line num="27" count="1" type="stmt"/>
        <line num="28" count="1" type="stmt"/>
        <line num="35" count="9" type="cond" truecount="4" falsecount="0"/>
        <line num="36" count="2" type="stmt"/>
        <line num="38" count="7" type="stmt"/>
        <line num="39" count="7" type="cond" truecount="2" falsecount="0"/>
        <line num="40" count="6" type="cond" truecount="2" falsecount="0"/>
        <line num="41" count="4" type="stmt"/>
        <line num="46" count="24" type="stmt"/>
      </file>
    </package>
    <package name="src.useCases.data.Farms.UpdateFarm">
      <metrics statements="49" coveredstatements="49" conditionals="26" coveredconditionals="26" methods="6" coveredmethods="6"/>
      <file name="UpdateFarmUseCase.ts" path="/home/henrique/SoilWeb/packages/backend/src/useCases/data/Farms/UpdateFarm/UpdateFarmUseCase.ts">
        <metrics statements="35" coveredstatements="35" conditionals="24" coveredconditionals="24" methods="5" coveredmethods="5"/>
        <line num="1" count="24" type="stmt"/>
        <line num="2" count="24" type="stmt"/>
        <line num="3" count="24" type="stmt"/>
        <line num="4" count="24" type="stmt"/>
        <line num="14" count="24" type="stmt"/>
        <line num="17" count="24" type="stmt"/>
        <line num="19" count="22" type="stmt"/>
        <line num="20" count="22" type="stmt"/>
        <line num="24" count="25" type="stmt"/>
        <line num="25" count="25" type="cond" truecount="2" falsecount="0"/>
        <line num="26" count="25" type="stmt"/>
        <line num="28" count="2" type="stmt"/>
        <line num="34" count="2" type="stmt"/>
        <line num="39" count="7" type="stmt"/>
        <line num="40" count="7" type="stmt"/>
        <line num="47" count="1" type="stmt"/>
        <line num="48" count="1" type="stmt"/>
        <line num="53" count="12" type="cond" truecount="2" falsecount="0"/>
        <line num="61" count="2" type="stmt"/>
        <line num="62" count="10" type="stmt"/>
        <line num="67" count="24" type="stmt"/>
        <line num="75" count="15" type="stmt"/>
        <line num="80" count="15" type="cond" truecount="2" falsecount="0"/>
        <line num="81" count="14" type="cond" truecount="2" falsecount="0"/>
        <line num="83" count="12" type="stmt"/>
        <line num="95" count="12" type="cond" truecount="2" falsecount="0"/>
        <line num="96" count="2" type="stmt"/>
        <line num="103" count="10" type="stmt"/>
        <line num="104" count="10" type="cond" truecount="2" falsecount="0"/>
        <line num="105" count="9" type="cond" truecount="2" falsecount="0"/>
        <line num="110" count="7" type="stmt"/>
        <line num="112" count="7" type="cond" truecount="2" falsecount="0"/>
        <line num="113" count="6" type="cond" truecount="2" falsecount="0"/>
        <line num="114" count="5" type="stmt"/>
        <line num="121" count="24" type="stmt"/>
      </file>
      <file name="UpdateFarmsController.ts" path="/home/henrique/SoilWeb/packages/backend/src/useCases/data/Farms/UpdateFarm/UpdateFarmsController.ts">
        <metrics statements="14" coveredstatements="14" conditionals="2" coveredconditionals="2" methods="1" coveredmethods="1"/>
        <line num="2" count="12" type="stmt"/>
        <line num="3" count="12" type="stmt"/>
        <line num="4" count="12" type="stmt"/>
        <line num="6" count="12" type="stmt"/>
        <line num="17" count="12" type="stmt"/>
        <line num="19" count="12" type="cond" truecount="2" falsecount="0"/>
        <line num="20" count="1" type="stmt"/>
        <line num="22" count="11" type="stmt"/>
        <line num="23" count="11" type="stmt"/>
        <line num="24" count="11" type="stmt"/>
        <line num="33" count="1" type="stmt"/>
        <line num="35" count="10" type="stmt"/>
        <line num="41" count="10" type="stmt"/>
        <line num="47" count="12" type="stmt"/>
      </file>
    </package>
    <package name="src.useCases.data.Nodes">
      <metrics statements="6" coveredstatements="6" conditionals="0" coveredconditionals="0" methods="0" coveredmethods="0"/>
      <file name="index.ts" path="/home/henrique/SoilWeb/packages/backend/src/useCases/data/Nodes/index.ts">
        <metrics statements="6" coveredstatements="6" conditionals="0" coveredconditionals="0" methods="0" coveredmethods="0"/>
        <line num="1" count="12" type="stmt"/>
        <line num="2" count="12" type="stmt"/>
        <line num="3" count="12" type="stmt"/>
        <line num="4" count="12" type="stmt"/>
        <line num="5" count="12" type="stmt"/>
        <line num="6" count="12" type="stmt"/>
      </file>
    </package>
    <package name="src.useCases.data.Nodes.CreateNode">
      <metrics statements="38" coveredstatements="38" conditionals="21" coveredconditionals="21" methods="3" coveredmethods="3"/>
      <file name="CreateNodeController.ts" path="/home/henrique/SoilWeb/packages/backend/src/useCases/data/Nodes/CreateNode/CreateNodeController.ts">
        <metrics statements="15" coveredstatements="15" conditionals="6" coveredconditionals="6" methods="1" coveredmethods="1"/>
        <line num="1" count="12" type="stmt"/>
        <line num="3" count="12" type="stmt"/>
        <line num="4" count="12" type="stmt"/>
        <line num="8" count="9" type="stmt"/>
        <line num="10" count="9" type="stmt"/>
        <line num="11" count="9" type="cond" truecount="4" falsecount="0"/>
        <line num="12" count="1" type="stmt"/>
        <line num="14" count="8" type="stmt"/>
        <line num="16" count="8" type="stmt"/>
        <line num="17" count="8" type="stmt"/>
        <line num="24" count="2" type="stmt"/>
        <line num="26" count="6" type="stmt"/>
        <line num="27" count="6" type="stmt"/>
        <line num="28" count="6" type="stmt"/>
        <line num="34" count="12" type="stmt"/>
      </file>
      <file name="CreateNodeUseCase.ts" path="/home/henrique/SoilWeb/packages/backend/src/useCases/data/Nodes/CreateNode/CreateNodeUseCase.ts">
        <metrics statements="23" coveredstatements="23" conditionals="15" coveredconditionals="15" methods="2" coveredmethods="2"/>
        <line num="2" count="25" type="stmt"/>
        <line num="3" count="25" type="stmt"/>
        <line num="9" count="25" type="stmt"/>
        <line num="16" count="25" type="stmt"/>
        <line num="24" count="25" type="stmt"/>
        <line num="26" count="20" type="stmt"/>
        <line num="27" count="20" type="stmt"/>
        <line num="28" count="20" type="stmt"/>
        <line num="34" count="25" type="stmt"/>
        <line num="35" count="17" type="stmt"/>
        <line num="37" count="17" type="stmt"/>
        <line num="43" count="17" type="cond" truecount="2" falsecount="0"/>
        <line num="44" count="16" type="cond" truecount="1" falsecount="0"/>
        <line num="46" count="13" type="stmt"/>
        <line num="48" count="13" type="cond" truecount="2" falsecount="0"/>
        <line num="49" count="12" type="cond" truecount="2" falsecount="0"/>
        <line num="51" count="10" type="stmt"/>
        <line num="53" count="10" type="stmt"/>
        <line num="60" count="10" type="stmt"/>
        <line num="65" count="10" type="cond" truecount="2" falsecount="0"/>
        <line num="66" count="9" type="cond" truecount="2" falsecount="0"/>
        <line num="67" count="8" type="stmt"/>
        <line num="72" count="25" type="stmt"/>
      </file>
    </package>
    <package name="src.useCases.data.Nodes.DeleteNode">
      <metrics statements="28" coveredstatements="19" conditionals="8" coveredconditionals="7" methods="3" coveredmethods="2"/>
      <file name="DeleteNodeController.ts" path="/home/henrique/SoilWeb/packages/backend/src/useCases/data/Nodes/DeleteNode/DeleteNodeController.ts">
        <metrics statements="14" coveredstatements="5" conditionals="1" coveredconditionals="0" methods="1" coveredmethods="0"/>
        <line num="1" count="12" type="stmt"/>
        <line num="3" count="12" type="stmt"/>
        <line num="4" count="12" type="stmt"/>
        <line num="5" count="12" type="stmt"/>
        <line num="9" count="0" type="stmt"/>
        <line num="11" count="0" type="cond" truecount="0" falsecount="1"/>
        <line num="12" count="0" type="stmt"/>
        <line num="15" count="0" type="stmt"/>
        <line num="17" count="0" type="stmt"/>
        <line num="18" count="0" type="stmt"/>
        <line num="20" count="0" type="stmt"/>
        <line num="22" count="0" type="stmt"/>
        <line num="28" count="0" type="stmt"/>
        <line num="33" count="12" type="stmt"/>
      </file>
      <file name="DeleteNodeUseCase.ts" path="/home/henrique/SoilWeb/packages/backend/src/useCases/data/Nodes/DeleteNode/DeleteNodeUseCase.ts">
        <metrics statements="14" coveredstatements="14" conditionals="7" coveredconditionals="7" methods="2" coveredmethods="2"/>
        <line num="1" count="25" type="stmt"/>
        <line num="3" count="25" type="stmt"/>
        <line num="8" count="25" type="stmt"/>
        <line num="12" count="25" type="stmt"/>
        <line num="14" count="1" type="stmt"/>
        <line num="15" count="1" type="stmt"/>
        <line num="19" count="25" type="stmt"/>
        <line num="22" count="8" type="stmt"/>
        <line num="28" count="8" type="cond" truecount="2" falsecount="0"/>
        <line num="29" count="7" type="cond" truecount="1" falsecount="0"/>
        <line num="31" count="6" type="stmt"/>
        <line num="37" count="6" type="cond" truecount="2" falsecount="0"/>
        <line num="38" count="5" type="cond" truecount="2" falsecount="0"/>
        <line num="42" count="25" type="stmt"/>
      </file>
    </package>
    <package name="src.useCases.data.Nodes.GetAllByFarmId">
      <metrics statements="27" coveredstatements="17" conditionals="8" coveredconditionals="7" methods="3" coveredmethods="2"/>
      <file name="GetAllByFarmIdController.ts" path="/home/henrique/SoilWeb/packages/backend/src/useCases/data/Nodes/GetAllByFarmId/GetAllByFarmIdController.ts">
        <metrics statements="14" coveredstatements="4" conditionals="1" coveredconditionals="0" methods="1" coveredmethods="0"/>
        <line num="1" count="12" type="stmt"/>
        <line num="3" count="12" type="stmt"/>
        <line num="4" count="12" type="stmt"/>
        <line num="8" count="0" type="stmt"/>
        <line num="10" count="0" type="cond" truecount="0" falsecount="1"/>
        <line num="11" count="0" type="stmt"/>
        <line num="13" count="0" type="stmt"/>
        <line num="15" count="0" type="stmt"/>
        <line num="16" count="0" type="stmt"/>
        <line num="20" count="0" type="stmt"/>
        <line num="22" count="0" type="stmt"/>
        <line num="23" count="0" type="stmt"/>
        <line num="24" count="0" type="stmt"/>
        <line num="29" count="12" type="stmt"/>
      </file>
      <file name="GetAllByFarmIdUseCase.ts" path="/home/henrique/SoilWeb/packages/backend/src/useCases/data/Nodes/GetAllByFarmId/GetAllByFarmIdUseCase.ts">
        <metrics statements="13" coveredstatements="13" conditionals="7" coveredconditionals="7" methods="2" coveredmethods="2"/>
        <line num="5" count="24" type="stmt"/>
        <line num="10" count="24" type="stmt"/>
        <line num="16" count="24" type="stmt"/>
        <line num="19" count="8" type="stmt"/>
        <line num="20" count="8" type="stmt"/>
        <line num="26" count="8" type="stmt"/>
        <line num="32" count="8" type="cond" truecount="2" falsecount="0"/>
        <line num="33" count="7" type="cond" truecount="1" falsecount="0"/>
        <line num="35" count="6" type="stmt"/>
        <line num="41" count="6" type="cond" truecount="2" falsecount="0"/>
        <line num="42" count="5" type="cond" truecount="2" falsecount="0"/>
        <line num="43" count="4" type="stmt"/>
        <line num="47" count="24" type="stmt"/>
      </file>
    </package>
    <package name="src.useCases.data.Nodes.GetByNumByFarm">
      <metrics statements="25" coveredstatements="16" conditionals="5" coveredconditionals="4" methods="3" coveredmethods="2"/>
      <file name="GetByNumByFarmController.ts" path="/home/henrique/SoilWeb/packages/backend/src/useCases/data/Nodes/GetByNumByFarm/GetByNumByFarmController.ts">
        <metrics statements="14" coveredstatements="5" conditionals="1" coveredconditionals="0" methods="1" coveredmethods="0"/>
        <line num="1" count="12" type="stmt"/>
        <line num="3" count="12" type="stmt"/>
        <line num="4" count="12" type="stmt"/>
        <line num="5" count="12" type="stmt"/>
        <line num="9" count="0" type="stmt"/>
        <line num="11" count="0" type="cond" truecount="0" falsecount="1"/>
        <line num="12" count="0" type="stmt"/>
        <line num="15" count="0" type="stmt"/>
        <line num="17" count="0" type="stmt"/>
        <line num="18" count="0" type="stmt"/>
        <line num="23" count="0" type="stmt"/>
        <line num="25" count="0" type="stmt"/>
        <line num="31" count="0" type="stmt"/>
        <line num="36" count="12" type="stmt"/>
      </file>
      <file name="GetByNumByFarmUseCase.ts" path="/home/henrique/SoilWeb/packages/backend/src/useCases/data/Nodes/GetByNumByFarm/GetByNumByFarmUseCase.ts">
        <metrics statements="11" coveredstatements="11" conditionals="4" coveredconditionals="4" methods="2" coveredmethods="2"/>
        <line num="2" count="25" type="stmt"/>
        <line num="8" count="25" type="stmt"/>
        <line num="9" count="25" type="stmt"/>
        <line num="12" count="25" type="stmt"/>
        <line num="14" count="5" type="stmt"/>
        <line num="18" count="25" type="stmt"/>
        <line num="22" count="5" type="stmt"/>
        <line num="24" count="5" type="cond" truecount="2" falsecount="0"/>
        <line num="25" count="4" type="cond" truecount="2" falsecount="0"/>
        <line num="26" count="3" type="stmt"/>
        <line num="30" count="25" type="stmt"/>
      </file>
    </package>
    <package name="src.useCases.data.Nodes.GetOneNode">
      <metrics statements="25" coveredstatements="16" conditionals="5" coveredconditionals="4" methods="3" coveredmethods="2"/>
      <file name="GetOneNodeController.ts" path="/home/henrique/SoilWeb/packages/backend/src/useCases/data/Nodes/GetOneNode/GetOneNodeController.ts">
        <metrics statements="14" coveredstatements="5" conditionals="1" coveredconditionals="0" methods="1" coveredmethods="0"/>
        <line num="2" count="12" type="stmt"/>
        <line num="3" count="12" type="stmt"/>
        <line num="4" count="12" type="stmt"/>
        <line num="5" count="12" type="stmt"/>
        <line num="9" count="0" type="stmt"/>
        <line num="11" count="0" type="cond" truecount="0" falsecount="1"/>
        <line num="12" count="0" type="stmt"/>
        <line num="15" count="0" type="stmt"/>
        <line num="17" count="0" type="stmt"/>
        <line num="18" count="0" type="stmt"/>
        <line num="22" count="0" type="stmt"/>
        <line num="24" count="0" type="stmt"/>
        <line num="30" count="0" type="stmt"/>
        <line num="35" count="12" type="stmt"/>
      </file>
      <file name="GetOneNodeUseCase.ts" path="/home/henrique/SoilWeb/packages/backend/src/useCases/data/Nodes/GetOneNode/GetOneNodeUseCase.ts">
        <metrics statements="11" coveredstatements="11" conditionals="4" coveredconditionals="4" methods="2" coveredmethods="2"/>
        <line num="2" count="25" type="stmt"/>
        <line num="8" count="25" type="stmt"/>
        <line num="9" count="25" type="stmt"/>
        <line num="12" count="25" type="stmt"/>
        <line num="13" count="5" type="stmt"/>
        <line num="16" count="25" type="stmt"/>
        <line num="19" count="5" type="stmt"/>
        <line num="25" count="5" type="cond" truecount="2" falsecount="0"/>
        <line num="26" count="4" type="cond" truecount="2" falsecount="0"/>
        <line num="27" count="3" type="stmt"/>
        <line num="31" count="25" type="stmt"/>
      </file>
    </package>
    <package name="src.useCases.data.Nodes.UpdateNode">
      <metrics statements="34" coveredstatements="27" conditionals="15" coveredconditionals="15" methods="4" coveredmethods="3"/>
      <file name="UpdateNodeController.ts" path="/home/henrique/SoilWeb/packages/backend/src/useCases/data/Nodes/UpdateNode/UpdateNodeController.ts">
        <metrics statements="11" coveredstatements="4" conditionals="0" coveredconditionals="0" methods="1" coveredmethods="0"/>
        <line num="2" count="12" type="stmt"/>
        <line num="3" count="12" type="stmt"/>
        <line num="4" count="12" type="stmt"/>
        <line num="8" count="0" type="stmt"/>
        <line num="10" count="0" type="stmt"/>
        <line num="12" count="0" type="stmt"/>
        <line num="13" count="0" type="stmt"/>
        <line num="23" count="0" type="stmt"/>
        <line num="25" count="0" type="stmt"/>
        <line num="31" count="0" type="stmt"/>
        <line num="36" count="12" type="stmt"/>
      </file>
      <file name="UpdateNodeUseCase.ts" path="/home/henrique/SoilWeb/packages/backend/src/useCases/data/Nodes/UpdateNode/UpdateNodeUseCase.ts">
        <metrics statements="23" coveredstatements="23" conditionals="15" coveredconditionals="15" methods="3" coveredmethods="3"/>
        <line num="2" count="25" type="stmt"/>
        <line num="9" count="25" type="stmt"/>
        <line num="14" count="25" type="stmt"/>
        <line num="15" count="25" type="stmt"/>
        <line num="19" count="25" type="stmt"/>
        <line num="21" count="9" type="stmt"/>
        <line num="22" count="9" type="stmt"/>
        <line num="26" count="7" type="cond" truecount="2" falsecount="0"/>
        <line num="33" count="1" type="stmt"/>
        <line num="34" count="6" type="stmt"/>
        <line num="40" count="25" type="stmt"/>
        <line num="43" count="9" type="stmt"/>
        <line num="45" count="9" type="stmt"/>
        <line num="51" count="9" type="cond" truecount="2" falsecount="0"/>
        <line num="52" count="8" type="cond" truecount="1" falsecount="0"/>
        <line num="54" count="7" type="stmt"/>
        <line num="56" count="7" type="cond" truecount="1" falsecount="0"/>
        <line num="57" count="1" type="stmt"/>
        <line num="60" count="6" type="stmt"/>
        <line num="67" count="6" type="cond" truecount="2" falsecount="0"/>
        <line num="68" count="5" type="cond" truecount="2" falsecount="0"/>
        <line num="69" count="4" type="stmt"/>
        <line num="73" count="25" type="stmt"/>
      </file>
    </package>
    <package name="src.useCases.data.Pivots.CreatePivots">
      <metrics statements="30" coveredstatements="10" conditionals="1" coveredconditionals="0" methods="5" coveredmethods="0"/>
      <file name="CreatePivotController.ts" path="/home/henrique/SoilWeb/packages/backend/src/useCases/data/Pivots/CreatePivots/CreatePivotController.ts">
        <metrics statements="11" coveredstatements="4" conditionals="0" coveredconditionals="0" methods="1" coveredmethods="0"/>
        <line num="2" count="12" type="stmt"/>
        <line num="3" count="12" type="stmt"/>
        <line num="4" count="12" type="stmt"/>
        <line num="18" count="0" type="stmt"/>
        <line num="20" count="0" type="stmt"/>
        <line num="22" count="0" type="stmt"/>
        <line num="23" count="0" type="stmt"/>
        <line num="35" count="0" type="stmt"/>
        <line num="37" count="0" type="stmt"/>
        <line num="43" count="0" type="stmt"/>
        <line num="48" count="12" type="stmt"/>
      </file>
      <file name="CreatePivotUseCase.ts" path="/home/henrique/SoilWeb/packages/backend/src/useCases/data/Pivots/CreatePivots/CreatePivotUseCase.ts">
        <metrics statements="19" coveredstatements="6" conditionals="1" coveredconditionals="0" methods="4" coveredmethods="0"/>
        <line num="1" count="12" type="stmt"/>
        <line num="2" count="12" type="stmt"/>
        <line num="3" count="12" type="stmt"/>
        <line num="4" count="12" type="stmt"/>
        <line num="7" count="12" type="stmt"/>
        <line num="9" count="0" type="stmt"/>
        <line num="13" count="0" type="stmt"/>
        <line num="14" count="0" type="stmt"/>
        <line num="16" count="0" type="stmt"/>
        <line num="26" count="0" type="stmt"/>
        <line num="27" count="0" type="stmt"/>
        <line num="29" count="0" type="stmt"/>
        <line num="44" count="0" type="stmt"/>
        <line num="46" count="0" type="stmt"/>
[...]
      </file>
      <file name="GetPivotStateUseCase.ts" path="/home/henrique/SoilWeb/packages/backend/src/useCases/data/States/GetPivotState/GetPivotStateUseCase.ts">
        <metrics statements="22" coveredstatements="6" conditionals="19" coveredconditionals="0" methods="4" coveredmethods="0"/>
        <line num="1" count="12" type="stmt"/>
        <line num="5" count="12" type="stmt"/>
        <line num="6" count="12" type="stmt"/>
        <line num="7" count="12" type="stmt"/>
        <line num="10" count="12" type="stmt"/>
        <line num="12" count="0" type="stmt"/>
        <line num="13" count="0" type="stmt"/>
        <line num="17" count="0" type="stmt"/>
        <line num="18" count="0" type="stmt"/>
        <line num="20" count="0" type="stmt"/>
        <line num="30" count="0" type="stmt"/>
        <line num="31" count="0" type="stmt"/>
        <line num="33" count="0" type="stmt"/>
        <line num="43" count="0" type="stmt"/>
        <line num="45" count="0" type="stmt"/>
        <line num="46" count="0" type="stmt"/>
        <line num="48" count="0" type="cond" truecount="0" falsecount="1"/>
        <line num="50" count="0" type="stmt"/>
        <line num="52" count="0" type="cond" truecount="0" falsecount="2"/>
        <line num="53" count="0" type="cond" truecount="0" falsecount="2"/>
        <line num="55" count="0" type="stmt"/>
        <line num="79" count="12" type="stmt"/>
      </file>
    </package>
    <package name="src.useCases.data.User">
      <metrics statements="8" coveredstatements="8" conditionals="0" coveredconditionals="0" methods="0" coveredmethods="0"/>
      <file name="index.ts" path="/home/henrique/SoilWeb/packages/backend/src/useCases/data/User/index.ts">
        <metrics statements="8" coveredstatements="8" conditionals="0" coveredconditionals="0" methods="0" coveredmethods="0"/>
        <line num="1" count="25" type="stmt"/>
        <line num="2" count="25" type="stmt"/>
        <line num="3" count="25" type="stmt"/>
        <line num="4" count="25" type="stmt"/>
        <line num="5" count="25" type="stmt"/>
        <line num="6" count="25" type="stmt"/>
        <line num="7" count="25" type="stmt"/>
        <line num="8" count="25" type="stmt"/>
      </file>
    </package>
    <package name="src.useCases.data.User.AuthSignInUser">
      <metrics statements="38" coveredstatements="38" conditionals="11" coveredconditionals="11" methods="4" coveredmethods="4"/>
      <file name="AuthLoginController.ts" path="/home/henrique/SoilWeb/packages/backend/src/useCases/data/User/AuthSignInUser/AuthLoginController.ts">
        <metrics statements="14" coveredstatements="14" conditionals="2" coveredconditionals="2" methods="1" coveredmethods="1"/>
        <line num="1" count="12" type="stmt"/>
        <line num="3" count="12" type="stmt"/>
        <line num="4" count="12" type="stmt"/>
        <line num="5" count="12" type="stmt"/>
        <line num="9" count="17" type="stmt"/>
        <line num="11" count="17" type="cond" truecount="2" falsecount="0"/>
        <line num="12" count="1" type="stmt"/>
        <line num="14" count="16" type="stmt"/>
        <line num="16" count="16" type="stmt"/>
        <line num="17" count="16" type="stmt"/>
        <line num="19" count="11" type="stmt"/>
        <line num="21" count="5" type="stmt"/>
        <line num="27" count="5" type="stmt"/>
        <line num="33" count="12" type="stmt"/>
      </file>
      <file name="AuthLoginUseCase.ts" path="/home/henrique/SoilWeb/packages/backend/src/useCases/data/User/AuthSignInUser/AuthLoginUseCase.ts">
        <metrics statements="24" coveredstatements="24" conditionals="9" coveredconditionals="9" methods="3" coveredmethods="3"/>
        <line num="2" count="25" type="stmt"/>
        <line num="9" count="25" type="stmt"/>
        <line num="11" count="25" type="stmt"/>
        <line num="14" count="25" type="stmt"/>
        <line num="17" count="25" type="stmt"/>
        <line num="19" count="17" type="stmt"/>
        <line num="20" count="17" type="stmt"/>
        <line num="21" count="17" type="stmt"/>
        <line num="27" count="26" type="stmt"/>
        <line num="28" count="26" type="stmt"/>
        <line num="34" count="1" type="stmt"/>
        <line num="35" count="1" type="stmt"/>
        <line num="40" count="25" type="stmt"/>
        <line num="41" count="26" type="stmt"/>
        <line num="43" count="26" type="cond" truecount="2" falsecount="0"/>
        <line num="44" count="25" type="cond" truecount="2" falsecount="0"/>
        <line num="46" count="23" type="stmt"/>
        <line num="51" count="22" type="cond" truecount="2" falsecount="0"/>
        <line num="52" count="1" type="stmt"/>
        <line num="53" count="21" type="cond" truecount="2" falsecount="0"/>
        <line num="55" count="19" type="stmt"/>
        <line num="56" count="18" type="cond" truecount="1" falsecount="0"/>
        <line num="58" count="17" type="stmt"/>
        <line num="68" count="25" type="stmt"/>
      </file>
    </package>
    <package name="src.useCases.data.User.CreateUser">
      <metrics statements="48" coveredstatements="48" conditionals="13" coveredconditionals="13" methods="5" coveredmethods="5"/>
      <file name="CreateUserController.ts" path="/home/henrique/SoilWeb/packages/backend/src/useCases/data/User/CreateUser/CreateUserController.ts">
        <metrics statements="14" coveredstatements="14" conditionals="2" coveredconditionals="2" methods="1" coveredmethods="1"/>
        <line num="1" count="12" type="stmt"/>
        <line num="3" count="12" type="stmt"/>
        <line num="4" count="12" type="stmt"/>
        <line num="5" count="12" type="stmt"/>
        <line num="13" count="24" type="stmt"/>
        <line num="15" count="24" type="cond" truecount="2" falsecount="0"/>
        <line num="16" count="1" type="stmt"/>
        <line num="18" count="23" type="stmt"/>
        <line num="20" count="23" type="stmt"/>
        <line num="21" count="23" type="stmt"/>
        <line num="27" count="18" type="stmt"/>
        <line num="29" count="5" type="stmt"/>
        <line num="36" count="5" type="stmt"/>
        <line num="42" count="12" type="stmt"/>
      </file>
      <file name="CreateUserUseCase.ts" path="/home/henrique/SoilWeb/packages/backend/src/useCases/data/User/CreateUser/CreateUserUseCase.ts">
        <metrics statements="34" coveredstatements="34" conditionals="11" coveredconditionals="11" methods="4" coveredmethods="4"/>
        <line num="1" count="25" type="stmt"/>
        <line num="2" count="25" type="stmt"/>
        <line num="3" count="25" type="stmt"/>
        <line num="4" count="25" type="stmt"/>
        <line num="14" count="25" type="stmt"/>
        <line num="17" count="25" type="stmt"/>
        <line num="19" count="38" type="stmt"/>
        <line num="20" count="38" type="stmt"/>
        <line num="21" count="38" type="stmt"/>
        <line num="22" count="38" type="stmt"/>
        <line num="28" count="33" type="stmt"/>
        <line num="29" count="33" type="stmt"/>
        <line num="35" count="1" type="stmt"/>
        <line num="36" count="1" type="stmt"/>
        <line num="43" count="30" type="stmt"/>
        <line num="44" count="30" type="stmt"/>
        <line num="46" count="1" type="stmt"/>
        <line num="47" count="1" type="stmt"/>
        <line num="52" count="25" type="stmt"/>
        <line num="55" count="34" type="stmt"/>
        <line num="57" count="34" type="stmt"/>
        <line num="59" count="34" type="cond" truecount="1" falsecount="0"/>
        <line num="61" count="33" type="stmt"/>
        <line num="63" count="33" type="cond" truecount="2" falsecount="0"/>
        <line num="64" count="32" type="cond" truecount="2" falsecount="0"/>
        <line num="66" count="30" type="stmt"/>
        <line num="68" count="30" type="stmt"/>
        <line num="74" count="30" type="stmt"/>
        <line num="76" count="30" type="cond" truecount="2" falsecount="0"/>
        <line num="77" count="29" type="cond" truecount="2" falsecount="0"/>
        <line num="79" count="28" type="stmt"/>
        <line num="80" count="27" type="cond" truecount="2" falsecount="0"/>
        <line num="82" count="26" type="stmt"/>
        <line num="93" count="25" type="stmt"/>
      </file>
    </package>
    <package name="src.useCases.data.User.DeleteUser">
      <metrics statements="37" coveredstatements="37" conditionals="14" coveredconditionals="14" methods="5" coveredmethods="5"/>
      <file name="deleteUserController.ts" path="/home/henrique/SoilWeb/packages/backend/src/useCases/data/User/DeleteUser/deleteUserController.ts">
        <metrics statements="14" coveredstatements="14" conditionals="2" coveredconditionals="2" methods="1" coveredmethods="1"/>
        <line num="2" count="12" type="stmt"/>
        <line num="3" count="12" type="stmt"/>
        <line num="4" count="12" type="stmt"/>
        <line num="5" count="12" type="stmt"/>
        <line num="9" count="8" type="stmt"/>
        <line num="11" count="8" type="cond" truecount="2" falsecount="0"/>
        <line num="12" count="1" type="stmt"/>
        <line num="14" count="7" type="stmt"/>
        <line num="15" count="7" type="stmt"/>
        <line num="17" count="7" type="stmt"/>
        <line num="18" count="4" type="stmt"/>
        <line num="20" count="3" type="stmt"/>
        <line num="26" count="3" type="stmt"/>
        <line num="32" count="12" type="stmt"/>
      </file>
      <file name="deleteUserUseCase.ts" path="/home/henrique/SoilWeb/packages/backend/src/useCases/data/User/DeleteUser/deleteUserUseCase.ts">
        <metrics statements="23" coveredstatements="23" conditionals="12" coveredconditionals="12" methods="4" coveredmethods="4"/>
        <line num="1" count="25" type="stmt"/>
        <line num="7" count="25" type="stmt"/>
        <line num="8" count="25" type="stmt"/>
        <line num="14" count="25" type="stmt"/>
        <line num="16" count="8" type="stmt"/>
        <line num="17" count="8" type="stmt"/>
        <line num="21" count="13" type="stmt"/>
        <line num="22" count="13" type="stmt"/>
        <line num="28" count="1" type="stmt"/>
        <line num="34" count="1" type="stmt"/>
        <line num="39" count="10" type="stmt"/>
        <line num="40" count="10" type="stmt"/>
        <line num="46" count="1" type="stmt"/>
        <line num="47" count="1" type="stmt"/>
        <line num="54" count="15" type="cond" truecount="4" falsecount="0"/>
        <line num="55" count="2" type="stmt"/>
        <line num="57" count="13" type="stmt"/>
        <line num="59" count="13" type="cond" truecount="2" falsecount="0"/>
        <line num="60" count="12" type="cond" truecount="2" falsecount="0"/>
        <line num="62" count="10" type="stmt"/>
        <line num="64" count="10" type="cond" truecount="2" falsecount="0"/>
        <line num="65" count="9" type="cond" truecount="2" falsecount="0"/>
        <line num="71" count="25" type="stmt"/>
      </file>
    </package>
    <package name="src.useCases.data.User.GetAllUsers">
      <metrics statements="27" coveredstatements="27" conditionals="8" coveredconditionals="8" methods="4" coveredmethods="4"/>
      <file name="GetAllUserController.ts" path="/home/henrique/SoilWeb/packages/backend/src/useCases/data/User/GetAllUsers/GetAllUserController.ts">
        <metrics statements="13" coveredstatements="13" conditionals="2" coveredconditionals="2" methods="1" coveredmethods="1"/>
        <line num="1" count="12" type="stmt"/>
        <line num="3" count="12" type="stmt"/>
        <line num="4" count="12" type="stmt"/>
        <line num="5" count="12" type="stmt"/>
        <line num="9" count="6" type="cond" truecount="2" falsecount="0"/>
        <line num="10" count="1" type="stmt"/>
        <line num="12" count="5" type="stmt"/>
        <line num="13" count="5" type="stmt"/>
        <line num="14" count="5" type="stmt"/>
        <line num="15" count="4" type="stmt"/>
        <line num="17" count="1" type="stmt"/>
        <line num="23" count="1" type="stmt"/>
        <line num="29" count="12" type="stmt"/>
      </file>
      <file name="GetAllUserUseCase.ts" path="/home/henrique/SoilWeb/packages/backend/src/useCases/data/User/GetAllUsers/GetAllUserUseCase.ts">
        <metrics statements="14" coveredstatements="14" conditionals="6" coveredconditionals="6" methods="3" coveredmethods="3"/>
        <line num="2" count="25" type="stmt"/>
        <line num="3" count="25" type="stmt"/>
        <line num="4" count="25" type="stmt"/>
        <line num="13" count="25" type="stmt"/>
        <line num="15" count="6" type="stmt"/>
        <line num="19" count="10" type="stmt"/>
        <line num="20" count="10" type="stmt"/>
        <line num="22" count="1" type="stmt"/>
        <line num="23" count="1" type="stmt"/>
        <line num="28" count="10" type="stmt"/>
        <line num="30" count="10" type="cond" truecount="2" falsecount="0"/>
        <line num="31" count="9" type="cond" truecount="4" falsecount="0"/>
        <line num="32" count="7" type="stmt"/>
        <line num="36" count="25" type="stmt"/>
      </file>
    </package>
    <package name="src.useCases.data.User.Updateuser">
      <metrics statements="59" coveredstatements="59" conditionals="28" coveredconditionals="28" methods="7" coveredmethods="7"/>
      <file name="UpdateUserController.ts" path="/home/henrique/SoilWeb/packages/backend/src/useCases/data/User/Updateuser/UpdateUserController.ts">
        <metrics statements="14" coveredstatements="14" conditionals="2" coveredconditionals="2" methods="1" coveredmethods="1"/>
        <line num="2" count="12" type="stmt"/>
        <line num="3" count="12" type="stmt"/>
        <line num="4" count="12" type="stmt"/>
        <line num="5" count="12" type="stmt"/>
        <line num="13" count="8" type="stmt"/>
        <line num="15" count="8" type="cond" truecount="2" falsecount="0"/>
        <line num="16" count="1" type="stmt"/>
        <line num="18" count="7" type="stmt"/>
        <line num="20" count="7" type="stmt"/>
        <line num="21" count="7" type="stmt"/>
        <line num="28" count="1" type="stmt"/>
        <line num="30" count="6" type="stmt"/>
        <line num="36" count="6" type="stmt"/>
        <line num="42" count="12" type="stmt"/>
      </file>
      <file name="UpdateUserUseCase.ts" path="/home/henrique/SoilWeb/packages/backend/src/useCases/data/User/Updateuser/UpdateUserUseCase.ts">
        <metrics statements="45" coveredstatements="45" conditionals="26" coveredconditionals="26" methods="6" coveredmethods="6"/>
        <line num="1" count="25" type="stmt"/>
        <line num="3" count="25" type="stmt"/>
        <line num="5" count="25" type="stmt"/>
        <line num="14" count="25" type="stmt"/>
        <line num="17" count="25" type="stmt"/>
        <line num="22" count="20" type="stmt"/>
        <line num="23" count="20" type="stmt"/>
        <line num="24" count="20" type="stmt"/>
        <line num="25" count="20" type="stmt"/>
        <line num="27" count="20" type="stmt"/>
        <line num="31" count="15" type="stmt"/>
        <line num="32" count="15" type="stmt"/>
        <line num="38" count="1" type="stmt"/>
        <line num="45" count="1" type="stmt"/>
        <line num="50" count="9" type="stmt"/>
        <line num="51" count="9" type="stmt"/>
        <line num="58" count="1" type="stmt"/>
        <line num="59" count="1" type="stmt"/>
        <line num="67" count="12" type="stmt"/>
        <line num="72" count="12" type="cond" truecount="2" falsecount="0"/>
        <line num="73" count="1" type="stmt"/>
        <line num="75" count="11" type="cond" truecount="2" falsecount="0"/>
        <line num="77" count="11" type="cond" truecount="2" falsecount="0"/>
        <line num="82" count="1" type="stmt"/>
        <line num="83" count="10" type="stmt"/>
        <line num="88" count="4" type="stmt"/>
        <line num="92" count="4" type="cond" truecount="2" falsecount="0"/>
        <line num="93" count="1" type="stmt"/>
        <line num="95" count="3" type="stmt"/>
        <line num="100" count="25" type="stmt"/>
        <line num="110" count="15" type="stmt"/>
        <line num="112" count="15" type="cond" truecount="2" falsecount="0"/>
        <line num="113" count="14" type="cond" truecount="2" falsecount="0"/>
        <line num="119" count="12" type="stmt"/>
        <line num="130" count="12" type="cond" truecount="2" falsecount="0"/>
        <line num="131" count="1" type="stmt"/>
        <line num="132" count="11" type="cond" truecount="2" falsecount="0"/>
        <line num="133" count="1" type="stmt"/>
        <line num="139" count="10" type="cond" truecount="1" falsecount="0"/>
        <line num="141" count="9" type="stmt"/>
        <line num="152" count="9" type="stmt"/>
        <line num="154" count="9" type="cond" truecount="2" falsecount="0"/>
        <line num="155" count="8" type="cond" truecount="2" falsecount="0"/>
        <line num="156" count="7" type="stmt"/>
        <line num="162" count="25" type="stmt"/>
      </file>
    </package>
    <package name="src.useCases.data.User.utils.encrypted-password">
      <metrics statements="20" coveredstatements="13" conditionals="0" coveredconditionals="0" methods="3" coveredmethods="3"/>
      <file name="bcrypter-adapter.ts" path="/home/henrique/SoilWeb/packages/backend/src/useCases/data/User/utils/encrypted-password/bcrypter-adapter.ts">
        <metrics statements="9" coveredstatements="6" conditionals="0" coveredconditionals="0" methods="2" coveredmethods="2"/>
        <line num="1" count="25" type="stmt"/>
        <line num="5" count="30" type="stmt"/>
        <line num="7" count="20" type="stmt"/>
        <line num="8" count="20" type="stmt"/>
        <line num="9" count="20" type="stmt"/>
        <line num="11" count="0" type="stmt"/>
        <line num="12" count="0" type="stmt"/>
        <line num="13" count="0" type="stmt"/>
        <line num="18" count="25" type="stmt"/>
      </file>
      <file name="compare-encrypted.ts" path="/home/henrique/SoilWeb/packages/backend/src/useCases/data/User/utils/encrypted-password/compare-encrypted.ts">
        <metrics statements="8" coveredstatements="4" conditionals="0" coveredconditionals="0" methods="1" coveredmethods="1"/>
        <line num="1" count="25" type="stmt"/>
        <line num="9" count="13" type="stmt"/>
        <line num="10" count="13" type="stmt"/>
        <line num="12" count="0" type="stmt"/>
        <line num="13" count="0" type="stmt"/>
        <line num="14" count="0" type="stmt"/>
        <line num="15" count="0" type="stmt"/>
        <line num="20" count="25" type="stmt"/>
      </file>
      <file name="index.ts" path="/home/henrique/SoilWeb/packages/backend/src/useCases/data/User/utils/encrypted-password/index.ts">
        <metrics statements="3" coveredstatements="3" conditionals="0" coveredconditionals="0" methods="0" coveredmethods="0"/>
        <line num="1" count="25" type="stmt"/>
        <line num="2" count="25" type="stmt"/>
        <line num="3" count="25" type="stmt"/>
      </file>
    </package>
    <package name="src.useCases.data.User.utils.token-jwt">
      <metrics statements="8" coveredstatements="6" conditionals="2" coveredconditionals="1" methods="2" coveredmethods="2"/>
      <file name="index.ts" path="/home/henrique/SoilWeb/packages/backend/src/useCases/data/User/utils/token-jwt/index.ts">
        <metrics statements="8" coveredstatements="6" conditionals="2" coveredconditionals="1" methods="2" coveredmethods="2"/>
        <line num="1" count="25" type="stmt"/>
        <line num="6" count="39" type="stmt"/>
        <line num="10" count="29" type="stmt"/>
        <line num="11" count="29" type="stmt"/>
        <line num="21" count="29" type="stmt"/>
        <line num="23" count="0" type="stmt"/>
        <line num="24" count="0" type="stmt"/>
        <line num="29" count="25" type="stmt"/>
      </file>
    </package>
  </project>
</coverage>
