{"/home/henrique/SoilWeb/packages/backend/src/app.ts": {"path":"/home/henrique/SoilWeb/packages/backend/src/app.ts","statementMap":{"0":{"start":{"line":1,"column":0},"end":{"line":1,"column":24}},"1":{"start":{"line":2,"column":0},"end":{"line":2,"column":30}},"2":{"start":{"line":3,"column":0},"end":{"line":3,"column":30}},"3":{"start":{"line":4,"column":0},"end":{"line":4,"column":92}},"4":{"start":{"line":6,"column":12},"end":{"line":6,"column":21}},"5":{"start":{"line":14,"column":9},"end":{"line":14,"column":12}},"6":{"start":{"line":7,"column":29},"end":{"line":7,"column":55}},"7":{"start":{"line":9,"column":0},"end":{"line":9,"column":50}},"8":{"start":{"line":10,"column":0},"end":{"line":10,"column":16}},"9":{"start":{"line":11,"column":0},"end":{"line":11,"column":24}},"10":{"start":{"line":12,"column":0},"end":{"line":12,"column":16}}},"fnMap":{},"branchMap":{},"s":{"0":12,"1":12,"2":12,"3":12,"4":12,"5":12,"6":12,"7":12,"8":12,"9":12,"10":12},"f":{},"b":{}}
,"/home/henrique/SoilWeb/packages/backend/src/knexfile.ts": {"path":"/home/henrique/SoilWeb/packages/backend/src/knexfile.ts","statementMap":{"0":{"start":{"line":2,"column":22},"end":{"line":2,"column":37}},"1":{"start":{"line":3,"column":21},"end":{"line":3,"column":32}},"2":{"start":{"line":4,"column":19},"end":{"line":4,"column":76}},"3":{"start":{"line":6,"column":0},"end":{"line":23,"column":2}}},"fnMap":{},"branchMap":{},"s":{"0":15,"1":15,"2":15,"3":15},"f":{},"b":{}}
,"/home/henrique/SoilWeb/packages/backend/src/database/index.ts": {"path":"/home/henrique/SoilWeb/packages/backend/src/database/index.ts","statementMap":{"0":{"start":{"line":1,"column":0},"end":{"line":1,"column":41}},"1":{"start":{"line":2,"column":0},"end":{"line":2,"column":37}},"2":{"start":{"line":4,"column":14},"end":{"line":15,"column":1}},"3":{"start":{"line":5,"column":2},"end":{"line":14,"column":null}},"4":{"start":{"line":7,"column":6},"end":{"line":7,"column":44}},"5":{"start":{"line":9,"column":6},"end":{"line":9,"column":48}},"6":{"start":{"line":11,"column":6},"end":{"line":11,"column":49}},"7":{"start":{"line":13,"column":6},"end":{"line":13,"column":46}},"8":{"start":{"line":17,"column":30},"end":{"line":17,"column":60}},"9":{"start":{"line":18,"column":13},"end":{"line":18,"column":34}},"10":{"start":{"line":19,"column":0},"end":{"line":19,"column":20}}},"fnMap":{"0":{"name":"(anonymous_1)","decl":{"start":{"line":4,"column":14},"end":{"line":4,"column":17}},"loc":{"start":{"line":4,"column":19},"end":{"line":15,"column":1}}}},"branchMap":{"0":{"loc":{"start":{"line":5,"column":2},"end":{"line":14,"column":null}},"type":"switch","locations":[{"start":{"line":6,"column":4},"end":{"line":7,"column":44}},{"start":{"line":8,"column":4},"end":{"line":9,"column":48}},{"start":{"line":10,"column":4},"end":{"line":11,"column":49}},{"start":{"line":12,"column":4},"end":{"line":13,"column":46}}]},"1":{"loc":{"start":{"line":17,"column":30},"end":{"line":17,"column":60}},"type":"binary-expr","locations":[{"start":{"line":17,"column":30},"end":{"line":17,"column":37}},{"start":{"line":17,"column":41},"end":{"line":17,"column":60}}]}},"s":{"0":15,"1":15,"2":15,"3":15,"4":15,"5":0,"6":0,"7":0,"8":15,"9":15,"10":15},"f":{"0":15},"b":{"0":[15,0,0,0],"1":[15,0]}}
,"/home/henrique/SoilWeb/packages/backend/src/database/model/Farm.ts": {"path":"/home/henrique/SoilWeb/packages/backend/src/database/model/Farm.ts","statementMap":{"0":{"start":{"line":15,"column":9},"end":{"line":15,"column":18}}},"fnMap":{},"branchMap":{},"s":{"0":24},"f":{},"b":{}}
,"/home/henrique/SoilWeb/packages/backend/src/database/model/Node.ts": {"path":"/home/henrique/SoilWeb/packages/backend/src/database/model/Node.ts","statementMap":{"0":{"start":{"line":13,"column":9},"end":{"line":13,"column":18}}},"fnMap":{},"branchMap":{},"s":{"0":26},"f":{},"b":{}}
,"/home/henrique/SoilWeb/packages/backend/src/database/model/Pivot.ts": {"path":"/home/henrique/SoilWeb/packages/backend/src/database/model/Pivot.ts","statementMap":{"0":{"start":{"line":26,"column":9},"end":{"line":26,"column":19}}},"fnMap":{},"branchMap":{},"s":{"0":12},"f":{},"b":{}}
,"/home/henrique/SoilWeb/packages/backend/src/database/model/Pump.ts": {"path":"/home/henrique/SoilWeb/packages/backend/src/database/model/Pump.ts","statementMap":{"0":{"start":{"line":17,"column":9},"end":{"line":17,"column":18}}},"fnMap":{},"branchMap":{},"s":{"0":12},"f":{},"b":{}}
,"/home/henrique/SoilWeb/packages/backend/src/database/model/Scheduling.ts": {"path":"/home/henrique/SoilWeb/packages/backend/src/database/model/Scheduling.ts","statementMap":{"0":{"start":{"line":29,"column":9},"end":{"line":29,"column":24}}},"fnMap":{},"branchMap":{},"s":{"0":12},"f":{},"b":{}}
,"/home/henrique/SoilWeb/packages/backend/src/database/model/SchedulingAngle.ts": {"path":"/home/henrique/SoilWeb/packages/backend/src/database/model/SchedulingAngle.ts","statementMap":{"0":{"start":{"line":27,"column":9},"end":{"line":27,"column":29}}},"fnMap":{},"branchMap":{},"s":{"0":12},"f":{},"b":{}}
,"/home/henrique/SoilWeb/packages/backend/src/database/model/State.ts": {"path":"/home/henrique/SoilWeb/packages/backend/src/database/model/State.ts","statementMap":{"0":{"start":{"line":17,"column":9},"end":{"line":17,"column":19}}},"fnMap":{},"branchMap":{},"s":{"0":12},"f":{},"b":{}}
,"/home/henrique/SoilWeb/packages/backend/src/database/model/User.ts": {"path":"/home/henrique/SoilWeb/packages/backend/src/database/model/User.ts","statementMap":{"0":{"start":{"line":11,"column":9},"end":{"line":11,"column":18}}},"fnMap":{},"branchMap":{},"s":{"0":25},"f":{},"b":{}}
,"/home/henrique/SoilWeb/packages/backend/src/database/repositories/index.ts": {"path":"/home/henrique/SoilWeb/packages/backend/src/database/repositories/index.ts","statementMap":{"0":{"start":{"line":1,"column":0},"end":{"line":1,"column":24}},"1":{"start":{"line":2,"column":0},"end":{"line":2,"column":25}},"2":{"start":{"line":3,"column":0},"end":{"line":3,"column":23}},"3":{"start":{"line":4,"column":0},"end":{"line":4,"column":24}}},"fnMap":{},"branchMap":{},"s":{"0":15,"1":15,"2":15,"3":15},"f":{},"b":{}}
,"/home/henrique/SoilWeb/packages/backend/src/database/repositories/Action/ActionRepository.ts": {"path":"/home/henrique/SoilWeb/packages/backend/src/database/repositories/Action/ActionRepository.ts","statementMap":{"0":{"start":{"line":1,"column":0},"end":{"line":1,"column":25}},"1":{"start":{"line":9,"column":4},"end":{"line":12,"column":15}},"2":{"start":{"line":16,"column":4},"end":{"line":19,"column":15}},"3":{"start":{"line":23,"column":4},"end":{"line":26,"column":71}},"4":{"start":{"line":30,"column":26},"end":{"line":32,"column":21}},"5":{"start":{"line":34,"column":4},"end":{"line":34,"column":25}},"6":{"start":{"line":38,"column":4},"end":{"line":38,"column":80}},"7":{"start":{"line":42,"column":4},"end":{"line":45,"column":13}},"8":{"start":{"line":49,"column":4},"end":{"line":52,"column":13}},"9":{"start":{"line":56,"column":9},"end":{"line":56,"column":25}}},"fnMap":{"0":{"name":"(anonymous_1)","decl":{"start":{"line":8,"column":2},"end":{"line":8,"column":7}},"loc":{"start":{"line":8,"column":37},"end":{"line":13,"column":3}}},"1":{"name":"(anonymous_2)","decl":{"start":{"line":15,"column":2},"end":{"line":15,"column":7}},"loc":{"start":{"line":15,"column":34},"end":{"line":20,"column":3}}},"2":{"name":"(anonymous_3)","decl":{"start":{"line":22,"column":2},"end":{"line":22,"column":7}},"loc":{"start":{"line":22,"column":20},"end":{"line":27,"column":3}}},"3":{"name":"(anonymous_4)","decl":{"start":{"line":29,"column":2},"end":{"line":29,"column":7}},"loc":{"start":{"line":29,"column":35},"end":{"line":35,"column":3}}},"4":{"name":"(anonymous_5)","decl":{"start":{"line":37,"column":2},"end":{"line":37,"column":7}},"loc":{"start":{"line":37,"column":50},"end":{"line":39,"column":3}}},"5":{"name":"(anonymous_6)","decl":{"start":{"line":41,"column":2},"end":{"line":41,"column":7}},"loc":{"start":{"line":41,"column":32},"end":{"line":46,"column":3}}},"6":{"name":"(anonymous_7)","decl":{"start":{"line":48,"column":2},"end":{"line":48,"column":7}},"loc":{"start":{"line":48,"column":45},"end":{"line":53,"column":3}}}},"branchMap":{},"s":{"0":15,"1":0,"2":0,"3":0,"4":0,"5":0,"6":0,"7":0,"8":0,"9":15},"f":{"0":0,"1":0,"2":0,"3":0,"4":0,"5":0,"6":0},"b":{}}
,"/home/henrique/SoilWeb/packages/backend/src/database/repositories/Farms/index.ts": {"path":"/home/henrique/SoilWeb/packages/backend/src/database/repositories/Farms/index.ts","statementMap":{"0":{"start":{"line":1,"column":0},"end":{"line":1,"column":30}}},"fnMap":{},"branchMap":{},"s":{"0":15},"f":{},"b":{}}
,"/home/henrique/SoilWeb/packages/backend/src/database/repositories/Farms/GetByUserId/index.ts": {"path":"/home/henrique/SoilWeb/packages/backend/src/database/repositories/Farms/GetByUserId/index.ts","statementMap":{"0":{"start":{"line":1,"column":0},"end":{"line":1,"column":34}},"1":{"start":{"line":9,"column":18},"end":{"line":9,"column":76}},"2":{"start":{"line":11,"column":4},"end":{"line":11,"column":17}},"3":{"start":{"line":15,"column":9},"end":{"line":15,"column":28}}},"fnMap":{"0":{"name":"(anonymous_1)","decl":{"start":{"line":6,"column":2},"end":{"line":6,"column":7}},"loc":{"start":{"line":8,"column":32},"end":{"line":12,"column":3}}}},"branchMap":{},"s":{"0":15,"1":4,"2":4,"3":15},"f":{"0":4},"b":{}}
,"/home/henrique/SoilWeb/packages/backend/src/database/repositories/Nodes/NodesRepository.ts": {"path":"/home/henrique/SoilWeb/packages/backend/src/database/repositories/Nodes/NodesRepository.ts","statementMap":{"0":{"start":{"line":1,"column":0},"end":{"line":1,"column":25}},"1":{"start":{"line":7,"column":4},"end":{"line":7,"column":78}},"2":{"start":{"line":11,"column":4},"end":{"line":11,"column":79}},"3":{"start":{"line":15,"column":4},"end":{"line":15,"column":70}},"4":{"start":{"line":19,"column":4},"end":{"line":19,"column":78}},"5":{"start":{"line":26,"column":4},"end":{"line":29,"column":15}},"6":{"start":{"line":35,"column":20},"end":{"line":35,"column":78}},"7":{"start":{"line":36,"column":4},"end":{"line":36,"column":22}},"8":{"start":{"line":40,"column":4},"end":{"line":40,"column":76}},"9":{"start":{"line":44,"column":20},"end":{"line":47,"column":21}},"10":{"start":{"line":49,"column":4},"end":{"line":49,"column":22}},"11":{"start":{"line":53,"column":9},"end":{"line":53,"column":24}}},"fnMap":{"0":{"name":"(anonymous_1)","decl":{"start":{"line":6,"column":2},"end":{"line":6,"column":7}},"loc":{"start":{"line":6,"column":44},"end":{"line":8,"column":3}}},"1":{"name":"(anonymous_2)","decl":{"start":{"line":10,"column":2},"end":{"line":10,"column":7}},"loc":{"start":{"line":10,"column":38},"end":{"line":12,"column":3}}},"2":{"name":"(anonymous_3)","decl":{"start":{"line":14,"column":2},"end":{"line":14,"column":7}},"loc":{"start":{"line":14,"column":39},"end":{"line":16,"column":3}}},"3":{"name":"(anonymous_4)","decl":{"start":{"line":18,"column":2},"end":{"line":18,"column":7}},"loc":{"start":{"line":18,"column":37},"end":{"line":20,"column":3}}},"4":{"name":"(anonymous_5)","decl":{"start":{"line":22,"column":2},"end":{"line":22,"column":7}},"loc":{"start":{"line":24,"column":35},"end":{"line":30,"column":3}}},"5":{"name":"(anonymous_6)","decl":{"start":{"line":32,"column":2},"end":{"line":32,"column":7}},"loc":{"start":{"line":33,"column":36},"end":{"line":37,"column":3}}},"6":{"name":"(anonymous_7)","decl":{"start":{"line":39,"column":2},"end":{"line":39,"column":7}},"loc":{"start":{"line":39,"column":42},"end":{"line":41,"column":3}}},"7":{"name":"(anonymous_8)","decl":{"start":{"line":43,"column":2},"end":{"line":43,"column":7}},"loc":{"start":{"line":43,"column":30},"end":{"line":50,"column":3}}}},"branchMap":{},"s":{"0":15,"1":0,"2":0,"3":0,"4":0,"5":0,"6":0,"7":0,"8":0,"9":0,"10":0,"11":15},"f":{"0":0,"1":0,"2":0,"3":0,"4":0,"5":0,"6":0,"7":0},"b":{}}
,"/home/henrique/SoilWeb/packages/backend/src/database/repositories/Nodes/index.ts": {"path":"/home/henrique/SoilWeb/packages/backend/src/database/repositories/Nodes/index.ts","statementMap":{"0":{"start":{"line":1,"column":0},"end":{"line":1,"column":43}}},"fnMap":{},"branchMap":{},"s":{"0":15},"f":{},"b":{}}
,"/home/henrique/SoilWeb/packages/backend/src/database/repositories/Nodes/get-by-farm-and-node-num/index.ts": {"path":"/home/henrique/SoilWeb/packages/backend/src/database/repositories/Nodes/get-by-farm-and-node-num/index.ts","statementMap":{"0":{"start":{"line":1,"column":0},"end":{"line":1,"column":34}},"1":{"start":{"line":4,"column":0},"end":{"line":4,"column":56}},"2":{"start":{"line":5,"column":0},"end":{"line":5,"column":58}},"3":{"start":{"line":12,"column":4},"end":{"line":28,"column":null}},"4":{"start":{"line":13,"column":23},"end":{"line":16,"column":16}},"5":{"start":{"line":18,"column":6},"end":{"line":18,"column":22}},"6":{"start":{"line":20,"column":6},"end":{"line":25,"column":8}},"7":{"start":{"line":27,"column":6},"end":{"line":27,"column":28}},"8":{"start":{"line":32,"column":9},"end":{"line":32,"column":32}}},"fnMap":{"0":{"name":"(anonymous_1)","decl":{"start":{"line":8,"column":2},"end":{"line":8,"column":7}},"loc":{"start":{"line":11,"column":36},"end":{"line":29,"column":3}}}},"branchMap":{},"s":{"0":15,"1":15,"2":15,"3":3,"4":3,"5":3,"6":0,"7":0,"8":15},"f":{"0":3},"b":{}}
,"/home/henrique/SoilWeb/packages/backend/src/database/repositories/Pivots/PivotsRepository.ts": {"path":"/home/henrique/SoilWeb/packages/backend/src/database/repositories/Pivots/PivotsRepository.ts","statementMap":{"0":{"start":{"line":1,"column":0},"end":{"line":1,"column":25}},"1":{"start":{"line":10,"column":4},"end":{"line":13,"column":15}},"2":{"start":{"line":17,"column":4},"end":{"line":17,"column":53}},"3":{"start":{"line":23,"column":4},"end":{"line":23,"column":72}},"4":{"start":{"line":27,"column":21},"end":{"line":29,"column":21}},"5":{"start":{"line":31,"column":4},"end":{"line":31,"column":23}},"6":{"start":{"line":35,"column":4},"end":{"line":35,"column":72}},"7":{"start":{"line":42,"column":4},"end":{"line":45,"column":15}},"8":{"start":{"line":49,"column":4},"end":{"line":49,"column":79}},"9":{"start":{"line":56,"column":19},"end":{"line":59,"column":21}},"10":{"start":{"line":61,"column":4},"end":{"line":61,"column":21}},"11":{"start":{"line":65,"column":36},"end":{"line":68,"column":38}},"12":{"start":{"line":70,"column":4},"end":{"line":70,"column":18}},"13":{"start":{"line":74,"column":18},"end":{"line":77,"column":14}},"14":{"start":{"line":79,"column":6},"end":{"line":79,"column":18}},"15":{"start":{"line":83,"column":9},"end":{"line":83,"column":25}}},"fnMap":{"0":{"name":"(anonymous_1)","decl":{"start":{"line":9,"column":2},"end":{"line":9,"column":7}},"loc":{"start":{"line":9,"column":33},"end":{"line":14,"column":3}}},"1":{"name":"(anonymous_2)","decl":{"start":{"line":16,"column":2},"end":{"line":16,"column":7}},"loc":{"start":{"line":16,"column":15},"end":{"line":18,"column":3}}},"2":{"name":"(anonymous_3)","decl":{"start":{"line":20,"column":2},"end":{"line":20,"column":7}},"loc":{"start":{"line":21,"column":31},"end":{"line":24,"column":3}}},"3":{"name":"(anonymous_4)","decl":{"start":{"line":26,"column":2},"end":{"line":26,"column":7}},"loc":{"start":{"line":26,"column":32},"end":{"line":32,"column":3}}},"4":{"name":"(anonymous_5)","decl":{"start":{"line":34,"column":2},"end":{"line":34,"column":7}},"loc":{"start":{"line":34,"column":30},"end":{"line":36,"column":3}}},"5":{"name":"(anonymous_6)","decl":{"start":{"line":38,"column":2},"end":{"line":38,"column":7}},"loc":{"start":{"line":40,"column":19},"end":{"line":46,"column":3}}},"6":{"name":"(anonymous_7)","decl":{"start":{"line":48,"column":2},"end":{"line":48,"column":7}},"loc":{"start":{"line":48,"column":31},"end":{"line":50,"column":3}}},"7":{"name":"(anonymous_8)","decl":{"start":{"line":52,"column":2},"end":{"line":52,"column":7}},"loc":{"start":{"line":54,"column":36},"end":{"line":62,"column":3}}},"8":{"name":"(anonymous_9)","decl":{"start":{"line":64,"column":2},"end":{"line":64,"column":7}},"loc":{"start":{"line":64,"column":31},"end":{"line":71,"column":3}}},"9":{"name":"(anonymous_10)","decl":{"start":{"line":73,"column":2},"end":{"line":73,"column":7}},"loc":{"start":{"line":73,"column":35},"end":{"line":80,"column":3}}}},"branchMap":{},"s":{"0":15,"1":0,"2":0,"3":0,"4":0,"5":0,"6":0,"7":0,"8":0,"9":0,"10":0,"11":0,"12":0,"13":0,"14":0,"15":15},"f":{"0":0,"1":0,"2":0,"3":0,"4":0,"5":0,"6":0,"7":0,"8":0,"9":0},"b":{}}
,"/home/henrique/SoilWeb/packages/backend/src/database/repositories/Pivots/index.ts": {"path":"/home/henrique/SoilWeb/packages/backend/src/database/repositories/Pivots/index.ts","statementMap":{"0":{"start":{"line":1,"column":0},"end":{"line":1,"column":28}}},"fnMap":{},"branchMap":{},"s":{"0":15},"f":{},"b":{}}
,"/home/henrique/SoilWeb/packages/backend/src/database/repositories/Pivots/get-by-id/index.ts": {"path":"/home/henrique/SoilWeb/packages/backend/src/database/repositories/Pivots/get-by-id/index.ts","statementMap":{"0":{"start":{"line":1,"column":0},"end":{"line":1,"column":34}},"1":{"start":{"line":7,"column":4},"end":{"line":10,"column":15}},"2":{"start":{"line":14,"column":9},"end":{"line":14,"column":25}}},"fnMap":{"0":{"name":"(anonymous_1)","decl":{"start":{"line":6,"column":2},"end":{"line":6,"column":7}},"loc":{"start":{"line":6,"column":50},"end":{"line":11,"column":3}}}},"branchMap":{},"s":{"0":15,"1":0,"2":15},"f":{"0":0},"b":{}}
,"/home/henrique/SoilWeb/packages/backend/src/database/repositories/Pump/PumpRepository.ts": {"path":"/home/henrique/SoilWeb/packages/backend/src/database/repositories/Pump/PumpRepository.ts","statementMap":{"0":{"start":{"line":1,"column":0},"end":{"line":1,"column":25}},"1":{"start":{"line":7,"column":8},"end":{"line":9,"column":null}},"2":{"start":{"line":13,"column":8},"end":{"line":16,"column":null}},"3":{"start":{"line":20,"column":8},"end":{"line":20,"column":55}},"4":{"start":{"line":24,"column":24},"end":{"line":26,"column":23}},"5":{"start":{"line":28,"column":8},"end":{"line":28,"column":26}},"6":{"start":{"line":32,"column":8},"end":{"line":35,"column":null}},"7":{"start":{"line":39,"column":24},"end":{"line":42,"column":23}},"8":{"start":{"line":44,"column":8},"end":{"line":44,"column":26}},"9":{"start":{"line":49,"column":9},"end":{"line":49,"column":23}}},"fnMap":{"0":{"name":"(anonymous_1)","decl":{"start":{"line":6,"column":4},"end":{"line":6,"column":9}},"loc":{"start":{"line":6,"column":40},"end":{"line":10,"column":5}}},"1":{"name":"(anonymous_2)","decl":{"start":{"line":12,"column":4},"end":{"line":12,"column":9}},"loc":{"start":{"line":12,"column":34},"end":{"line":17,"column":5}}},"2":{"name":"(anonymous_3)","decl":{"start":{"line":19,"column":4},"end":{"line":19,"column":9}},"loc":{"start":{"line":19,"column":20},"end":{"line":21,"column":5}}},"3":{"name":"(anonymous_4)","decl":{"start":{"line":23,"column":4},"end":{"line":23,"column":9}},"loc":{"start":{"line":23,"column":49},"end":{"line":29,"column":5}}},"4":{"name":"(anonymous_5)","decl":{"start":{"line":31,"column":4},"end":{"line":31,"column":9}},"loc":{"start":{"line":31,"column":32},"end":{"line":36,"column":5}}},"5":{"name":"(anonymous_6)","decl":{"start":{"line":38,"column":4},"end":{"line":38,"column":9}},"loc":{"start":{"line":38,"column":32},"end":{"line":45,"column":5}}}},"branchMap":{},"s":{"0":15,"1":0,"2":0,"3":0,"4":0,"5":0,"6":0,"7":0,"8":0,"9":15},"f":{"0":0,"1":0,"2":0,"3":0,"4":0,"5":0},"b":{}}
,"/home/henrique/SoilWeb/packages/backend/src/database/repositories/RadioVariables/RadioVariablesRepository.ts": {"path":"/home/henrique/SoilWeb/packages/backend/src/database/repositories/RadioVariables/RadioVariablesRepository.ts","statementMap":{"0":{"start":{"line":1,"column":0},"end":{"line":1,"column":25}},"1":{"start":{"line":9,"column":4},"end":{"line":12,"column":15}},"2":{"start":{"line":18,"column":4},"end":{"line":20,"column":6}},"3":{"start":{"line":24,"column":9},"end":{"line":24,"column":32}}},"fnMap":{"0":{"name":"(anonymous_1)","decl":{"start":{"line":6,"column":2},"end":{"line":6,"column":7}},"loc":{"start":{"line":7,"column":20},"end":{"line":13,"column":3}}},"1":{"name":"(anonymous_2)","decl":{"start":{"line":15,"column":2},"end":{"line":15,"column":7}},"loc":{"start":{"line":16,"column":65},"end":{"line":21,"column":3}}}},"branchMap":{},"s":{"0":15,"1":0,"2":0,"3":15},"f":{"0":0,"1":0},"b":{}}
,"/home/henrique/SoilWeb/packages/backend/src/database/repositories/Scheduling/SchedulingRepository.ts": {"path":"/home/henrique/SoilWeb/packages/backend/src/database/repositories/Scheduling/SchedulingRepository.ts","statementMap":{"0":{"start":{"line":1,"column":0},"end":{"line":1,"column":25}},"1":{"start":{"line":7,"column":4},"end":{"line":10,"column":41}},"2":{"start":{"line":14,"column":4},"end":{"line":18,"column":15}},"3":{"start":{"line":22,"column":4},"end":{"line":22,"column":63}},"4":{"start":{"line":28,"column":26},"end":{"line":30,"column":21}},"5":{"start":{"line":32,"column":4},"end":{"line":32,"column":28}},"6":{"start":{"line":36,"column":4},"end":{"line":39,"column":13}},"7":{"start":{"line":45,"column":20},"end":{"line":48,"column":21}},"8":{"start":{"line":50,"column":4},"end":{"line":50,"column":22}},"9":{"start":{"line":54,"column":9},"end":{"line":54,"column":29}}},"fnMap":{"0":{"name":"(anonymous_1)","decl":{"start":{"line":6,"column":2},"end":{"line":6,"column":7}},"loc":{"start":{"line":6,"column":38},"end":{"line":11,"column":3}}},"1":{"name":"(anonymous_2)","decl":{"start":{"line":13,"column":2},"end":{"line":13,"column":7}},"loc":{"start":{"line":13,"column":38},"end":{"line":19,"column":3}}},"2":{"name":"(anonymous_3)","decl":{"start":{"line":21,"column":2},"end":{"line":21,"column":7}},"loc":{"start":{"line":21,"column":25},"end":{"line":23,"column":3}}},"3":{"name":"(anonymous_4)","decl":{"start":{"line":25,"column":2},"end":{"line":25,"column":7}},"loc":{"start":{"line":26,"column":54},"end":{"line":33,"column":3}}},"4":{"name":"(anonymous_5)","decl":{"start":{"line":35,"column":2},"end":{"line":35,"column":7}},"loc":{"start":{"line":35,"column":36},"end":{"line":40,"column":3}}},"5":{"name":"(anonymous_6)","decl":{"start":{"line":42,"column":2},"end":{"line":42,"column":7}},"loc":{"start":{"line":43,"column":50},"end":{"line":51,"column":3}}}},"branchMap":{},"s":{"0":15,"1":0,"2":0,"3":0,"4":0,"5":0,"6":0,"7":0,"8":0,"9":15},"f":{"0":0,"1":0,"2":0,"3":0,"4":0,"5":0},"b":{}}
,"/home/henrique/SoilWeb/packages/backend/src/database/repositories/SchedulingAngle/SchedulingAngleRepository.ts": {"path":"/home/henrique/SoilWeb/packages/backend/src/database/repositories/SchedulingAngle/SchedulingAngleRepository.ts","statementMap":{"0":{"start":{"line":1,"column":0},"end":{"line":1,"column":25}},"1":{"start":{"line":7,"column":4},"end":{"line":10,"column":41}},"2":{"start":{"line":16,"column":4},"end":{"line":20,"column":15}},"3":{"start":{"line":24,"column":4},"end":{"line":24,"column":74}},"4":{"start":{"line":30,"column":31},"end":{"line":34,"column":21}},"5":{"start":{"line":36,"column":4},"end":{"line":36,"column":33}},"6":{"start":{"line":42,"column":4},"end":{"line":45,"column":13}},"7":{"start":{"line":51,"column":20},"end":{"line":54,"column":21}},"8":{"start":{"line":55,"column":4},"end":{"line":55,"column":22}},"9":{"start":{"line":59,"column":9},"end":{"line":59,"column":34}}},"fnMap":{"0":{"name":"(anonymous_1)","decl":{"start":{"line":6,"column":2},"end":{"line":6,"column":7}},"loc":{"start":{"line":6,"column":38},"end":{"line":11,"column":3}}},"1":{"name":"(anonymous_2)","decl":{"start":{"line":13,"column":2},"end":{"line":13,"column":7}},"loc":{"start":{"line":14,"column":31},"end":{"line":21,"column":3}}},"2":{"name":"(anonymous_3)","decl":{"start":{"line":23,"column":2},"end":{"line":23,"column":7}},"loc":{"start":{"line":23,"column":30},"end":{"line":25,"column":3}}},"3":{"name":"(anonymous_4)","decl":{"start":{"line":27,"column":2},"end":{"line":27,"column":7}},"loc":{"start":{"line":28,"column":71},"end":{"line":37,"column":3}}},"4":{"name":"(anonymous_5)","decl":{"start":{"line":39,"column":2},"end":{"line":39,"column":7}},"loc":{"start":{"line":40,"column":31},"end":{"line":46,"column":3}}},"5":{"name":"(anonymous_6)","decl":{"start":{"line":48,"column":2},"end":{"line":48,"column":7}},"loc":{"start":{"line":49,"column":42},"end":{"line":56,"column":3}}}},"branchMap":{},"s":{"0":15,"1":0,"2":0,"3":0,"4":0,"5":0,"6":0,"7":0,"8":0,"9":15},"f":{"0":0,"1":0,"2":0,"3":0,"4":0,"5":0},"b":{}}
,"/home/henrique/SoilWeb/packages/backend/src/database/repositories/SchedulingAngleHist/SchedulingAngleHistRepository.ts": {"path":"/home/henrique/SoilWeb/packages/backend/src/database/repositories/SchedulingAngleHist/SchedulingAngleHistRepository.ts","statementMap":{"0":{"start":{"line":1,"column":0},"end":{"line":1,"column":25}},"1":{"start":{"line":7,"column":4},"end":{"line":10,"column":35}},"2":{"start":{"line":16,"column":4},"end":{"line":20,"column":15}},"3":{"start":{"line":24,"column":4},"end":{"line":27,"column":35}},"4":{"start":{"line":31,"column":4},"end":{"line":31,"column":83}},"5":{"start":{"line":37,"column":31},"end":{"line":41,"column":21}},"6":{"start":{"line":43,"column":4},"end":{"line":43,"column":33}},"7":{"start":{"line":50,"column":4},"end":{"line":53,"column":13}},"8":{"start":{"line":59,"column":20},"end":{"line":62,"column":21}},"9":{"start":{"line":63,"column":4},"end":{"line":63,"column":22}},"10":{"start":{"line":67,"column":9},"end":{"line":67,"column":38}}},"fnMap":{"0":{"name":"(anonymous_1)","decl":{"start":{"line":6,"column":2},"end":{"line":6,"column":7}},"loc":{"start":{"line":6,"column":38},"end":{"line":11,"column":3}}},"1":{"name":"(anonymous_2)","decl":{"start":{"line":13,"column":2},"end":{"line":13,"column":7}},"loc":{"start":{"line":14,"column":36},"end":{"line":21,"column":3}}},"2":{"name":"(anonymous_3)","decl":{"start":{"line":23,"column":2},"end":{"line":23,"column":7}},"loc":{"start":{"line":23,"column":47},"end":{"line":28,"column":3}}},"3":{"name":"(anonymous_4)","decl":{"start":{"line":30,"column":2},"end":{"line":30,"column":7}},"loc":{"start":{"line":30,"column":30},"end":{"line":32,"column":3}}},"4":{"name":"(anonymous_5)","decl":{"start":{"line":34,"column":2},"end":{"line":34,"column":7}},"loc":{"start":{"line":35,"column":85},"end":{"line":45,"column":3}}},"5":{"name":"(anonymous_6)","decl":{"start":{"line":47,"column":2},"end":{"line":47,"column":7}},"loc":{"start":{"line":48,"column":36},"end":{"line":54,"column":3}}},"6":{"name":"(anonymous_7)","decl":{"start":{"line":56,"column":2},"end":{"line":56,"column":7}},"loc":{"start":{"line":57,"column":46},"end":{"line":64,"column":3}}}},"branchMap":{},"s":{"0":15,"1":0,"2":0,"3":0,"4":0,"5":0,"6":0,"7":0,"8":0,"9":0,"10":15},"f":{"0":0,"1":0,"2":0,"3":0,"4":0,"5":0,"6":0},"b":{}}
,"/home/henrique/SoilWeb/packages/backend/src/database/repositories/SchedulingHistory/SchedulingHistoryRepository.ts": {"path":"/home/henrique/SoilWeb/packages/backend/src/database/repositories/SchedulingHistory/SchedulingHistoryRepository.ts","statementMap":{"0":{"start":{"line":1,"column":0},"end":{"line":1,"column":25}},"1":{"start":{"line":7,"column":4},"end":{"line":10,"column":41}},"2":{"start":{"line":14,"column":4},"end":{"line":17,"column":41}},"3":{"start":{"line":21,"column":4},"end":{"line":25,"column":15}},"4":{"start":{"line":29,"column":4},"end":{"line":29,"column":78}},"5":{"start":{"line":35,"column":33},"end":{"line":37,"column":21}},"6":{"start":{"line":39,"column":4},"end":{"line":39,"column":35}},"7":{"start":{"line":43,"column":4},"end":{"line":46,"column":13}},"8":{"start":{"line":52,"column":20},"end":{"line":55,"column":21}},"9":{"start":{"line":57,"column":4},"end":{"line":57,"column":22}},"10":{"start":{"line":61,"column":9},"end":{"line":61,"column":36}}},"fnMap":{"0":{"name":"(anonymous_1)","decl":{"start":{"line":6,"column":2},"end":{"line":6,"column":7}},"loc":{"start":{"line":6,"column":38},"end":{"line":11,"column":3}}},"1":{"name":"(anonymous_2)","decl":{"start":{"line":13,"column":2},"end":{"line":13,"column":7}},"loc":{"start":{"line":13,"column":47},"end":{"line":18,"column":3}}},"2":{"name":"(anonymous_3)","decl":{"start":{"line":20,"column":2},"end":{"line":20,"column":7}},"loc":{"start":{"line":20,"column":46},"end":{"line":26,"column":3}}},"3":{"name":"(anonymous_4)","decl":{"start":{"line":28,"column":2},"end":{"line":28,"column":7}},"loc":{"start":{"line":28,"column":25},"end":{"line":30,"column":3}}},"4":{"name":"(anonymous_5)","decl":{"start":{"line":32,"column":2},"end":{"line":32,"column":7}},"loc":{"start":{"line":33,"column":77},"end":{"line":40,"column":3}}},"5":{"name":"(anonymous_6)","decl":{"start":{"line":42,"column":2},"end":{"line":42,"column":7}},"loc":{"start":{"line":42,"column":44},"end":{"line":47,"column":3}}},"6":{"name":"(anonymous_7)","decl":{"start":{"line":49,"column":2},"end":{"line":49,"column":7}},"loc":{"start":{"line":50,"column":46},"end":{"line":58,"column":3}}}},"branchMap":{},"s":{"0":15,"1":0,"2":0,"3":0,"4":0,"5":0,"6":0,"7":0,"8":0,"9":0,"10":15},"f":{"0":0,"1":0,"2":0,"3":0,"4":0,"5":0,"6":0},"b":{}}
,"/home/henrique/SoilWeb/packages/backend/src/database/repositories/States/StatesRepository.ts": {"path":"/home/henrique/SoilWeb/packages/backend/src/database/repositories/States/StatesRepository.ts","statementMap":{"0":{"start":{"line":1,"column":0},"end":{"line":1,"column":25}},"1":{"start":{"line":8,"column":4},"end":{"line":12,"column":15}},"2":{"start":{"line":16,"column":4},"end":{"line":20,"column":15}},"3":{"start":{"line":26,"column":21},"end":{"line":28,"column":21}},"4":{"start":{"line":30,"column":4},"end":{"line":30,"column":23}},"5":{"start":{"line":36,"column":4},"end":{"line":40,"column":15}},"6":{"start":{"line":46,"column":4},"end":{"line":51,"column":15}},"7":{"start":{"line":58,"column":4},"end":{"line":66,"column":49}},"8":{"start":{"line":74,"column":4},"end":{"line":86,"column":35}},"9":{"start":{"line":90,"column":9},"end":{"line":90,"column":25}}},"fnMap":{"0":{"name":"(anonymous_1)","decl":{"start":{"line":7,"column":2},"end":{"line":7,"column":7}},"loc":{"start":{"line":7,"column":38},"end":{"line":13,"column":3}}},"1":{"name":"(anonymous_2)","decl":{"start":{"line":15,"column":2},"end":{"line":15,"column":7}},"loc":{"start":{"line":15,"column":33},"end":{"line":21,"column":3}}},"2":{"name":"(anonymous_3)","decl":{"start":{"line":23,"column":2},"end":{"line":23,"column":7}},"loc":{"start":{"line":24,"column":39},"end":{"line":31,"column":3}}},"3":{"name":"(anonymous_4)","decl":{"start":{"line":33,"column":2},"end":{"line":33,"column":7}},"loc":{"start":{"line":34,"column":20},"end":{"line":41,"column":3}}},"4":{"name":"(anonymous_5)","decl":{"start":{"line":43,"column":2},"end":{"line":43,"column":7}},"loc":{"start":{"line":44,"column":20},"end":{"line":52,"column":3}}},"5":{"name":"(anonymous_6)","decl":{"start":{"line":54,"column":2},"end":{"line":54,"column":7}},"loc":{"start":{"line":56,"column":38},"end":{"line":67,"column":3}}},"6":{"name":"(anonymous_7)","decl":{"start":{"line":69,"column":2},"end":{"line":69,"column":7}},"loc":{"start":{"line":72,"column":22},"end":{"line":87,"column":3}}}},"branchMap":{},"s":{"0":15,"1":0,"2":0,"3":0,"4":0,"5":0,"6":0,"7":0,"8":0,"9":15},"f":{"0":0,"1":0,"2":0,"3":0,"4":0,"5":0,"6":0},"b":{}}
,"/home/henrique/SoilWeb/packages/backend/src/database/repositories/States/get-variables-by-state/index.ts": {"path":"/home/henrique/SoilWeb/packages/backend/src/database/repositories/States/get-variables-by-state/index.ts","statementMap":{"0":{"start":{"line":1,"column":0},"end":{"line":1,"column":34}},"1":{"start":{"line":9,"column":6},"end":{"line":20,"column":16}},"2":{"start":{"line":22,"column":4},"end":{"line":22,"column":17}},"3":{"start":{"line":26,"column":9},"end":{"line":26,"column":38}}},"fnMap":{"0":{"name":"(anonymous_1)","decl":{"start":{"line":5,"column":2},"end":{"line":5,"column":7}},"loc":{"start":{"line":7,"column":42},"end":{"line":23,"column":3}}}},"branchMap":{},"s":{"0":12,"1":0,"2":0,"3":12},"f":{"0":0},"b":{}}
,"/home/henrique/SoilWeb/packages/backend/src/database/repositories/StatesVariables/StatesVariablesRepository.ts": {"path":"/home/henrique/SoilWeb/packages/backend/src/database/repositories/StatesVariables/StatesVariablesRepository.ts","statementMap":{"0":{"start":{"line":1,"column":0},"end":{"line":1,"column":25}},"1":{"start":{"line":9,"column":4},"end":{"line":12,"column":15}},"2":{"start":{"line":18,"column":26},"end":{"line":20,"column":21}},"3":{"start":{"line":22,"column":4},"end":{"line":22,"column":28}},"4":{"start":{"line":28,"column":4},"end":{"line":30,"column":35}},"5":{"start":{"line":38,"column":4},"end":{"line":41,"column":54}},"6":{"start":{"line":45,"column":9},"end":{"line":45,"column":34}}},"fnMap":{"0":{"name":"(anonymous_1)","decl":{"start":{"line":6,"column":2},"end":{"line":6,"column":7}},"loc":{"start":{"line":7,"column":20},"end":{"line":13,"column":3}}},"1":{"name":"(anonymous_2)","decl":{"start":{"line":15,"column":2},"end":{"line":15,"column":7}},"loc":{"start":{"line":16,"column":64},"end":{"line":23,"column":3}}},"2":{"name":"(anonymous_3)","decl":{"start":{"line":25,"column":2},"end":{"line":25,"column":7}},"loc":{"start":{"line":26,"column":20},"end":{"line":31,"column":3}}},"3":{"name":"(anonymous_4)","decl":{"start":{"line":33,"column":2},"end":{"line":33,"column":7}},"loc":{"start":{"line":34,"column":20},"end":{"line":42,"column":3}}}},"branchMap":{},"s":{"0":15,"1":0,"2":0,"3":0,"4":0,"5":0,"6":15},"f":{"0":0,"1":0,"2":0,"3":0},"b":{}}
,"/home/henrique/SoilWeb/packages/backend/src/database/repositories/base/index.ts": {"path":"/home/henrique/SoilWeb/packages/backend/src/database/repositories/base/index.ts","statementMap":{"0":{"start":{"line":1,"column":0},"end":{"line":1,"column":25}},"1":{"start":{"line":2,"column":0},"end":{"line":2,"column":26}},"2":{"start":{"line":3,"column":0},"end":{"line":3,"column":25}},"3":{"start":{"line":4,"column":0},"end":{"line":4,"column":28}},"4":{"start":{"line":5,"column":0},"end":{"line":5,"column":25}},"5":{"start":{"line":6,"column":0},"end":{"line":6,"column":25}},"6":{"start":{"line":7,"column":0},"end":{"line":7,"column":34}}},"fnMap":{},"branchMap":{},"s":{"0":15,"1":15,"2":15,"3":15,"4":15,"5":15,"6":15},"f":{},"b":{}}
,"/home/henrique/SoilWeb/packages/backend/src/database/repositories/base/create/index.ts": {"path":"/home/henrique/SoilWeb/packages/backend/src/database/repositories/base/create/index.ts","statementMap":{"0":{"start":{"line":1,"column":0},"end":{"line":1,"column":34}},"1":{"start":{"line":3,"column":0},"end":{"line":3,"column":56}},"2":{"start":{"line":4,"column":0},"end":{"line":4,"column":58}},"3":{"start":{"line":11,"column":4},"end":{"line":22,"column":null}},"4":{"start":{"line":12,"column":28},"end":{"line":12,"column":73}},"5":{"start":{"line":13,"column":6},"end":{"line":13,"column":25}},"6":{"start":{"line":15,"column":6},"end":{"line":20,"column":8}},"7":{"start":{"line":21,"column":6},"end":{"line":21,"column":28}},"8":{"start":{"line":26,"column":9},"end":{"line":26,"column":23}}},"fnMap":{"0":{"name":"(anonymous_1)","decl":{"start":{"line":7,"column":2},"end":{"line":7,"column":7}},"loc":{"start":{"line":10,"column":30},"end":{"line":23,"column":3}}}},"branchMap":{},"s":{"0":15,"1":15,"2":15,"3":28,"4":28,"5":28,"6":0,"7":0,"8":15},"f":{"0":28},"b":{}}
,"/home/henrique/SoilWeb/packages/backend/src/database/repositories/base/delete/index.ts": {"path":"/home/henrique/SoilWeb/packages/backend/src/database/repositories/base/delete/index.ts","statementMap":{"0":{"start":{"line":1,"column":0},"end":{"line":1,"column":34}},"1":{"start":{"line":3,"column":0},"end":{"line":3,"column":56}},"2":{"start":{"line":4,"column":0},"end":{"line":4,"column":58}},"3":{"start":{"line":12,"column":4},"end":{"line":24,"column":null}},"4":{"start":{"line":13,"column":23},"end":{"line":13,"column":75}},"5":{"start":{"line":15,"column":6},"end":{"line":15,"column":22}},"6":{"start":{"line":17,"column":6},"end":{"line":22,"column":8}},"7":{"start":{"line":23,"column":6},"end":{"line":23,"column":28}},"8":{"start":{"line":28,"column":9},"end":{"line":28,"column":23}}},"fnMap":{"0":{"name":"(anonymous_1)","decl":{"start":{"line":7,"column":2},"end":{"line":7,"column":7}},"loc":{"start":{"line":11,"column":27},"end":{"line":25,"column":3}}}},"branchMap":{},"s":{"0":15,"1":15,"2":15,"3":11,"4":11,"5":11,"6":0,"7":0,"8":15},"f":{"0":11},"b":{}}
,"/home/henrique/SoilWeb/packages/backend/src/database/repositories/base/get-all-by-data/index.ts": {"path":"/home/henrique/SoilWeb/packages/backend/src/database/repositories/base/get-all-by-data/index.ts","statementMap":{"0":{"start":{"line":1,"column":0},"end":{"line":1,"column":34}},"1":{"start":{"line":3,"column":0},"end":{"line":3,"column":56}},"2":{"start":{"line":4,"column":0},"end":{"line":4,"column":58}},"3":{"start":{"line":12,"column":4},"end":{"line":21,"column":null}},"4":{"start":{"line":14,"column":6},"end":{"line":19,"column":8}},"5":{"start":{"line":20,"column":6},"end":{"line":20,"column":28}},"6":{"start":{"line":22,"column":26},"end":{"line":22,"column":76}},"7":{"start":{"line":23,"column":4},"end":{"line":23,"column":20}},"8":{"start":{"line":27,"column":9},"end":{"line":27,"column":29}}},"fnMap":{"0":{"name":"(anonymous_1)","decl":{"start":{"line":7,"column":2},"end":{"line":7,"column":7}},"loc":{"start":{"line":11,"column":33},"end":{"line":24,"column":3}}}},"branchMap":{},"s":{"0":15,"1":15,"2":15,"3":0,"4":0,"5":0,"6":0,"7":0,"8":15},"f":{"0":0},"b":{}}
,"/home/henrique/SoilWeb/packages/backend/src/database/repositories/base/getAll/index.ts": {"path":"/home/henrique/SoilWeb/packages/backend/src/database/repositories/base/getAll/index.ts","statementMap":{"0":{"start":{"line":1,"column":0},"end":{"line":1,"column":34}},"1":{"start":{"line":3,"column":0},"end":{"line":3,"column":56}},"2":{"start":{"line":4,"column":0},"end":{"line":4,"column":58}},"3":{"start":{"line":8,"column":4},"end":{"line":19,"column":null}},"4":{"start":{"line":9,"column":25},"end":{"line":9,"column":54}},"5":{"start":{"line":10,"column":6},"end":{"line":10,"column":19}},"6":{"start":{"line":12,"column":6},"end":{"line":17,"column":8}},"7":{"start":{"line":18,"column":6},"end":{"line":18,"column":28}},"8":{"start":{"line":23,"column":9},"end":{"line":23,"column":23}}},"fnMap":{"0":{"name":"(anonymous_1)","decl":{"start":{"line":7,"column":2},"end":{"line":7,"column":7}},"loc":{"start":{"line":7,"column":45},"end":{"line":20,"column":3}}}},"branchMap":{},"s":{"0":15,"1":15,"2":15,"3":9,"4":9,"5":9,"6":0,"7":0,"8":15},"f":{"0":9},"b":{}}
,"/home/henrique/SoilWeb/packages/backend/src/database/repositories/base/getByData/index.ts": {"path":"/home/henrique/SoilWeb/packages/backend/src/database/repositories/base/getByData/index.ts","statementMap":{"0":{"start":{"line":1,"column":0},"end":{"line":1,"column":34}},"1":{"start":{"line":3,"column":0},"end":{"line":3,"column":56}},"2":{"start":{"line":4,"column":0},"end":{"line":4,"column":58}},"3":{"start":{"line":12,"column":4},"end":{"line":26,"column":null}},"4":{"start":{"line":13,"column":23},"end":{"line":16,"column":16}},"5":{"start":{"line":17,"column":6},"end":{"line":17,"column":22}},"6":{"start":{"line":19,"column":6},"end":{"line":24,"column":8}},"7":{"start":{"line":25,"column":6},"end":{"line":25,"column":28}},"8":{"start":{"line":30,"column":9},"end":{"line":30,"column":22}}},"fnMap":{"0":{"name":"(anonymous_1)","decl":{"start":{"line":7,"column":2},"end":{"line":7,"column":7}},"loc":{"start":{"line":11,"column":26},"end":{"line":27,"column":3}}}},"branchMap":{},"s":{"0":15,"1":15,"2":15,"3":32,"4":32,"5":32,"6":0,"7":0,"8":15},"f":{"0":32},"b":{}}
,"/home/henrique/SoilWeb/packages/backend/src/database/repositories/base/getById/index.ts": {"path":"/home/henrique/SoilWeb/packages/backend/src/database/repositories/base/getById/index.ts","statementMap":{"0":{"start":{"line":1,"column":0},"end":{"line":1,"column":34}},"1":{"start":{"line":3,"column":0},"end":{"line":3,"column":56}},"2":{"start":{"line":4,"column":0},"end":{"line":4,"column":58}},"3":{"start":{"line":12,"column":4},"end":{"line":24,"column":null}},"4":{"start":{"line":13,"column":22},"end":{"line":13,"column":77}},"5":{"start":{"line":15,"column":6},"end":{"line":15,"column":18}},"6":{"start":{"line":17,"column":6},"end":{"line":22,"column":8}},"7":{"start":{"line":23,"column":6},"end":{"line":23,"column":28}},"8":{"start":{"line":28,"column":9},"end":{"line":28,"column":24}}},"fnMap":{"0":{"name":"(anonymous_1)","decl":{"start":{"line":7,"column":2},"end":{"line":7,"column":7}},"loc":{"start":{"line":11,"column":28},"end":{"line":25,"column":3}}}},"branchMap":{},"s":{"0":15,"1":15,"2":15,"3":52,"4":52,"5":52,"6":0,"7":0,"8":15},"f":{"0":52},"b":{}}
,"/home/henrique/SoilWeb/packages/backend/src/database/repositories/base/update/index.ts": {"path":"/home/henrique/SoilWeb/packages/backend/src/database/repositories/base/update/index.ts","statementMap":{"0":{"start":{"line":1,"column":0},"end":{"line":1,"column":34}},"1":{"start":{"line":3,"column":0},"end":{"line":3,"column":56}},"2":{"start":{"line":4,"column":0},"end":{"line":4,"column":58}},"3":{"start":{"line":13,"column":4},"end":{"line":28,"column":null}},"4":{"start":{"line":14,"column":21},"end":{"line":17,"column":23}},"5":{"start":{"line":19,"column":6},"end":{"line":19,"column":23}},"6":{"start":{"line":21,"column":6},"end":{"line":26,"column":8}},"7":{"start":{"line":27,"column":6},"end":{"line":27,"column":28}},"8":{"start":{"line":32,"column":9},"end":{"line":32,"column":23}}},"fnMap":{"0":{"name":"(anonymous_1)","decl":{"start":{"line":7,"column":2},"end":{"line":7,"column":7}},"loc":{"start":{"line":12,"column":30},"end":{"line":29,"column":3}}}},"branchMap":{},"s":{"0":15,"1":15,"2":15,"3":2,"4":2,"5":2,"6":0,"7":0,"8":15},"f":{"0":2},"b":{}}
,"/home/henrique/SoilWeb/packages/backend/src/protocols/middlewares/auth.ts": {"path":"/home/henrique/SoilWeb/packages/backend/src/protocols/middlewares/auth.ts","statementMap":{"0":{"start":{"line":1,"column":0},"end":{"line":1,"column":58}},"1":{"start":{"line":3,"column":0},"end":{"line":3,"column":31}},"2":{"start":{"line":24,"column":23},"end":{"line":54,"column":1}},"3":{"start":{"line":25,"column":2},"end":{"line":53,"column":4}},"4":{"start":{"line":31,"column":6},"end":{"line":31,"column":77}},"5":{"start":{"line":33,"column":18},"end":{"line":33,"column":43}},"6":{"start":{"line":34,"column":4},"end":{"line":34,"column":65}},"7":{"start":{"line":34,"column":16},"end":{"line":34,"column":65}},"8":{"start":{"line":36,"column":4},"end":{"line":52,"column":null}},"9":{"start":{"line":37,"column":32},"end":{"line":37,"column":74}},"10":{"start":{"line":39,"column":51},"end":{"line":39,"column":54}},"11":{"start":{"line":40,"column":6},"end":{"line":40,"column":35}},"12":{"start":{"line":42,"column":6},"end":{"line":42,"column":27}},"13":{"start":{"line":43,"column":6},"end":{"line":43,"column":13}},"14":{"start":{"line":45,"column":6},"end":{"line":50,"column":8}},"15":{"start":{"line":51,"column":6},"end":{"line":51,"column":45}},"16":{"start":{"line":56,"column":0},"end":{"line":56,"column":30}}},"fnMap":{"0":{"name":"(anonymous_1)","decl":{"start":{"line":24,"column":23},"end":{"line":24,"column":42}},"loc":{"start":{"line":24,"column":44},"end":{"line":54,"column":1}}},"1":{"name":"(anonymous_2)","decl":{"start":{"line":25,"column":9},"end":{"line":25,"column":null}},"loc":{"start":{"line":29,"column":6},"end":{"line":53,"column":3}}}},"branchMap":{"0":{"loc":{"start":{"line":31,"column":6},"end":{"line":31,"column":77}},"type":"cond-expr","locations":[{"start":{"line":31,"column":40},"end":{"line":31,"column":50}},{"start":{"line":31,"column":53},"end":{"line":31,"column":77}}]},"1":{"loc":{"start":{"line":34,"column":4},"end":{"line":34,"column":65}},"type":"if","locations":[{"start":{"line":34,"column":4},"end":{"line":34,"column":65}}]}},"s":{"0":12,"1":12,"2":12,"3":708,"4":102,"5":102,"6":102,"7":0,"8":102,"9":102,"10":91,"11":91,"12":91,"13":91,"14":11,"15":11,"16":12},"f":{"0":708,"1":102},"b":{"0":[102,0],"1":[0]}}
,"/home/henrique/SoilWeb/packages/backend/src/useCases/data/index.ts": {"path":"/home/henrique/SoilWeb/packages/backend/src/useCases/data/index.ts","statementMap":{"0":{"start":{"line":1,"column":0},"end":{"line":1,"column":23}},"1":{"start":{"line":2,"column":0},"end":{"line":2,"column":24}},"2":{"start":{"line":3,"column":0},"end":{"line":3,"column":24}}},"fnMap":{},"branchMap":{},"s":{"0":12,"1":12,"2":12},"f":{},"b":{}}
,"/home/henrique/SoilWeb/packages/backend/src/useCases/data/Actions/CreateAction/CreateActionController.ts": {"path":"/home/henrique/SoilWeb/packages/backend/src/useCases/data/Actions/CreateAction/CreateActionController.ts","statementMap":{"0":{"start":{"line":2,"column":0},"end":{"line":2,"column":37}},"1":{"start":{"line":3,"column":0},"end":{"line":3,"column":64}},"2":{"start":{"line":4,"column":0},"end":{"line":4,"column":60}},"3":{"start":{"line":15,"column":25},"end":{"line":15,"column":35}},"4":{"start":{"line":16,"column":55},"end":{"line":16,"column":63}},"5":{"start":{"line":18,"column":32},"end":{"line":18,"column":70}},"6":{"start":{"line":19,"column":29},"end":{"line":26,"column":6}},"7":{"start":{"line":28,"column":4},"end":{"line":44,"column":null}},"8":{"start":{"line":29,"column":24},"end":{"line":32,"column":null}},"9":{"start":{"line":35,"column":6},"end":{"line":35,"column":26}},"10":{"start":{"line":37,"column":6},"end":{"line":42,"column":8}},"11":{"start":{"line":43,"column":6},"end":{"line":43,"column":13}},"12":{"start":{"line":48,"column":9},"end":{"line":48,"column":31}}},"fnMap":{"0":{"name":"(anonymous_0)","decl":{"start":{"line":14,"column":2},"end":{"line":14,"column":7}},"loc":{"start":{"line":14,"column":75},"end":{"line":45,"column":3}}}},"branchMap":{},"s":{"0":12,"1":12,"2":12,"3":0,"4":0,"5":0,"6":0,"7":0,"8":0,"9":0,"10":0,"11":0,"12":12},"f":{"0":0},"b":{}}
,"/home/henrique/SoilWeb/packages/backend/src/useCases/data/Actions/CreateAction/CreateActionUseCase.ts": {"path":"/home/henrique/SoilWeb/packages/backend/src/useCases/data/Actions/CreateAction/CreateActionUseCase.ts","statementMap":{"0":{"start":{"line":4,"column":0},"end":{"line":4,"column":46}},"1":{"start":{"line":11,"column":0},"end":{"line":11,"column":69}},"2":{"start":{"line":12,"column":0},"end":{"line":12,"column":49}},"3":{"start":{"line":13,"column":0},"end":{"line":13,"column":64}},"4":{"start":{"line":16,"column":25},"end":{"line":160,"column":null}},"5":{"start":{"line":18,"column":38},"end":{"line":18,"column":76}},"6":{"start":{"line":19,"column":35},"end":{"line":19,"column":60}},"7":{"start":{"line":20,"column":41},"end":{"line":20,"column":76}},"8":{"start":{"line":21,"column":40},"end":{"line":21,"column":74}},"9":{"start":{"line":22,"column":39},"end":{"line":22,"column":71}},"10":{"start":{"line":26,"column":4},"end":{"line":35,"column":null}},"11":{"start":{"line":27,"column":6},"end":{"line":27,"column":59}},"12":{"start":{"line":29,"column":6},"end":{"line":34,"column":8}},"13":{"start":{"line":39,"column":4},"end":{"line":48,"column":null}},"14":{"start":{"line":40,"column":6},"end":{"line":40,"column":56}},"15":{"start":{"line":42,"column":6},"end":{"line":47,"column":8}},"16":{"start":{"line":52,"column":4},"end":{"line":65,"column":null}},"17":{"start":{"line":53,"column":6},"end":{"line":57,"column":9}},"18":{"start":{"line":59,"column":6},"end":{"line":64,"column":8}},"19":{"start":{"line":69,"column":4},"end":{"line":78,"column":null}},"20":{"start":{"line":70,"column":6},"end":{"line":70,"column":57}},"21":{"start":{"line":72,"column":6},"end":{"line":77,"column":8}},"22":{"start":{"line":82,"column":4},"end":{"line":91,"column":null}},"23":{"start":{"line":83,"column":6},"end":{"line":83,"column":74}},"24":{"start":{"line":85,"column":6},"end":{"line":90,"column":8}},"25":{"start":{"line":101,"column":25},"end":{"line":103,"column":32}},"26":{"start":{"line":104,"column":30},"end":{"line":104,"column":77}},"27":{"start":{"line":106,"column":4},"end":{"line":113,"column":null}},"28":{"start":{"line":107,"column":6},"end":{"line":112,"column":9}},"29":{"start":{"line":115,"column":25},"end":{"line":119,"column":6}},"30":{"start":{"line":121,"column":4},"end":{"line":121,"column":65}},"31":{"start":{"line":121,"column":23},"end":{"line":121,"column":65}},"32":{"start":{"line":123,"column":18},"end":{"line":123,"column":71}},"33":{"start":{"line":124,"column":4},"end":{"line":124,"column":55}},"34":{"start":{"line":124,"column":16},"end":{"line":124,"column":55}},"35":{"start":{"line":126,"column":17},"end":{"line":126,"column":67}},"36":{"start":{"line":127,"column":4},"end":{"line":127,"column":53}},"37":{"start":{"line":127,"column":15},"end":{"line":127,"column":53}},"38":{"start":{"line":129,"column":43},"end":{"line":129,"column":47}},"39":{"start":{"line":131,"column":4},"end":{"line":134,"column":6}},"40":{"start":{"line":136,"column":27},"end":{"line":151,"column":6}},"41":{"start":{"line":153,"column":4},"end":{"line":158,"column":11}},"42":{"start":{"line":16,"column":6},"end":{"line":160,"column":null}},"43":{"start":{"line":162,"column":9},"end":{"line":162,"column":28}}},"fnMap":{"0":{"name":"(anonymous_5)","decl":{"start":{"line":17,"column":2},"end":{"line":17,"column":null}},"loc":{"start":{"line":22,"column":71},"end":{"line":23,"column":6}}},"1":{"name":"(anonymous_6)","decl":{"start":{"line":25,"column":10},"end":{"line":25,"column":15}},"loc":{"start":{"line":25,"column":58},"end":{"line":36,"column":3}}},"2":{"name":"(anonymous_7)","decl":{"start":{"line":38,"column":10},"end":{"line":38,"column":15}},"loc":{"start":{"line":38,"column":60},"end":{"line":49,"column":3}}},"3":{"name":"(anonymous_8)","decl":{"start":{"line":51,"column":10},"end":{"line":51,"column":15}},"loc":{"start":{"line":51,"column":53},"end":{"line":66,"column":3}}},"4":{"name":"(anonymous_9)","decl":{"start":{"line":68,"column":10},"end":{"line":68,"column":15}},"loc":{"start":{"line":68,"column":53},"end":{"line":79,"column":3}}},"5":{"name":"(anonymous_10)","decl":{"start":{"line":81,"column":10},"end":{"line":81,"column":15}},"loc":{"start":{"line":81,"column":52},"end":{"line":92,"column":3}}},"6":{"name":"(anonymous_11)","decl":{"start":{"line":94,"column":2},"end":{"line":94,"column":7}},"loc":{"start":{"line":99,"column":43},"end":{"line":159,"column":3}}}},"branchMap":{"0":{"loc":{"start":{"line":101,"column":25},"end":{"line":103,"column":32}},"type":"cond-expr","locations":[{"start":{"line":102,"column":8},"end":{"line":102,"column":31}},{"start":{"line":103,"column":8},"end":{"line":103,"column":32}}]},"1":{"loc":{"start":{"line":106,"column":4},"end":{"line":113,"column":null}},"type":"if","locations":[{"start":{"line":106,"column":4},"end":{"line":113,"column":null}}]},"2":{"loc":{"start":{"line":117,"column":13},"end":{"line":117,"column":34}},"type":"binary-expr","locations":[{"start":{"line":117,"column":13},"end":{"line":117,"column":25}},{"start":{"line":117,"column":29},"end":{"line":117,"column":34}}]},"3":{"loc":{"start":{"line":118,"column":22},"end":{"line":118,"column":60}},"type":"cond-expr","locations":[{"start":{"line":118,"column":35},"end":{"line":118,"column":45}},{"start":{"line":118,"column":48},"end":{"line":118,"column":60}}]},"4":{"loc":{"start":{"line":121,"column":4},"end":{"line":121,"column":65}},"type":"if","locations":[{"start":{"line":121,"column":4},"end":{"line":121,"column":65}}]},"5":{"loc":{"start":{"line":124,"column":4},"end":{"line":124,"column":55}},"type":"if","locations":[{"start":{"line":124,"column":4},"end":{"line":124,"column":55}}]},"6":{"loc":{"start":{"line":127,"column":4},"end":{"line":127,"column":53}},"type":"if","locations":[{"start":{"line":127,"column":4},"end":{"line":127,"column":53}}]},"7":{"loc":{"start":{"line":149,"column":19},"end":{"line":149,"column":57}},"type":"cond-expr","locations":[{"start":{"line":149,"column":32},"end":{"line":149,"column":42}},{"start":{"line":149,"column":45},"end":{"line":149,"column":57}}]},"8":{"loc":{"start":{"line":153,"column":4},"end":{"line":158,"column":10}},"type":"cond-expr","locations":[{"start":{"line":154,"column":8},"end":{"line":154,"column":46}},{"start":{"line":155,"column":8},"end":{"line":158,"column":10}}]}},"s":{"0":12,"1":12,"2":12,"3":12,"4":12,"5":0,"6":0,"7":0,"8":0,"9":0,"10":0,"11":0,"12":0,"13":0,"14":0,"15":0,"16":0,"17":0,"18":0,"19":0,"20":0,"21":0,"22":0,"23":0,"24":0,"25":0,"26":0,"27":0,"28":0,"29":0,"30":0,"31":0,"32":0,"33":0,"34":0,"35":0,"36":0,"37":0,"38":0,"39":0,"40":0,"41":0,"42":12,"43":12},"f":{"0":0,"1":0,"2":0,"3":0,"4":0,"5":0,"6":0},"b":{"0":[0,0],"1":[0],"2":[0,0],"3":[0,0],"4":[0],"5":[0],"6":[0],"7":[0,0],"8":[0,0]}}
,"/home/henrique/SoilWeb/packages/backend/src/useCases/data/Actions/DeleteAction/DeleteACtionUseCase.ts": {"path":"/home/henrique/SoilWeb/packages/backend/src/useCases/data/Actions/DeleteAction/DeleteACtionUseCase.ts","statementMap":{"0":{"start":{"line":1,"column":0},"end":{"line":1,"column":46}},"1":{"start":{"line":3,"column":0},"end":{"line":3,"column":64}},"2":{"start":{"line":6,"column":25},"end":{"line":48,"column":null}},"3":{"start":{"line":8,"column":41},"end":{"line":8,"column":76}},"4":{"start":{"line":12,"column":4},"end":{"line":21,"column":null}},"5":{"start":{"line":13,"column":6},"end":{"line":13,"column":61}},"6":{"start":{"line":15,"column":6},"end":{"line":20,"column":8}},"7":{"start":{"line":25,"column":4},"end":{"line":34,"column":null}},"8":{"start":{"line":26,"column":6},"end":{"line":26,"column":59}},"9":{"start":{"line":28,"column":6},"end":{"line":33,"column":8}},"10":{"start":{"line":38,"column":31},"end":{"line":38,"column":71}},"11":{"start":{"line":40,"column":4},"end":{"line":40,"column":70}},"12":{"start":{"line":40,"column":29},"end":{"line":40,"column":70}},"13":{"start":{"line":42,"column":16},"end":{"line":42,"column":54}},"14":{"start":{"line":44,"column":4},"end":{"line":44,"column":72}},"15":{"start":{"line":45,"column":4},"end":{"line":45,"column":20}},"16":{"start":{"line":46,"column":4},"end":{"line":46,"column":15}},"17":{"start":{"line":6,"column":6},"end":{"line":48,"column":null}},"18":{"start":{"line":50,"column":9},"end":{"line":50,"column":28}}},"fnMap":{"0":{"name":"(anonymous_4)","decl":{"start":{"line":7,"column":2},"end":{"line":7,"column":null}},"loc":{"start":{"line":8,"column":76},"end":{"line":9,"column":6}}},"1":{"name":"(anonymous_5)","decl":{"start":{"line":11,"column":10},"end":{"line":11,"column":15}},"loc":{"start":{"line":11,"column":52},"end":{"line":22,"column":3}}},"2":{"name":"(anonymous_6)","decl":{"start":{"line":24,"column":10},"end":{"line":24,"column":15}},"loc":{"start":{"line":24,"column":50},"end":{"line":35,"column":3}}},"3":{"name":"(anonymous_7)","decl":{"start":{"line":37,"column":2},"end":{"line":37,"column":7}},"loc":{"start":{"line":37,"column":33},"end":{"line":47,"column":3}}}},"branchMap":{"0":{"loc":{"start":{"line":40,"column":4},"end":{"line":40,"column":70}},"type":"if","locations":[{"start":{"line":40,"column":4},"end":{"line":40,"column":70}}]}},"s":{"0":12,"1":12,"2":12,"3":0,"4":0,"5":0,"6":0,"7":0,"8":0,"9":0,"10":0,"11":0,"12":0,"13":0,"14":0,"15":0,"16":0,"17":12,"18":12},"f":{"0":0,"1":0,"2":0,"3":0},"b":{"0":[0]}}
,"/home/henrique/SoilWeb/packages/backend/src/useCases/data/Actions/DeleteAction/DeleteActionController.ts": {"path":"/home/henrique/SoilWeb/packages/backend/src/useCases/data/Actions/DeleteAction/DeleteActionController.ts","statementMap":{"0":{"start":{"line":2,"column":0},"end":{"line":2,"column":37}},"1":{"start":{"line":3,"column":0},"end":{"line":3,"column":64}},"2":{"start":{"line":4,"column":0},"end":{"line":4,"column":60}},"3":{"start":{"line":8,"column":26},"end":{"line":8,"column":36}},"4":{"start":{"line":9,"column":32},"end":{"line":9,"column":70}},"5":{"start":{"line":10,"column":4},"end":{"line":21,"column":null}},"6":{"start":{"line":11,"column":21},"end":{"line":11,"column":65}},"7":{"start":{"line":13,"column":6},"end":{"line":13,"column":35}},"8":{"start":{"line":15,"column":6},"end":{"line":20,"column":8}},"9":{"start":{"line":25,"column":9},"end":{"line":25,"column":31}}},"fnMap":{"0":{"name":"(anonymous_0)","decl":{"start":{"line":7,"column":2},"end":{"line":7,"column":7}},"loc":{"start":{"line":7,"column":62},"end":{"line":22,"column":3}}}},"branchMap":{},"s":{"0":12,"1":12,"2":12,"3":0,"4":0,"5":0,"6":0,"7":0,"8":0,"9":12},"f":{"0":0},"b":{}}
,"/home/henrique/SoilWeb/packages/backend/src/useCases/data/Actions/DeleteAllActions/DeleteALlActionController.ts": {"path":"/home/henrique/SoilWeb/packages/backend/src/useCases/data/Actions/DeleteAllActions/DeleteALlActionController.ts","statementMap":{"0":{"start":{"line":2,"column":0},"end":{"line":2,"column":37}},"1":{"start":{"line":3,"column":0},"end":{"line":3,"column":64}},"2":{"start":{"line":4,"column":0},"end":{"line":4,"column":76}},"3":{"start":{"line":8,"column":24},"end":{"line":8,"column":34}},"4":{"start":{"line":9,"column":35},"end":{"line":9,"column":77}},"5":{"start":{"line":10,"column":4},"end":{"line":21,"column":null}},"6":{"start":{"line":11,"column":21},"end":{"line":11,"column":66}},"7":{"start":{"line":13,"column":6},"end":{"line":13,"column":80}},"8":{"start":{"line":15,"column":6},"end":{"line":20,"column":8}},"9":{"start":{"line":25,"column":9},"end":{"line":25,"column":34}}},"fnMap":{"0":{"name":"(anonymous_0)","decl":{"start":{"line":7,"column":2},"end":{"line":7,"column":7}},"loc":{"start":{"line":7,"column":62},"end":{"line":22,"column":3}}}},"branchMap":{"0":{"loc":{"start":{"line":13,"column":6},"end":{"line":13,"column":79}},"type":"cond-expr","locations":[{"start":{"line":13,"column":15},"end":{"line":13,"column":43}},{"start":{"line":13,"column":46},"end":{"line":13,"column":79}}]}},"s":{"0":12,"1":12,"2":12,"3":0,"4":0,"5":0,"6":0,"7":0,"8":0,"9":12},"f":{"0":0},"b":{"0":[0,0]}}
,"/home/henrique/SoilWeb/packages/backend/src/useCases/data/Actions/DeleteAllActions/DeleteAllActionsByAuthorUseCase.ts": {"path":"/home/henrique/SoilWeb/packages/backend/src/useCases/data/Actions/DeleteAllActions/DeleteAllActionsByAuthorUseCase.ts","statementMap":{"0":{"start":{"line":1,"column":0},"end":{"line":1,"column":46}},"1":{"start":{"line":3,"column":0},"end":{"line":3,"column":64}},"2":{"start":{"line":6,"column":29},"end":{"line":47,"column":null}},"3":{"start":{"line":8,"column":41},"end":{"line":8,"column":76}},"4":{"start":{"line":9,"column":39},"end":{"line":9,"column":72}},"5":{"start":{"line":13,"column":4},"end":{"line":22,"column":null}},"6":{"start":{"line":14,"column":6},"end":{"line":14,"column":59}},"7":{"start":{"line":16,"column":6},"end":{"line":21,"column":8}},"8":{"start":{"line":26,"column":4},"end":{"line":35,"column":null}},"9":{"start":{"line":27,"column":6},"end":{"line":27,"column":60}},"10":{"start":{"line":29,"column":6},"end":{"line":34,"column":8}},"11":{"start":{"line":39,"column":30},"end":{"line":39,"column":72}},"12":{"start":{"line":41,"column":4},"end":{"line":41,"column":67}},"13":{"start":{"line":41,"column":28},"end":{"line":41,"column":67}},"14":{"start":{"line":43,"column":16},"end":{"line":43,"column":55}},"15":{"start":{"line":45,"column":4},"end":{"line":45,"column":15}},"16":{"start":{"line":6,"column":6},"end":{"line":47,"column":null}},"17":{"start":{"line":49,"column":9},"end":{"line":49,"column":32}}},"fnMap":{"0":{"name":"(anonymous_4)","decl":{"start":{"line":7,"column":2},"end":{"line":7,"column":null}},"loc":{"start":{"line":9,"column":72},"end":{"line":10,"column":6}}},"1":{"name":"(anonymous_5)","decl":{"start":{"line":12,"column":10},"end":{"line":12,"column":15}},"loc":{"start":{"line":12,"column":56},"end":{"line":23,"column":3}}},"2":{"name":"(anonymous_6)","decl":{"start":{"line":25,"column":10},"end":{"line":25,"column":15}},"loc":{"start":{"line":25,"column":51},"end":{"line":36,"column":3}}},"3":{"name":"(anonymous_7)","decl":{"start":{"line":38,"column":2},"end":{"line":38,"column":7}},"loc":{"start":{"line":38,"column":31},"end":{"line":46,"column":3}}}},"branchMap":{"0":{"loc":{"start":{"line":41,"column":4},"end":{"line":41,"column":67}},"type":"if","locations":[{"start":{"line":41,"column":4},"end":{"line":41,"column":67}}]}},"s":{"0":12,"1":12,"2":12,"3":0,"4":0,"5":0,"6":0,"7":0,"8":0,"9":0,"10":0,"11":0,"12":0,"13":0,"14":0,"15":0,"16":12,"17":12},"f":{"0":0,"1":0,"2":0,"3":0},"b":{"0":[0]}}
,"/home/henrique/SoilWeb/packages/backend/src/useCases/data/Actions/GetAllActions/GetAllActionUseCase.ts": {"path":"/home/henrique/SoilWeb/packages/backend/src/useCases/data/Actions/GetAllActions/GetAllActionUseCase.ts","statementMap":{"0":{"start":{"line":1,"column":0},"end":{"line":1,"column":46}},"1":{"start":{"line":3,"column":0},"end":{"line":3,"column":64}},"2":{"start":{"line":6,"column":26},"end":{"line":27,"column":null}},"3":{"start":{"line":8,"column":41},"end":{"line":8,"column":76}},"4":{"start":{"line":12,"column":4},"end":{"line":21,"column":null}},"5":{"start":{"line":13,"column":6},"end":{"line":13,"column":56}},"6":{"start":{"line":15,"column":6},"end":{"line":20,"column":8}},"7":{"start":{"line":25,"column":4},"end":{"line":25,"column":48}},"8":{"start":{"line":6,"column":6},"end":{"line":27,"column":null}},"9":{"start":{"line":29,"column":9},"end":{"line":29,"column":29}}},"fnMap":{"0":{"name":"(anonymous_4)","decl":{"start":{"line":7,"column":2},"end":{"line":7,"column":null}},"loc":{"start":{"line":8,"column":76},"end":{"line":9,"column":6}}},"1":{"name":"(anonymous_5)","decl":{"start":{"line":11,"column":10},"end":{"line":11,"column":15}},"loc":{"start":{"line":11,"column":39},"end":{"line":22,"column":3}}},"2":{"name":"(anonymous_6)","decl":{"start":{"line":24,"column":2},"end":{"line":24,"column":7}},"loc":{"start":{"line":24,"column":15},"end":{"line":26,"column":3}}}},"branchMap":{},"s":{"0":12,"1":12,"2":12,"3":0,"4":0,"5":0,"6":0,"7":0,"8":12,"9":12},"f":{"0":0,"1":0,"2":0},"b":{}}
,"/home/henrique/SoilWeb/packages/backend/src/useCases/data/Actions/GetAllActions/GetAllActionsController.ts": {"path":"/home/henrique/SoilWeb/packages/backend/src/useCases/data/Actions/GetAllActions/GetAllActionsController.ts","statementMap":{"0":{"start":{"line":2,"column":0},"end":{"line":2,"column":37}},"1":{"start":{"line":3,"column":0},"end":{"line":3,"column":64}},"2":{"start":{"line":4,"column":0},"end":{"line":4,"column":61}},"3":{"start":{"line":8,"column":32},"end":{"line":8,"column":71}},"4":{"start":{"line":9,"column":4},"end":{"line":21,"column":null}},"5":{"start":{"line":10,"column":22},"end":{"line":10,"column":57}},"6":{"start":{"line":12,"column":6},"end":{"line":12,"column":24}},"7":{"start":{"line":14,"column":6},"end":{"line":19,"column":8}},"8":{"start":{"line":20,"column":6},"end":{"line":20,"column":13}},"9":{"start":{"line":25,"column":9},"end":{"line":25,"column":32}}},"fnMap":{"0":{"name":"(anonymous_0)","decl":{"start":{"line":7,"column":2},"end":{"line":7,"column":7}},"loc":{"start":{"line":7,"column":62},"end":{"line":22,"column":3}}}},"branchMap":{},"s":{"0":12,"1":12,"2":12,"3":0,"4":0,"5":0,"6":0,"7":0,"8":0,"9":12},"f":{"0":0},"b":{}}
,"/home/henrique/SoilWeb/packages/backend/src/useCases/data/Cycles/GetCycles/GetCycleController.ts": {"path":"/home/henrique/SoilWeb/packages/backend/src/useCases/data/Cycles/GetCycles/GetCycleController.ts","statementMap":{"0":{"start":{"line":2,"column":0},"end":{"line":2,"column":37}},"1":{"start":{"line":3,"column":0},"end":{"line":3,"column":53}},"2":{"start":{"line":4,"column":0},"end":{"line":4,"column":54}},"3":{"start":{"line":8,"column":37},"end":{"line":8,"column":47}},"4":{"start":{"line":10,"column":29},"end":{"line":10,"column":64}},"5":{"start":{"line":12,"column":4},"end":{"line":18,"column":null}},"6":{"start":{"line":13,"column":24},"end":{"line":13,"column":76}},"7":{"start":{"line":14,"column":6},"end":{"line":14,"column":26}},"8":{"start":{"line":16,"column":6},"end":{"line":16,"column":78}},"9":{"start":{"line":17,"column":6},"end":{"line":17,"column":13}},"10":{"start":{"line":22,"column":9},"end":{"line":22,"column":27}}},"fnMap":{"0":{"name":"(anonymous_0)","decl":{"start":{"line":7,"column":2},"end":{"line":7,"column":7}},"loc":{"start":{"line":7,"column":62},"end":{"line":19,"column":3}}}},"branchMap":{},"s":{"0":12,"1":12,"2":12,"3":0,"4":0,"5":0,"6":0,"7":0,"8":0,"9":0,"10":12},"f":{"0":0},"b":{}}
,"/home/henrique/SoilWeb/packages/backend/src/useCases/data/Cycles/GetCycles/GetCyclesUseCase.ts": {"path":"/home/henrique/SoilWeb/packages/backend/src/useCases/data/Cycles/GetCycles/GetCyclesUseCase.ts","statementMap":{"0":{"start":{"line":1,"column":0},"end":{"line":1,"column":26}},"1":{"start":{"line":2,"column":0},"end":{"line":2,"column":46}},"2":{"start":{"line":6,"column":0},"end":{"line":6,"column":56}},"3":{"start":{"line":7,"column":0},"end":{"line":7,"column":53}},"4":{"start":{"line":8,"column":0},"end":{"line":8,"column":35}},"5":{"start":{"line":9,"column":0},"end":{"line":9,"column":45}},"6":{"start":{"line":10,"column":0},"end":{"line":10,"column":55}},"7":{"start":{"line":11,"column":0},"end":{"line":11,"column":55}},"8":{"start":{"line":13,"column":0},"end":{"line":13,"column":28}},"9":{"start":{"line":14,"column":0},"end":{"line":14,"column":18}},"10":{"start":{"line":15,"column":0},"end":{"line":15,"column":23}},"11":{"start":{"line":38,"column":22},"end":{"line":237,"column":null}},"12":{"start":{"line":49,"column":40},"end":{"line":49,"column":73}},"13":{"start":{"line":51,"column":12},"end":{"line":51,"column":63}},"14":{"start":{"line":43,"column":10},"end":{"line":46,"column":39}},"15":{"start":{"line":53,"column":4},"end":{"line":53,"column":28}},"16":{"start":{"line":54,"column":4},"end":{"line":54,"column":44}},"17":{"start":{"line":58,"column":4},"end":{"line":67,"column":null}},"18":{"start":{"line":59,"column":6},"end":{"line":59,"column":78}},"19":{"start":{"line":61,"column":6},"end":{"line":66,"column":8}},"20":{"start":{"line":75,"column":4},"end":{"line":84,"column":null}},"21":{"start":{"line":76,"column":6},"end":{"line":76,"column":78}},"22":{"start":{"line":78,"column":6},"end":{"line":83,"column":8}},"23":{"start":{"line":88,"column":31},"end":{"line":88,"column":46}},"24":{"start":{"line":89,"column":15},"end":{"line":95,"column":26}},"25":{"start":{"line":96,"column":4},"end":{"line":96,"column":23}},"26":{"start":{"line":103,"column":22},"end":{"line":103,"column":47}},"27":{"start":{"line":104,"column":20},"end":{"line":104,"column":44}},"28":{"start":{"line":106,"column":19},"end":{"line":109,"column":null}},"29":{"start":{"line":118,"column":4},"end":{"line":235,"column":null}},"30":{"start":{"line":119,"column":6},"end":{"line":119,"column":37}},"31":{"start":{"line":120,"column":6},"end":{"line":120,"column":68}},"32":{"start":{"line":121,"column":6},"end":{"line":121,"column":37}},"33":{"start":{"line":122,"column":6},"end":{"line":122,"column":16}},"34":{"start":{"line":124,"column":6},"end":{"line":223,"column":null}},"35":{"start":{"line":125,"column":8},"end":{"line":170,"column":null}},"36":{"start":{"line":126,"column":10},"end":{"line":151,"column":null}},"37":{"start":{"line":127,"column":12},"end":{"line":127,"column":50}},"38":{"start":{"line":128,"column":12},"end":{"line":128,"column":70}},"39":{"start":{"line":129,"column":12},"end":{"line":135,"column":15}},"40":{"start":{"line":137,"column":12},"end":{"line":137,"column":51}},"41":{"start":{"line":138,"column":12},"end":{"line":138,"column":36}},"42":{"start":{"line":139,"column":12},"end":{"line":142,"column":49}},"43":{"start":{"line":144,"column":12},"end":{"line":150,"column":15}},"44":{"start":{"line":153,"column":10},"end":{"line":169,"column":null}},"45":{"start":{"line":154,"column":12},"end":{"line":154,"column":35}},"46":{"start":{"line":155,"column":12},"end":{"line":155,"column":72}},"47":{"start":{"line":156,"column":12},"end":{"line":156,"column":49}},"48":{"start":{"line":157,"column":12},"end":{"line":161,"column":14}},"49":{"start":{"line":162,"column":12},"end":{"line":168,"column":15}},"50":{"start":{"line":172,"column":26},"end":{"line":173,"column":null}},"51":{"start":{"line":176,"column":8},"end":{"line":176,"column":67}},"52":{"start":{"line":176,"column":24},"end":{"line":176,"column":67}},"53":{"start":{"line":178,"column":40},"end":{"line":178,"column":44}},"54":{"start":{"line":179,"column":8},"end":{"line":179,"column":61}},"55":{"start":{"line":181,"column":8},"end":{"line":219,"column":null}},"56":{"start":{"line":182,"column":10},"end":{"line":218,"column":null}},"57":{"start":{"line":183,"column":12},"end":{"line":213,"column":null}},"58":{"start":{"line":187,"column":14},"end":{"line":189,"column":16}},"59":{"start":{"line":190,"column":41},"end":{"line":190,"column":58}},"60":{"start":{"line":192,"column":14},"end":{"line":208,"column":null}},"61":{"start":{"line":193,"column":33},"end":{"line":193,"column":74}},"62":{"start":{"line":194,"column":38},"end":{"line":196,"column":null}},"63":{"start":{"line":198,"column":16},"end":{"line":202,"column":21}},"64":{"start":{"line":204,"column":16},"end":{"line":207,"column":19}},"65":{"start":{"line":210,"column":14},"end":{"line":212,"column":16}},"66":{"start":{"line":215,"column":12},"end":{"line":215,"column":49}},"67":{"start":{"line":217,"column":12},"end":{"line":217,"column":61}},"68":{"start":{"line":221,"column":8},"end":{"line":221,"column":26}},"69":{"start":{"line":222,"column":8},"end":{"line":222,"column":28}},"70":{"start":{"line":228,"column":6},"end":{"line":230,"column":null}},"71":{"start":{"line":229,"column":8},"end":{"line":229,"column":46}},"72":{"start":{"line":234,"column":6},"end":{"line":234,"column":37}},"73":{"start":{"line":38,"column":6},"end":{"line":237,"column":null}},"74":{"start":{"line":239,"column":9},"end":{"line":239,"column":25}}},"fnMap":{"0":{"name":"(anonymous_5)","decl":{"start":{"line":48,"column":2},"end":{"line":48,"column":null}},"loc":{"start":{"line":51,"column":63},"end":{"line":55,"column":3}}},"1":{"name":"(anonymous_6)","decl":{"start":{"line":57,"column":10},"end":{"line":57,"column":15}},"loc":{"start":{"line":57,"column":61},"end":{"line":68,"column":3}}},"2":{"name":"(anonymous_7)","decl":{"start":{"line":70,"column":10},"end":{"line":70,"column":15}},"loc":{"start":{"line":73,"column":22},"end":{"line":85,"column":3}}},"3":{"name":"(anonymous_8)","decl":{"start":{"line":87,"column":2},"end":{"line":87,"column":12}},"loc":{"start":{"line":87,"column":39},"end":{"line":97,"column":3}}},"4":{"name":"(anonymous_9)","decl":{"start":{"line":99,"column":2},"end":{"line":99,"column":14}},"loc":{"start":{"line":99,"column":33},"end":{"line":99,"column":37}}},"5":{"name":"(anonymous_10)","decl":{"start":{"line":101,"column":2},"end":{"line":101,"column":7}},"loc":{"start":{"line":101,"column":76},"end":{"line":236,"column":3}}}},"branchMap":{"0":{"loc":{"start":{"line":118,"column":4},"end":{"line":235,"column":null}},"type":"if","locations":[{"start":{"line":118,"column":4},"end":{"line":235,"column":null}},{"start":{"line":123,"column":11},"end":{"line":235,"column":null}}]},"1":{"loc":{"start":{"line":118,"column":8},"end":{"line":118,"column":37}},"type":"binary-expr","locations":[{"start":{"line":118,"column":8},"end":{"line":118,"column":15}},{"start":{"line":118,"column":19},"end":{"line":118,"column":37}}]},"2":{"loc":{"start":{"line":125,"column":8},"end":{"line":170,"column":null}},"type":"if","locations":[{"start":{"line":125,"column":8},"end":{"line":170,"column":null}},{"start":{"line":152,"column":15},"end":{"line":170,"column":null}}]},"3":{"loc":{"start":{"line":126,"column":10},"end":{"line":151,"column":null}},"type":"if","locations":[{"start":{"line":126,"column":10},"end":{"line":151,"column":null}},{"start":{"line":143,"column":17},"end":{"line":151,"column":null}}]},"4":{"loc":{"start":{"line":153,"column":10},"end":{"line":169,"column":null}},"type":"if","locations":[{"start":{"line":153,"column":10},"end":{"line":169,"column":null}}]},"5":{"loc":{"start":{"line":176,"column":8},"end":{"line":176,"column":67}},"type":"if","locations":[{"start":{"line":176,"column":8},"end":{"line":176,"column":67}}]},"6":{"loc":{"start":{"line":182,"column":10},"end":{"line":218,"column":null}},"type":"if","locations":[{"start":{"line":182,"column":10},"end":{"line":218,"column":null}},{"start":{"line":216,"column":17},"end":{"line":218,"column":null}}]},"7":{"loc":{"start":{"line":183,"column":12},"end":{"line":213,"column":null}},"type":"if","locations":[{"start":{"line":183,"column":12},"end":{"line":213,"column":null}},{"start":{"line":209,"column":19},"end":{"line":213,"column":null}}]},"8":{"loc":{"start":{"line":184,"column":14},"end":{"line":185,"column":69}},"type":"binary-expr","locations":[{"start":{"line":184,"column":14},"end":{"line":184,"column":33}},{"start":{"line":185,"column":14},"end":{"line":185,"column":69}}]},"9":{"loc":{"start":{"line":192,"column":14},"end":{"line":208,"column":null}},"type":"if","locations":[{"start":{"line":192,"column":14},"end":{"line":208,"column":null}},{"start":{"line":203,"column":21},"end":{"line":208,"column":null}}]},"10":{"loc":{"start":{"line":192,"column":18},"end":{"line":192,"column":61}},"type":"binary-expr","locations":[{"start":{"line":192,"column":18},"end":{"line":192,"column":32}},{"start":{"line":192,"column":36},"end":{"line":192,"column":61}}]},"11":{"loc":{"start":{"line":198,"column":16},"end":{"line":202,"column":20}},"type":"binary-expr","locations":[{"start":{"line":198,"column":16},"end":{"line":198,"column":30}},{"start":{"line":199,"column":18},"end":{"line":202,"column":20}}]},"12":{"loc":{"start":{"line":228,"column":6},"end":{"line":230,"column":null}},"type":"if","locations":[{"start":{"line":228,"column":6},"end":{"line":230,"column":null}}]}},"s":{"0":12,"1":12,"2":12,"3":12,"4":12,"5":12,"6":12,"7":12,"8":12,"9":12,"10":12,"11":12,"12":0,"13":0,"14":0,"15":0,"16":0,"17":0,"18":0,"19":0,"20":0,"21":0,"22":0,"23":0,"24":0,"25":0,"26":0,"27":0,"28":0,"29":0,"30":0,"31":0,"32":0,"33":0,"34":0,"35":0,"36":0,"37":0,"38":0,"39":0,"40":0,"41":0,"42":0,"43":0,"44":0,"45":0,"46":0,"47":0,"48":0,"49":0,"50":0,"51":0,"52":0,"53":0,"54":0,"55":0,"56":0,"57":0,"58":0,"59":0,"60":0,"61":0,"62":0,"63":0,"64":0,"65":0,"66":0,"67":0,"68":0,"69":0,"70":0,"71":0,"72":0,"73":12,"74":12},"f":{"0":0,"1":0,"2":0,"3":0,"4":0,"5":0},"b":{"0":[0,0],"1":[0,0],"2":[0,0],"3":[0,0],"4":[0],"5":[0],"6":[0,0],"7":[0,0],"8":[0,0],"9":[0,0],"10":[0,0],"11":[0,0],"12":[0]}}
,"/home/henrique/SoilWeb/packages/backend/src/useCases/data/Cycles/GetLastCycles/GetLastCycleUseCase.ts": {"path":"/home/henrique/SoilWeb/packages/backend/src/useCases/data/Cycles/GetLastCycles/GetLastCycleUseCase.ts","statementMap":{"0":{"start":{"line":1,"column":0},"end":{"line":1,"column":46}},"1":{"start":{"line":6,"column":0},"end":{"line":6,"column":64}},"2":{"start":{"line":9,"column":25},"end":{"line":50,"column":null}},"3":{"start":{"line":11,"column":40},"end":{"line":11,"column":73}},"4":{"start":{"line":13,"column":12},"end":{"line":13,"column":62}},"5":{"start":{"line":17,"column":4},"end":{"line":26,"column":null}},"6":{"start":{"line":18,"column":6},"end":{"line":18,"column":80}},"7":{"start":{"line":20,"column":6},"end":{"line":25,"column":8}},"8":{"start":{"line":30,"column":22},"end":{"line":30,"column":71}},"9":{"start":{"line":32,"column":4},"end":{"line":46,"column":null}},"10":{"start":{"line":33,"column":6},"end":{"line":42,"column":null}},"11":{"start":{"line":34,"column":24},"end":{"line":34,"column":76}},"12":{"start":{"line":36,"column":8},"end":{"line":41,"column":null}},"13":{"start":{"line":37,"column":10},"end":{"line":40,"column":12}},"14":{"start":{"line":43,"column":6},"end":{"line":45,"column":null}},"15":{"start":{"line":44,"column":8},"end":{"line":44,"column":56}},"16":{"start":{"line":48,"column":4},"end":{"line":48,"column":14}},"17":{"start":{"line":9,"column":6},"end":{"line":50,"column":null}},"18":{"start":{"line":52,"column":9},"end":{"line":52,"column":28}}},"fnMap":{"0":{"name":"(anonymous_4)","decl":{"start":{"line":10,"column":2},"end":{"line":10,"column":null}},"loc":{"start":{"line":13,"column":62},"end":{"line":14,"column":6}}},"1":{"name":"(anonymous_5)","decl":{"start":{"line":16,"column":2},"end":{"line":16,"column":7}},"loc":{"start":{"line":16,"column":41},"end":{"line":27,"column":3}}},"2":{"name":"(anonymous_6)","decl":{"start":{"line":29,"column":2},"end":{"line":29,"column":7}},"loc":{"start":{"line":29,"column":48},"end":{"line":49,"column":3}}}},"branchMap":{"0":{"loc":{"start":{"line":32,"column":4},"end":{"line":46,"column":null}},"type":"if","locations":[{"start":{"line":32,"column":4},"end":{"line":46,"column":null}}]},"1":{"loc":{"start":{"line":33,"column":6},"end":{"line":42,"column":null}},"type":"if","locations":[{"start":{"line":33,"column":6},"end":{"line":42,"column":null}}]},"2":{"loc":{"start":{"line":36,"column":8},"end":{"line":41,"column":null}},"type":"if","locations":[{"start":{"line":36,"column":8},"end":{"line":41,"column":null}}]},"3":{"loc":{"start":{"line":43,"column":6},"end":{"line":45,"column":null}},"type":"if","locations":[{"start":{"line":43,"column":6},"end":{"line":45,"column":null}}]}},"s":{"0":12,"1":12,"2":12,"3":0,"4":0,"5":0,"6":0,"7":0,"8":0,"9":0,"10":0,"11":0,"12":0,"13":0,"14":0,"15":0,"16":0,"17":12,"18":12},"f":{"0":0,"1":0,"2":0},"b":{"0":[0],"1":[0],"2":[0],"3":[0]}}
,"/home/henrique/SoilWeb/packages/backend/src/useCases/data/Cycles/GetLastCycles/GetLastCyclesController.ts": {"path":"/home/henrique/SoilWeb/packages/backend/src/useCases/data/Cycles/GetLastCycles/GetLastCyclesController.ts","statementMap":{"0":{"start":{"line":2,"column":0},"end":{"line":2,"column":37}},"1":{"start":{"line":3,"column":0},"end":{"line":3,"column":60}},"2":{"start":{"line":7,"column":25},"end":{"line":7,"column":35}},"3":{"start":{"line":9,"column":32},"end":{"line":9,"column":70}},"4":{"start":{"line":11,"column":4},"end":{"line":18,"column":null}},"5":{"start":{"line":12,"column":24},"end":{"line":12,"column":67}},"6":{"start":{"line":13,"column":6},"end":{"line":13,"column":26}},"7":{"start":{"line":15,"column":6},"end":{"line":15,"column":58}},"8":{"start":{"line":16,"column":6},"end":{"line":16,"column":23}},"9":{"start":{"line":17,"column":6},"end":{"line":17,"column":13}},"10":{"start":{"line":22,"column":9},"end":{"line":22,"column":31}}},"fnMap":{"0":{"name":"(anonymous_0)","decl":{"start":{"line":6,"column":2},"end":{"line":6,"column":7}},"loc":{"start":{"line":6,"column":62},"end":{"line":19,"column":3}}}},"branchMap":{},"s":{"0":12,"1":12,"2":0,"3":0,"4":0,"5":0,"6":0,"7":0,"8":0,"9":0,"10":12},"f":{"0":0},"b":{}}
,"/home/henrique/SoilWeb/packages/backend/src/useCases/data/Farms/index.ts": {"path":"/home/henrique/SoilWeb/packages/backend/src/useCases/data/Farms/index.ts","statementMap":{"0":{"start":{"line":1,"column":0},"end":{"line":1,"column":48}},"1":{"start":{"line":2,"column":0},"end":{"line":2,"column":47}},"2":{"start":{"line":3,"column":0},"end":{"line":3,"column":49}},"3":{"start":{"line":4,"column":0},"end":{"line":4,"column":63}},"4":{"start":{"line":5,"column":0},"end":{"line":5,"column":48}},"5":{"start":{"line":6,"column":0},"end":{"line":6,"column":47}}},"fnMap":{},"branchMap":{},"s":{"0":12,"1":12,"2":12,"3":12,"4":12,"5":12},"f":{},"b":{}}
[...]
,"/home/henrique/SoilWeb/packages/backend/src/useCases/data/User/GetAllUsers/GetAllUserController.ts": {"path":"/home/henrique/SoilWeb/packages/backend/src/useCases/data/User/GetAllUsers/GetAllUserController.ts","statementMap":{"0":{"start":{"line":1,"column":0},"end":{"line":1,"column":59}},"1":{"start":{"line":3,"column":0},"end":{"line":3,"column":37}},"2":{"start":{"line":4,"column":0},"end":{"line":4,"column":53}},"3":{"start":{"line":5,"column":0},"end":{"line":5,"column":56}},"4":{"start":{"line":9,"column":4},"end":{"line":25,"column":null}},"5":{"start":{"line":10,"column":6},"end":{"line":10,"column":71}},"6":{"start":{"line":12,"column":32},"end":{"line":12,"column":68}},"7":{"start":{"line":13,"column":6},"end":{"line":24,"column":null}},"8":{"start":{"line":14,"column":26},"end":{"line":14,"column":59}},"9":{"start":{"line":15,"column":8},"end":{"line":15,"column":47}},"10":{"start":{"line":17,"column":8},"end":{"line":22,"column":10}},"11":{"start":{"line":23,"column":8},"end":{"line":23,"column":53}},"12":{"start":{"line":29,"column":9},"end":{"line":29,"column":29}}},"fnMap":{"0":{"name":"(anonymous_0)","decl":{"start":{"line":8,"column":2},"end":{"line":8,"column":7}},"loc":{"start":{"line":8,"column":62},"end":{"line":26,"column":3}}}},"branchMap":{"0":{"loc":{"start":{"line":9,"column":4},"end":{"line":25,"column":null}},"type":"if","locations":[{"start":{"line":9,"column":4},"end":{"line":25,"column":null}},{"start":{"line":11,"column":11},"end":{"line":25,"column":null}}]}},"s":{"0":12,"1":12,"2":12,"3":12,"4":6,"5":1,"6":5,"7":5,"8":5,"9":4,"10":1,"11":1,"12":12},"f":{"0":6},"b":{"0":[1,5]}}
,"/home/henrique/SoilWeb/packages/backend/src/useCases/data/User/GetAllUsers/GetAllUserUseCase.ts": {"path":"/home/henrique/SoilWeb/packages/backend/src/useCases/data/User/GetAllUsers/GetAllUserUseCase.ts","statementMap":{"0":{"start":{"line":2,"column":0},"end":{"line":2,"column":46}},"1":{"start":{"line":3,"column":0},"end":{"line":3,"column":53}},"2":{"start":{"line":4,"column":0},"end":{"line":4,"column":null}},"3":{"start":{"line":13,"column":23},"end":{"line":34,"column":null}},"4":{"start":{"line":15,"column":34},"end":{"line":15,"column":70}},"5":{"start":{"line":19,"column":4},"end":{"line":24,"column":null}},"6":{"start":{"line":20,"column":6},"end":{"line":20,"column":57}},"7":{"start":{"line":22,"column":6},"end":{"line":22,"column":80}},"8":{"start":{"line":23,"column":6},"end":{"line":23,"column":28}},"9":{"start":{"line":28,"column":18},"end":{"line":28,"column":49}},"10":{"start":{"line":30,"column":4},"end":{"line":32,"column":22}},"11":{"start":{"line":30,"column":34},"end":{"line":30,"column":66}},"12":{"start":{"line":31,"column":9},"end":{"line":32,"column":22}},"13":{"start":{"line":31,"column":42},"end":{"line":31,"column":73}},"14":{"start":{"line":32,"column":9},"end":{"line":32,"column":22}},"15":{"start":{"line":13,"column":6},"end":{"line":34,"column":null}},"16":{"start":{"line":36,"column":9},"end":{"line":36,"column":26}}},"fnMap":{"0":{"name":"(anonymous_4)","decl":{"start":{"line":14,"column":2},"end":{"line":14,"column":null}},"loc":{"start":{"line":15,"column":70},"end":{"line":16,"column":6}}},"1":{"name":"(anonymous_5)","decl":{"start":{"line":18,"column":10},"end":{"line":18,"column":15}},"loc":{"start":{"line":18,"column":34},"end":{"line":25,"column":3}}},"2":{"name":"(anonymous_6)","decl":{"start":{"line":27,"column":2},"end":{"line":27,"column":7}},"loc":{"start":{"line":27,"column":15},"end":{"line":33,"column":3}}}},"branchMap":{"0":{"loc":{"start":{"line":30,"column":4},"end":{"line":32,"column":22}},"type":"if","locations":[{"start":{"line":30,"column":4},"end":{"line":32,"column":22}},{"start":{"line":31,"column":9},"end":{"line":32,"column":22}}]},"1":{"loc":{"start":{"line":31,"column":9},"end":{"line":32,"column":22}},"type":"if","locations":[{"start":{"line":31,"column":9},"end":{"line":32,"column":22}},{"start":{"line":32,"column":9},"end":{"line":32,"column":22}}]},"2":{"loc":{"start":{"line":31,"column":13},"end":{"line":31,"column":40}},"type":"binary-expr","locations":[{"start":{"line":31,"column":13},"end":{"line":31,"column":19}},{"start":{"line":31,"column":23},"end":{"line":31,"column":40}}]}},"s":{"0":25,"1":25,"2":25,"3":25,"4":6,"5":10,"6":10,"7":1,"8":1,"9":10,"10":10,"11":1,"12":9,"13":2,"14":7,"15":25,"16":25},"f":{"0":6,"1":10,"2":10},"b":{"0":[1,9],"1":[2,7],"2":[9,8]}}
,"/home/henrique/SoilWeb/packages/backend/src/useCases/data/User/Updateuser/UpdateUserController.ts": {"path":"/home/henrique/SoilWeb/packages/backend/src/useCases/data/User/Updateuser/UpdateUserController.ts","statementMap":{"0":{"start":{"line":2,"column":0},"end":{"line":2,"column":37}},"1":{"start":{"line":3,"column":0},"end":{"line":3,"column":53}},"2":{"start":{"line":4,"column":0},"end":{"line":4,"column":56}},"3":{"start":{"line":5,"column":0},"end":{"line":5,"column":59}},"4":{"start":{"line":13,"column":52},"end":{"line":13,"column":64}},"5":{"start":{"line":15,"column":4},"end":{"line":38,"column":null}},"6":{"start":{"line":16,"column":6},"end":{"line":16,"column":76}},"7":{"start":{"line":18,"column":32},"end":{"line":18,"column":68}},"8":{"start":{"line":20,"column":6},"end":{"line":37,"column":null}},"9":{"start":{"line":21,"column":23},"end":{"line":26,"column":10}},"10":{"start":{"line":28,"column":8},"end":{"line":28,"column":49}},"11":{"start":{"line":30,"column":8},"end":{"line":35,"column":10}},"12":{"start":{"line":36,"column":8},"end":{"line":36,"column":58}},"13":{"start":{"line":42,"column":9},"end":{"line":42,"column":29}}},"fnMap":{"0":{"name":"(anonymous_0)","decl":{"start":{"line":8,"column":2},"end":{"line":8,"column":7}},"loc":{"start":{"line":11,"column":22},"end":{"line":39,"column":3}}}},"branchMap":{"0":{"loc":{"start":{"line":15,"column":4},"end":{"line":38,"column":null}},"type":"if","locations":[{"start":{"line":15,"column":4},"end":{"line":38,"column":null}},{"start":{"line":17,"column":11},"end":{"line":38,"column":null}}]}},"s":{"0":12,"1":12,"2":12,"3":12,"4":8,"5":8,"6":1,"7":7,"8":7,"9":7,"10":1,"11":6,"12":6,"13":12},"f":{"0":8},"b":{"0":[1,7]}}
,"/home/henrique/SoilWeb/packages/backend/src/useCases/data/User/Updateuser/UpdateUserUseCase.ts": {"path":"/home/henrique/SoilWeb/packages/backend/src/useCases/data/User/Updateuser/UpdateUserUseCase.ts","statementMap":{"0":{"start":{"line":1,"column":0},"end":{"line":1,"column":46}},"1":{"start":{"line":3,"column":0},"end":{"line":3,"column":53}},"2":{"start":{"line":5,"column":0},"end":{"line":5,"column":null}},"3":{"start":{"line":14,"column":0},"end":{"line":14,"column":66}},"4":{"start":{"line":17,"column":23},"end":{"line":160,"column":null}},"5":{"start":{"line":22,"column":35},"end":{"line":22,"column":72}},"6":{"start":{"line":23,"column":34},"end":{"line":23,"column":72}},"7":{"start":{"line":24,"column":33},"end":{"line":24,"column":54}},"8":{"start":{"line":25,"column":38},"end":{"line":25,"column":71}},"9":{"start":{"line":27,"column":4},"end":{"line":27,"column":31}},"10":{"start":{"line":31,"column":4},"end":{"line":46,"column":null}},"11":{"start":{"line":32,"column":6},"end":{"line":36,"column":9}},"12":{"start":{"line":38,"column":6},"end":{"line":43,"column":8}},"13":{"start":{"line":45,"column":6},"end":{"line":45,"column":28}},"14":{"start":{"line":50,"column":4},"end":{"line":60,"column":null}},"15":{"start":{"line":51,"column":6},"end":{"line":56,"column":9}},"16":{"start":{"line":58,"column":6},"end":{"line":58,"column":78}},"17":{"start":{"line":59,"column":6},"end":{"line":59,"column":28}},"18":{"start":{"line":67,"column":28},"end":{"line":70,"column":6}},"19":{"start":{"line":72,"column":4},"end":{"line":84,"column":null}},"20":{"start":{"line":73,"column":6},"end":{"line":73,"column":36}},"21":{"start":{"line":75,"column":6},"end":{"line":75,"column":52}},"22":{"start":{"line":77,"column":6},"end":{"line":83,"column":26}},"23":{"start":{"line":82,"column":8},"end":{"line":82,"column":20}},"24":{"start":{"line":83,"column":13},"end":{"line":83,"column":26}},"25":{"start":{"line":88,"column":30},"end":{"line":90,"column":6}},"26":{"start":{"line":92,"column":4},"end":{"line":96,"column":null}},"27":{"start":{"line":93,"column":6},"end":{"line":93,"column":39}},"28":{"start":{"line":95,"column":6},"end":{"line":95,"column":43}},"29":{"start":{"line":110,"column":23},"end":{"line":110,"column":65}},"30":{"start":{"line":112,"column":4},"end":{"line":158,"column":null}},"31":{"start":{"line":112,"column":39},"end":{"line":112,"column":71}},"32":{"start":{"line":113,"column":9},"end":{"line":158,"column":null}},"33":{"start":{"line":113,"column":26},"end":{"line":113,"column":57}},"34":{"start":{"line":119,"column":23},"end":{"line":124,"column":8}},"35":{"start":{"line":130,"column":6},"end":{"line":157,"column":null}},"36":{"start":{"line":131,"column":8},"end":{"line":131,"column":48}},"37":{"start":{"line":132,"column":13},"end":{"line":157,"column":null}},"38":{"start":{"line":133,"column":8},"end":{"line":133,"column":33}},"39":{"start":{"line":139,"column":8},"end":{"line":139,"column":73}},"40":{"start":{"line":139,"column":33},"end":{"line":139,"column":73}},"41":{"start":{"line":141,"column":21},"end":{"line":146,"column":10}},"42":{"start":{"line":152,"column":24},"end":{"line":152,"column":61}},"43":{"start":{"line":154,"column":8},"end":{"line":156,"column":28}},"44":{"start":{"line":154,"column":40},"end":{"line":154,"column":72}},"45":{"start":{"line":155,"column":13},"end":{"line":156,"column":28}},"46":{"start":{"line":155,"column":27},"end":{"line":155,"column":60}},"47":{"start":{"line":156,"column":13},"end":{"line":156,"column":28}},"48":{"start":{"line":100,"column":2},"end":{"line":159,"column":null}},"49":{"start":{"line":17,"column":6},"end":{"line":160,"column":null}},"50":{"start":{"line":162,"column":9},"end":{"line":162,"column":26}}},"fnMap":{"0":{"name":"(anonymous_4)","decl":{"start":{"line":21,"column":2},"end":{"line":21,"column":null}},"loc":{"start":{"line":25,"column":71},"end":{"line":28,"column":3}}},"1":{"name":"(anonymous_5)","decl":{"start":{"line":30,"column":10},"end":{"line":30,"column":15}},"loc":{"start":{"line":30,"column":53},"end":{"line":47,"column":3}}},"2":{"name":"(anonymous_6)","decl":{"start":{"line":49,"column":10},"end":{"line":49,"column":15}},"loc":{"start":{"line":49,"column":57},"end":{"line":61,"column":3}}},"3":{"name":"(anonymous_7)","decl":{"start":{"line":63,"column":10},"end":{"line":63,"column":15}},"loc":{"start":{"line":65,"column":22},"end":{"line":85,"column":3}}},"4":{"name":"(anonymous_8)","decl":{"start":{"line":87,"column":10},"end":{"line":87,"column":15}},"loc":{"start":{"line":87,"column":51},"end":{"line":97,"column":3}}},"5":{"name":"(anonymous_9)","decl":{"start":{"line":100,"column":2},"end":{"line":100,"column":7}},"loc":{"start":{"line":105,"column":30},"end":{"line":159,"column":3}}}},"branchMap":{"0":{"loc":{"start":{"line":72,"column":4},"end":{"line":84,"column":null}},"type":"if","locations":[{"start":{"line":72,"column":4},"end":{"line":84,"column":null}},{"start":{"line":74,"column":11},"end":{"line":84,"column":null}}]},"1":{"loc":{"start":{"line":75,"column":27},"end":{"line":75,"column":51}},"type":"binary-expr","locations":[{"start":{"line":75,"column":27},"end":{"line":75,"column":42}},{"start":{"line":75,"column":46},"end":{"line":75,"column":51}}]},"2":{"loc":{"start":{"line":77,"column":6},"end":{"line":83,"column":26}},"type":"if","locations":[{"start":{"line":77,"column":6},"end":{"line":83,"column":26}},{"start":{"line":83,"column":13},"end":{"line":83,"column":26}}]},"3":{"loc":{"start":{"line":78,"column":8},"end":{"line":80,"column":23}},"type":"binary-expr","locations":[{"start":{"line":78,"column":8},"end":{"line":78,"column":39}},{"start":{"line":79,"column":8},"end":{"line":79,"column":47}},{"start":{"line":80,"column":8},"end":{"line":80,"column":23}}]},"4":{"loc":{"start":{"line":92,"column":4},"end":{"line":96,"column":null}},"type":"if","locations":[{"start":{"line":92,"column":4},"end":{"line":96,"column":null}},{"start":{"line":94,"column":11},"end":{"line":96,"column":null}}]},"5":{"loc":{"start":{"line":112,"column":4},"end":{"line":158,"column":null}},"type":"if","locations":[{"start":{"line":112,"column":4},"end":{"line":158,"column":null}},{"start":{"line":113,"column":9},"end":{"line":158,"column":null}}]},"6":{"loc":{"start":{"line":113,"column":9},"end":{"line":158,"column":null}},"type":"if","locations":[{"start":{"line":113,"column":9},"end":{"line":158,"column":null}},{"start":{"line":114,"column":9},"end":{"line":158,"column":null}}]},"7":{"loc":{"start":{"line":130,"column":6},"end":{"line":157,"column":null}},"type":"if","locations":[{"start":{"line":130,"column":6},"end":{"line":157,"column":null}},{"start":{"line":132,"column":13},"end":{"line":157,"column":null}}]},"8":{"loc":{"start":{"line":132,"column":13},"end":{"line":157,"column":null}},"type":"if","locations":[{"start":{"line":132,"column":13},"end":{"line":157,"column":null}},{"start":{"line":134,"column":13},"end":{"line":157,"column":null}}]},"9":{"loc":{"start":{"line":139,"column":8},"end":{"line":139,"column":73}},"type":"if","locations":[{"start":{"line":139,"column":8},"end":{"line":139,"column":73}}]},"10":{"loc":{"start":{"line":145,"column":20},"end":{"line":145,"column":48}},"type":"binary-expr","locations":[{"start":{"line":145,"column":20},"end":{"line":145,"column":36}},{"start":{"line":145,"column":40},"end":{"line":145,"column":48}}]},"11":{"loc":{"start":{"line":154,"column":8},"end":{"line":156,"column":28}},"type":"if","locations":[{"start":{"line":154,"column":8},"end":{"line":156,"column":28}},{"start":{"line":155,"column":13},"end":{"line":156,"column":28}}]},"12":{"loc":{"start":{"line":155,"column":13},"end":{"line":156,"column":28}},"type":"if","locations":[{"start":{"line":155,"column":13},"end":{"line":156,"column":28}},{"start":{"line":156,"column":13},"end":{"line":156,"column":28}}]}},"s":{"0":25,"1":25,"2":25,"3":25,"4":25,"5":20,"6":20,"7":20,"8":20,"9":20,"10":15,"11":15,"12":1,"13":1,"14":9,"15":9,"16":1,"17":1,"18":12,"19":12,"20":1,"21":11,"22":11,"23":1,"24":10,"25":4,"26":4,"27":1,"28":3,"29":15,"30":15,"31":1,"32":14,"33":2,"34":12,"35":12,"36":1,"37":11,"38":1,"39":10,"40":4,"41":9,"42":9,"43":9,"44":1,"45":8,"46":1,"47":7,"48":25,"49":25,"50":25},"f":{"0":20,"1":15,"2":9,"3":12,"4":4,"5":15},"b":{"0":[1,11],"1":[11,4],"2":[1,10],"3":[11,1,1],"4":[1,3],"5":[1,14],"6":[2,12],"7":[1,11],"8":[1,10],"9":[4],"10":[9,6],"11":[1,8],"12":[1,7]}}
,"/home/henrique/SoilWeb/packages/backend/src/useCases/data/User/utils/encrypted-password/bcrypter-adapter.ts": {"path":"/home/henrique/SoilWeb/packages/backend/src/useCases/data/User/utils/encrypted-password/bcrypter-adapter.ts","statementMap":{"0":{"start":{"line":1,"column":0},"end":{"line":1,"column":28}},"1":{"start":{"line":5,"column":10},"end":{"line":5,"column":20}},"2":{"start":{"line":7,"column":4},"end":{"line":14,"column":null}},"3":{"start":{"line":8,"column":19},"end":{"line":8,"column":54}},"4":{"start":{"line":9,"column":6},"end":{"line":9,"column":18}},"5":{"start":{"line":11,"column":20},"end":{"line":11,"column":32}},"6":{"start":{"line":12,"column":6},"end":{"line":12,"column":33}},"7":{"start":{"line":13,"column":6},"end":{"line":13,"column":29}},"8":{"start":{"line":18,"column":9},"end":{"line":18,"column":22}}},"fnMap":{"0":{"name":"(anonymous_1)","decl":{"start":{"line":4,"column":0},"end":{"line":4,"column":6}},"loc":{"start":{"line":4,"column":0},"end":{"line":16,"column":1}}},"1":{"name":"(anonymous_2)","decl":{"start":{"line":6,"column":2},"end":{"line":6,"column":7}},"loc":{"start":{"line":6,"column":44},"end":{"line":15,"column":3}}}},"branchMap":{},"s":{"0":25,"1":30,"2":20,"3":20,"4":20,"5":0,"6":0,"7":0,"8":25},"f":{"0":30,"1":20},"b":{}}
,"/home/henrique/SoilWeb/packages/backend/src/useCases/data/User/utils/encrypted-password/compare-encrypted.ts": {"path":"/home/henrique/SoilWeb/packages/backend/src/useCases/data/User/utils/encrypted-password/compare-encrypted.ts","statementMap":{"0":{"start":{"line":1,"column":0},"end":{"line":1,"column":28}},"1":{"start":{"line":9,"column":4},"end":{"line":16,"column":null}},"2":{"start":{"line":10,"column":6},"end":{"line":10,"column":64}},"3":{"start":{"line":12,"column":6},"end":{"line":12,"column":49}},"4":{"start":{"line":13,"column":20},"end":{"line":13,"column":32}},"5":{"start":{"line":14,"column":6},"end":{"line":14,"column":33}},"6":{"start":{"line":15,"column":6},"end":{"line":15,"column":36}},"7":{"start":{"line":20,"column":9},"end":{"line":20,"column":22}}},"fnMap":{"0":{"name":"(anonymous_1)","decl":{"start":{"line":5,"column":2},"end":{"line":5,"column":7}},"loc":{"start":{"line":8,"column":27},"end":{"line":17,"column":3}}}},"branchMap":{},"s":{"0":25,"1":13,"2":13,"3":0,"4":0,"5":0,"6":0,"7":25},"f":{"0":13},"b":{}}
,"/home/henrique/SoilWeb/packages/backend/src/useCases/data/User/utils/encrypted-password/index.ts": {"path":"/home/henrique/SoilWeb/packages/backend/src/useCases/data/User/utils/encrypted-password/index.ts","statementMap":{"0":{"start":{"line":1,"column":0},"end":{"line":1,"column":35}},"1":{"start":{"line":2,"column":0},"end":{"line":2,"column":36}},"2":{"start":{"line":3,"column":0},"end":{"line":3,"column":28}}},"fnMap":{},"branchMap":{},"s":{"0":25,"1":25,"2":25},"f":{},"b":{}}
,"/home/henrique/SoilWeb/packages/backend/src/useCases/data/User/utils/token-jwt/index.ts": {"path":"/home/henrique/SoilWeb/packages/backend/src/useCases/data/User/utils/token-jwt/index.ts","statementMap":{"0":{"start":{"line":1,"column":0},"end":{"line":1,"column":31}},"1":{"start":{"line":6,"column":10},"end":{"line":7,"column":76}},"2":{"start":{"line":10,"column":4},"end":{"line":25,"column":null}},"3":{"start":{"line":11,"column":20},"end":{"line":19,"column":null}},"4":{"start":{"line":21,"column":6},"end":{"line":21,"column":19}},"5":{"start":{"line":23,"column":6},"end":{"line":23,"column":25}},"6":{"start":{"line":24,"column":6},"end":{"line":24,"column":18}},"7":{"start":{"line":29,"column":9},"end":{"line":29,"column":18}}},"fnMap":{"0":{"name":"(anonymous_1)","decl":{"start":{"line":5,"column":0},"end":{"line":5,"column":6}},"loc":{"start":{"line":5,"column":0},"end":{"line":27,"column":1}}},"1":{"name":"(anonymous_2)","decl":{"start":{"line":9,"column":2},"end":{"line":9,"column":7}},"loc":{"start":{"line":9,"column":30},"end":{"line":26,"column":3}}}},"branchMap":{"0":{"loc":{"start":{"line":7,"column":4},"end":{"line":7,"column":75}},"type":"cond-expr","locations":[{"start":{"line":7,"column":38},"end":{"line":7,"column":48}},{"start":{"line":7,"column":51},"end":{"line":7,"column":75}}]}},"s":{"0":25,"1":39,"2":29,"3":29,"4":29,"5":0,"6":0,"7":25},"f":{"0":39,"1":29},"b":{"0":[39,0]}}
}
