TN:
SF:src/app.ts
FNF:0
FNH:0
DA:1,12
DA:2,12
DA:3,12
DA:4,12
DA:6,12
DA:7,12
DA:9,12
DA:10,12
DA:11,12
DA:12,12
DA:14,12
LF:11
LH:11
BRF:0
BRH:0
end_of_record
TN:
SF:src/knexfile.ts
FNF:0
FNH:0
DA:2,15
DA:3,15
DA:4,15
DA:6,15
LF:4
LH:4
BRF:0
BRH:0
end_of_record
TN:
SF:src/database/index.ts
FN:4,(anonymous_1)
FNF:1
FNH:1
FNDA:15,(anonymous_1)
DA:1,15
DA:2,15
DA:4,15
DA:5,15
DA:7,15
DA:9,0
DA:11,0
DA:13,0
DA:17,15
DA:18,15
DA:19,15
LF:11
LH:8
BRDA:5,0,0,15
BRDA:5,0,1,0
BRDA:5,0,2,0
BRDA:5,0,3,0
BRDA:17,1,0,15
BRDA:17,1,1,0
BRF:6
BRH:2
end_of_record
TN:
SF:src/database/model/Farm.ts
FNF:0
FNH:0
DA:15,24
LF:1
LH:1
BRF:0
BRH:0
end_of_record
TN:
SF:src/database/model/Node.ts
FNF:0
FNH:0
DA:13,26
LF:1
LH:1
BRF:0
BRH:0
end_of_record
TN:
SF:src/database/model/Pivot.ts
FNF:0
FNH:0
DA:26,12
LF:1
LH:1
BRF:0
BRH:0
end_of_record
TN:
SF:src/database/model/Pump.ts
FNF:0
FNH:0
DA:17,12
LF:1
LH:1
BRF:0
BRH:0
end_of_record
TN:
SF:src/database/model/Scheduling.ts
FNF:0
FNH:0
DA:29,12
LF:1
LH:1
BRF:0
BRH:0
end_of_record
TN:
SF:src/database/model/SchedulingAngle.ts
FNF:0
FNH:0
DA:27,12
LF:1
LH:1
BRF:0
BRH:0
end_of_record
TN:
SF:src/database/model/State.ts
FNF:0
FNH:0
DA:17,12
LF:1
LH:1
BRF:0
BRH:0
end_of_record
TN:
SF:src/database/model/User.ts
FNF:0
FNH:0
DA:11,25
LF:1
LH:1
BRF:0
BRH:0
end_of_record
TN:
SF:src/database/repositories/index.ts
FNF:0
FNH:0
DA:1,15
DA:2,15
DA:3,15
DA:4,15
LF:4
LH:4
BRF:0
BRH:0
end_of_record
TN:
SF:src/database/repositories/Action/ActionRepository.ts
FN:8,(anonymous_1)
FN:15,(anonymous_2)
FN:22,(anonymous_3)
FN:29,(anonymous_4)
FN:37,(anonymous_5)
FN:41,(anonymous_6)
FN:48,(anonymous_7)
FNF:7
FNH:0
FNDA:0,(anonymous_1)
FNDA:0,(anonymous_2)
FNDA:0,(anonymous_3)
FNDA:0,(anonymous_4)
FNDA:0,(anonymous_5)
FNDA:0,(anonymous_6)
FNDA:0,(anonymous_7)
DA:1,15
DA:9,0
DA:16,0
DA:23,0
DA:30,0
DA:34,0
DA:38,0
DA:42,0
DA:49,0
DA:56,15
LF:10
LH:2
BRF:0
BRH:0
end_of_record
TN:
SF:src/database/repositories/Farms/index.ts
FNF:0
FNH:0
DA:1,15
LF:1
LH:1
BRF:0
BRH:0
end_of_record
TN:
SF:src/database/repositories/Farms/GetByUserId/index.ts
FN:6,(anonymous_1)
FNF:1
FNH:1
FNDA:4,(anonymous_1)
DA:1,15
DA:9,4
DA:11,4
DA:15,15
LF:4
LH:4
BRF:0
BRH:0
end_of_record
TN:
SF:src/database/repositories/Nodes/NodesRepository.ts
FN:6,(anonymous_1)
FN:10,(anonymous_2)
FN:14,(anonymous_3)
FN:18,(anonymous_4)
FN:22,(anonymous_5)
FN:32,(anonymous_6)
FN:39,(anonymous_7)
FN:43,(anonymous_8)
FNF:8
FNH:0
FNDA:0,(anonymous_1)
FNDA:0,(anonymous_2)
FNDA:0,(anonymous_3)
FNDA:0,(anonymous_4)
FNDA:0,(anonymous_5)
FNDA:0,(anonymous_6)
FNDA:0,(anonymous_7)
FNDA:0,(anonymous_8)
DA:1,15
DA:7,0
DA:11,0
DA:15,0
DA:19,0
DA:26,0
DA:35,0
DA:36,0
DA:40,0
DA:44,0
DA:49,0
DA:53,15
LF:12
LH:2
BRF:0
BRH:0
end_of_record
TN:
SF:src/database/repositories/Nodes/index.ts
FNF:0
FNH:0
DA:1,15
LF:1
LH:1
BRF:0
BRH:0
end_of_record
TN:
SF:src/database/repositories/Nodes/get-by-farm-and-node-num/index.ts
FN:8,(anonymous_1)
FNF:1
FNH:1
FNDA:3,(anonymous_1)
DA:1,15
DA:4,15
DA:5,15
DA:12,3
DA:13,3
DA:18,3
DA:20,0
DA:27,0
DA:32,15
LF:9
LH:7
BRF:0
BRH:0
end_of_record
TN:
SF:src/database/repositories/Pivots/PivotsRepository.ts
FN:9,(anonymous_1)
FN:16,(anonymous_2)
FN:20,(anonymous_3)
FN:26,(anonymous_4)
FN:34,(anonymous_5)
FN:38,(anonymous_6)
FN:48,(anonymous_7)
FN:52,(anonymous_8)
FN:64,(anonymous_9)
FN:73,(anonymous_10)
FNF:10
FNH:0
FNDA:0,(anonymous_1)
FNDA:0,(anonymous_2)
FNDA:0,(anonymous_3)
FNDA:0,(anonymous_4)
FNDA:0,(anonymous_5)
FNDA:0,(anonymous_6)
FNDA:0,(anonymous_7)
FNDA:0,(anonymous_8)
FNDA:0,(anonymous_9)
FNDA:0,(anonymous_10)
DA:1,15
DA:10,0
DA:17,0
DA:23,0
DA:27,0
DA:31,0
DA:35,0
DA:42,0
DA:49,0
DA:56,0
DA:61,0
DA:65,0
DA:70,0
DA:74,0
DA:79,0
DA:83,15
LF:16
LH:2
BRF:0
BRH:0
end_of_record
TN:
SF:src/database/repositories/Pivots/index.ts
FNF:0
FNH:0
DA:1,15
LF:1
LH:1
BRF:0
BRH:0
end_of_record
TN:
SF:src/database/repositories/Pivots/get-by-id/index.ts
FN:6,(anonymous_1)
FNF:1
FNH:0
FNDA:0,(anonymous_1)
DA:1,15
DA:7,0
DA:14,15
LF:3
LH:2
BRF:0
BRH:0
end_of_record
TN:
SF:src/database/repositories/Pump/PumpRepository.ts
FN:6,(anonymous_1)
FN:12,(anonymous_2)
FN:19,(anonymous_3)
FN:23,(anonymous_4)
FN:31,(anonymous_5)
FN:38,(anonymous_6)
FNF:6
FNH:0
FNDA:0,(anonymous_1)
FNDA:0,(anonymous_2)
FNDA:0,(anonymous_3)
FNDA:0,(anonymous_4)
FNDA:0,(anonymous_5)
FNDA:0,(anonymous_6)
DA:1,15
DA:7,0
DA:13,0
DA:20,0
DA:24,0
DA:28,0
DA:32,0
DA:39,0
DA:44,0
DA:49,15
LF:10
LH:2
BRF:0
BRH:0
end_of_record
TN:
SF:src/database/repositories/RadioVariables/RadioVariablesRepository.ts
FN:6,(anonymous_1)
FN:15,(anonymous_2)
FNF:2
FNH:0
FNDA:0,(anonymous_1)
FNDA:0,(anonymous_2)
DA:1,15
DA:9,0
DA:18,0
DA:24,15
LF:4
LH:2
BRF:0
BRH:0
end_of_record
TN:
SF:src/database/repositories/Scheduling/SchedulingRepository.ts
FN:6,(anonymous_1)
FN:13,(anonymous_2)
FN:21,(anonymous_3)
FN:25,(anonymous_4)
FN:35,(anonymous_5)
FN:42,(anonymous_6)
FNF:6
FNH:0
FNDA:0,(anonymous_1)
FNDA:0,(anonymous_2)
FNDA:0,(anonymous_3)
FNDA:0,(anonymous_4)
FNDA:0,(anonymous_5)
FNDA:0,(anonymous_6)
DA:1,15
DA:7,0
DA:14,0
DA:22,0
DA:28,0
DA:32,0
DA:36,0
DA:45,0
DA:50,0
DA:54,15
LF:10
LH:2
BRF:0
BRH:0
end_of_record
TN:
SF:src/database/repositories/SchedulingAngle/SchedulingAngleRepository.ts
FN:6,(anonymous_1)
FN:13,(anonymous_2)
FN:23,(anonymous_3)
FN:27,(anonymous_4)
FN:39,(anonymous_5)
FN:48,(anonymous_6)
FNF:6
FNH:0
FNDA:0,(anonymous_1)
FNDA:0,(anonymous_2)
FNDA:0,(anonymous_3)
FNDA:0,(anonymous_4)
FNDA:0,(anonymous_5)
FNDA:0,(anonymous_6)
DA:1,15
DA:7,0
DA:16,0
DA:24,0
DA:30,0
DA:36,0
DA:42,0
DA:51,0
DA:55,0
DA:59,15
LF:10
LH:2
BRF:0
BRH:0
end_of_record
TN:
SF:src/database/repositories/SchedulingAngleHist/SchedulingAngleHistRepository.ts
FN:6,(anonymous_1)
FN:13,(anonymous_2)
FN:23,(anonymous_3)
FN:30,(anonymous_4)
FN:34,(anonymous_5)
FN:47,(anonymous_6)
FN:56,(anonymous_7)
FNF:7
FNH:0
FNDA:0,(anonymous_1)
FNDA:0,(anonymous_2)
FNDA:0,(anonymous_3)
FNDA:0,(anonymous_4)
FNDA:0,(anonymous_5)
FNDA:0,(anonymous_6)
FNDA:0,(anonymous_7)
DA:1,15
DA:7,0
DA:16,0
DA:24,0
DA:31,0
DA:37,0
DA:43,0
DA:50,0
DA:59,0
DA:63,0
DA:67,15
LF:11
LH:2
BRF:0
BRH:0
end_of_record
TN:
SF:src/database/repositories/SchedulingHistory/SchedulingHistoryRepository.ts
FN:6,(anonymous_1)
FN:13,(anonymous_2)
FN:20,(anonymous_3)
FN:28,(anonymous_4)
FN:32,(anonymous_5)
FN:42,(anonymous_6)
FN:49,(anonymous_7)
FNF:7
FNH:0
FNDA:0,(anonymous_1)
FNDA:0,(anonymous_2)
FNDA:0,(anonymous_3)
FNDA:0,(anonymous_4)
FNDA:0,(anonymous_5)
FNDA:0,(anonymous_6)
FNDA:0,(anonymous_7)
DA:1,15
DA:7,0
DA:14,0
DA:21,0
DA:29,0
DA:35,0
DA:39,0
DA:43,0
DA:52,0
DA:57,0
DA:61,15
LF:11
LH:2
BRF:0
BRH:0
end_of_record
TN:
SF:src/database/repositories/States/StatesRepository.ts
FN:7,(anonymous_1)
FN:15,(anonymous_2)
FN:23,(anonymous_3)
FN:33,(anonymous_4)
FN:43,(anonymous_5)
FN:54,(anonymous_6)
FN:69,(anonymous_7)
FNF:7
FNH:0
FNDA:0,(anonymous_1)
FNDA:0,(anonymous_2)
FNDA:0,(anonymous_3)
FNDA:0,(anonymous_4)
FNDA:0,(anonymous_5)
FNDA:0,(anonymous_6)
FNDA:0,(anonymous_7)
DA:1,15
DA:8,0
DA:16,0
DA:26,0
DA:30,0
DA:36,0
DA:46,0
DA:58,0
DA:74,0
DA:90,15
LF:10
LH:2
BRF:0
BRH:0
end_of_record
TN:
SF:src/database/repositories/States/get-variables-by-state/index.ts
FN:5,(anonymous_1)
FNF:1
FNH:0
FNDA:0,(anonymous_1)
DA:1,12
DA:9,0
DA:22,0
DA:26,12
LF:4
LH:2
BRF:0
BRH:0
end_of_record
TN:
SF:src/database/repositories/StatesVariables/StatesVariablesRepository.ts
FN:6,(anonymous_1)
FN:15,(anonymous_2)
FN:25,(anonymous_3)
FN:33,(anonymous_4)
FNF:4
FNH:0
FNDA:0,(anonymous_1)
FNDA:0,(anonymous_2)
FNDA:0,(anonymous_3)
FNDA:0,(anonymous_4)
DA:1,15
DA:9,0
DA:18,0
DA:22,0
DA:28,0
DA:38,0
DA:45,15
LF:7
LH:2
BRF:0
BRH:0
end_of_record
TN:
SF:src/database/repositories/base/index.ts
FNF:0
FNH:0
DA:1,15
DA:2,15
DA:3,15
DA:4,15
DA:5,15
DA:6,15
DA:7,15
LF:7
LH:7
BRF:0
BRH:0
end_of_record
TN:
SF:src/database/repositories/base/create/index.ts
FN:7,(anonymous_1)
FNF:1
FNH:1
FNDA:28,(anonymous_1)
DA:1,15
DA:3,15
DA:4,15
DA:11,28
DA:12,28
DA:13,28
DA:15,0
DA:21,0
DA:26,15
LF:9
LH:7
BRF:0
BRH:0
end_of_record
TN:
SF:src/database/repositories/base/delete/index.ts
FN:7,(anonymous_1)
FNF:1
FNH:1
FNDA:11,(anonymous_1)
DA:1,15
DA:3,15
DA:4,15
DA:12,11
DA:13,11
DA:15,11
DA:17,0
DA:23,0
DA:28,15
LF:9
LH:7
BRF:0
BRH:0
end_of_record
TN:
SF:src/database/repositories/base/get-all-by-data/index.ts
FN:7,(anonymous_1)
FNF:1
FNH:0
FNDA:0,(anonymous_1)
DA:1,15
DA:3,15
DA:4,15
DA:12,0
DA:14,0
DA:20,0
DA:22,0
DA:23,0
DA:27,15
LF:9
LH:4
BRF:0
BRH:0
end_of_record
TN:
SF:src/database/repositories/base/getAll/index.ts
FN:7,(anonymous_1)
FNF:1
FNH:1
FNDA:9,(anonymous_1)
DA:1,15
DA:3,15
DA:4,15
DA:8,9
DA:9,9
DA:10,9
DA:12,0
DA:18,0
DA:23,15
LF:9
LH:7
BRF:0
BRH:0
end_of_record
TN:
SF:src/database/repositories/base/getByData/index.ts
FN:7,(anonymous_1)
FNF:1
FNH:1
FNDA:32,(anonymous_1)
DA:1,15
DA:3,15
DA:4,15
DA:12,32
DA:13,32
DA:17,32
DA:19,0
DA:25,0
DA:30,15
LF:9
LH:7
BRF:0
BRH:0
end_of_record
TN:
SF:src/database/repositories/base/getById/index.ts
FN:7,(anonymous_1)
FNF:1
FNH:1
FNDA:52,(anonymous_1)
DA:1,15
DA:3,15
DA:4,15
DA:12,52
DA:13,52
DA:15,52
DA:17,0
DA:23,0
DA:28,15
LF:9
LH:7
BRF:0
BRH:0
end_of_record
TN:
SF:src/database/repositories/base/update/index.ts
FN:7,(anonymous_1)
FNF:1
FNH:1
FNDA:2,(anonymous_1)
DA:1,15
DA:3,15
DA:4,15
DA:13,2
DA:14,2
DA:19,2
DA:21,0
DA:27,0
DA:32,15
LF:9
LH:7
BRF:0
BRH:0
end_of_record
TN:
SF:src/protocols/middlewares/auth.ts
FN:24,(anonymous_1)
FN:25,(anonymous_2)
FNF:2
FNH:2
FNDA:708,(anonymous_1)
FNDA:102,(anonymous_2)
DA:1,12
DA:3,12
DA:24,12
DA:25,708
DA:31,102
DA:33,102
DA:34,102
DA:36,102
DA:37,102
DA:39,91
DA:40,91
DA:42,91
DA:43,91
DA:45,11
DA:51,11
DA:56,12
LF:16
LH:16
BRDA:31,0,0,102
BRDA:31,0,1,0
BRDA:34,1,0,0
BRF:3
BRH:1
end_of_record
TN:
SF:src/useCases/data/index.ts
FNF:0
FNH:0
DA:1,12
DA:2,12
DA:3,12
LF:3
LH:3
BRF:0
BRH:0
end_of_record
TN:
SF:src/useCases/data/Actions/CreateAction/CreateActionController.ts
FN:14,(anonymous_0)
FNF:1
FNH:0
FNDA:0,(anonymous_0)
DA:2,12
DA:3,12
DA:4,12
DA:15,0
DA:16,0
DA:18,0
DA:19,0
DA:28,0
DA:29,0
DA:35,0
DA:37,0
DA:43,0
DA:48,12
LF:13
LH:4
BRF:0
BRH:0
end_of_record
TN:
SF:src/useCases/data/Actions/CreateAction/CreateActionUseCase.ts
FN:17,(anonymous_5)
FN:25,(anonymous_6)
FN:38,(anonymous_7)
FN:51,(anonymous_8)
FN:68,(anonymous_9)
FN:81,(anonymous_10)
FN:94,(anonymous_11)
FNF:7
FNH:0
FNDA:0,(anonymous_5)
FNDA:0,(anonymous_6)
FNDA:0,(anonymous_7)
FNDA:0,(anonymous_8)
FNDA:0,(anonymous_9)
FNDA:0,(anonymous_10)
FNDA:0,(anonymous_11)
DA:4,12
DA:11,12
DA:12,12
DA:13,12
DA:16,12
DA:18,0
DA:19,0
DA:20,0
DA:21,0
DA:22,0
DA:26,0
DA:27,0
DA:29,0
DA:39,0
DA:40,0
DA:42,0
DA:52,0
DA:53,0
DA:59,0
DA:69,0
DA:70,0
DA:72,0
DA:82,0
DA:83,0
DA:85,0
DA:101,0
DA:104,0
DA:106,0
DA:107,0
DA:115,0
DA:121,0
DA:123,0
DA:124,0
DA:126,0
DA:127,0
DA:129,0
DA:131,0
DA:136,0
DA:153,0
DA:162,12
LF:40
LH:6
BRDA:101,0,0,0
BRDA:101,0,1,0
BRDA:106,1,0,0
BRDA:117,2,0,0
BRDA:117,2,1,0
BRDA:118,3,0,0
BRDA:118,3,1,0
BRDA:121,4,0,0
BRDA:124,5,0,0
BRDA:127,6,0,0
BRDA:149,7,0,0
BRDA:149,7,1,0
BRDA:153,8,0,0
BRDA:153,8,1,0
BRF:14
BRH:0
end_of_record
TN:
SF:src/useCases/data/Actions/DeleteAction/DeleteACtionUseCase.ts
FN:7,(anonymous_4)
FN:11,(anonymous_5)
FN:24,(anonymous_6)
FN:37,(anonymous_7)
FNF:4
FNH:0
FNDA:0,(anonymous_4)
FNDA:0,(anonymous_5)
FNDA:0,(anonymous_6)
FNDA:0,(anonymous_7)
DA:1,12
DA:3,12
DA:6,12
DA:8,0
DA:12,0
DA:13,0
DA:15,0
DA:25,0
DA:26,0
DA:28,0
DA:38,0
DA:40,0
DA:42,0
DA:44,0
DA:45,0
DA:46,0
DA:50,12
LF:17
LH:4
BRDA:40,0,0,0
BRF:1
BRH:0
end_of_record
TN:
SF:src/useCases/data/Actions/DeleteAction/DeleteActionController.ts
FN:7,(anonymous_0)
FNF:1
FNH:0
FNDA:0,(anonymous_0)
DA:2,12
DA:3,12
DA:4,12
DA:8,0
DA:9,0
DA:10,0
DA:11,0
DA:13,0
DA:15,0
DA:25,12
LF:10
LH:4
BRF:0
BRH:0
end_of_record
TN:
SF:src/useCases/data/Actions/DeleteAllActions/DeleteALlActionController.ts
FN:7,(anonymous_0)
FNF:1
FNH:0
FNDA:0,(anonymous_0)
DA:2,12
DA:3,12
DA:4,12
DA:8,0
DA:9,0
DA:10,0
DA:11,0
DA:13,0
DA:15,0
DA:25,12
LF:10
LH:4
BRDA:13,0,0,0
BRDA:13,0,1,0
BRF:2
BRH:0
end_of_record
TN:
SF:src/useCases/data/Actions/DeleteAllActions/DeleteAllActionsByAuthorUseCase.ts
FN:7,(anonymous_4)
FN:12,(anonymous_5)
FN:25,(anonymous_6)
FN:38,(anonymous_7)
FNF:4
FNH:0
FNDA:0,(anonymous_4)
FNDA:0,(anonymous_5)
FNDA:0,(anonymous_6)
FNDA:0,(anonymous_7)
DA:1,12
DA:3,12
DA:6,12
DA:8,0
DA:9,0
DA:13,0
DA:14,0
DA:16,0
DA:26,0
DA:27,0
DA:29,0
DA:39,0
DA:41,0
DA:43,0
DA:45,0
DA:49,12
LF:16
LH:4
BRDA:41,0,0,0
BRF:1
BRH:0
end_of_record
TN:
SF:src/useCases/data/Actions/GetAllActions/GetAllActionUseCase.ts
FN:7,(anonymous_4)
FN:11,(anonymous_5)
FN:24,(anonymous_6)
FNF:3
FNH:0
FNDA:0,(anonymous_4)
FNDA:0,(anonymous_5)
FNDA:0,(anonymous_6)
DA:1,12
DA:3,12
DA:6,12
DA:8,0
DA:12,0
DA:13,0
DA:15,0
DA:25,0
DA:29,12
LF:9
LH:4
BRF:0
BRH:0
end_of_record
TN:
SF:src/useCases/data/Actions/GetAllActions/GetAllActionsController.ts
FN:7,(anonymous_0)
FNF:1
FNH:0
FNDA:0,(anonymous_0)
DA:2,12
DA:3,12
DA:4,12
DA:8,0
DA:9,0
DA:10,0
DA:12,0
DA:14,0
DA:20,0
DA:25,12
LF:10
LH:4
BRF:0
BRH:0
end_of_record
TN:
SF:src/useCases/data/Cycles/GetCycles/GetCycleController.ts
FN:7,(anonymous_0)
FNF:1
FNH:0
FNDA:0,(anonymous_0)
DA:2,12
DA:3,12
DA:4,12
DA:8,0
DA:10,0
DA:12,0
DA:13,0
DA:14,0
DA:16,0
DA:17,0
DA:22,12
LF:11
LH:4
BRF:0
BRH:0
end_of_record
TN:
SF:src/useCases/data/Cycles/GetCycles/GetCyclesUseCase.ts
FN:48,(anonymous_5)
FN:57,(anonymous_6)
FN:70,(anonymous_7)
FN:87,(anonymous_8)
FN:99,(anonymous_9)
FN:101,(anonymous_10)
FNF:6
FNH:0
FNDA:0,(anonymous_5)
FNDA:0,(anonymous_6)
FNDA:0,(anonymous_7)
FNDA:0,(anonymous_8)
FNDA:0,(anonymous_9)
FNDA:0,(anonymous_10)
DA:1,12
DA:2,12
DA:6,12
DA:7,12
DA:8,12
DA:9,12
DA:10,12
DA:11,12
DA:13,12
DA:14,12
DA:15,12
DA:38,12
DA:43,0
DA:49,0
DA:51,0
DA:53,0
DA:54,0
DA:58,0
DA:59,0
DA:61,0
DA:75,0
DA:76,0
DA:78,0
DA:88,0
DA:89,0
DA:96,0
DA:103,0
DA:104,0
DA:106,0
DA:118,0
DA:119,0
DA:120,0
DA:121,0
DA:122,0
DA:124,0
DA:125,0
DA:126,0
DA:127,0
DA:128,0
DA:129,0
DA:137,0
DA:138,0
DA:139,0
DA:144,0
DA:153,0
DA:154,0
DA:155,0
DA:156,0
DA:157,0
DA:162,0
DA:172,0
DA:176,0
DA:178,0
DA:179,0
DA:181,0
DA:182,0
DA:183,0
DA:187,0
DA:190,0
DA:192,0
DA:193,0
DA:194,0
DA:198,0
DA:204,0
DA:210,0
DA:215,0
DA:217,0
DA:221,0
DA:222,0
DA:228,0
DA:229,0
DA:234,0
DA:239,12
LF:73
LH:13
BRDA:118,0,0,0
BRDA:118,0,1,0
BRDA:118,1,0,0
BRDA:118,1,1,0
BRDA:125,2,0,0
BRDA:125,2,1,0
BRDA:126,3,0,0
BRDA:126,3,1,0
BRDA:153,4,0,0
BRDA:176,5,0,0
BRDA:182,6,0,0
BRDA:182,6,1,0
BRDA:183,7,0,0
BRDA:183,7,1,0
BRDA:184,8,0,0
BRDA:184,8,1,0
BRDA:192,9,0,0
BRDA:192,9,1,0
BRDA:192,10,0,0
BRDA:192,10,1,0
BRDA:198,11,0,0
BRDA:198,11,1,0
BRDA:228,12,0,0
BRF:23
BRH:0
end_of_record
TN:
SF:src/useCases/data/Cycles/GetLastCycles/GetLastCycleUseCase.ts
FN:10,(anonymous_4)
FN:16,(anonymous_5)
FN:29,(anonymous_6)
FNF:3
FNH:0
FNDA:0,(anonymous_4)
FNDA:0,(anonymous_5)
FNDA:0,(anonymous_6)
DA:1,12
DA:6,12
DA:9,12
DA:11,0
DA:13,0
DA:17,0
DA:18,0
DA:20,0
DA:30,0
DA:32,0
DA:33,0
DA:34,0
DA:36,0
DA:37,0
DA:43,0
DA:44,0
DA:48,0
DA:52,12
LF:18
LH:4
BRDA:32,0,0,0
BRDA:33,1,0,0
BRDA:36,2,0,0
BRDA:43,3,0,0
BRF:4
BRH:0
end_of_record
TN:
SF:src/useCases/data/Cycles/GetLastCycles/GetLastCyclesController.ts
FN:6,(anonymous_0)
FNF:1
FNH:0
FNDA:0,(anonymous_0)
DA:2,12
DA:3,12
DA:7,0
DA:9,0
DA:11,0
DA:12,0
DA:13,0
DA:15,0
DA:16,0
DA:17,0
DA:22,12
LF:11
LH:3
BRF:0
BRH:0
end_of_record
TN:
SF:src/useCases/data/Farms/index.ts
FNF:0
FNH:0
DA:1,12
DA:2,12
DA:3,12
DA:4,12
DA:5,12
DA:6,12
LF:6
LH:6
BRF:0
BRH:0
end_of_record
TN:
SF:src/useCases/data/Farms/CreateFarms/CreateFarmController.ts
FN:9,(anonymous_0)
FNF:1
FNH:1
FNDA:18,(anonymous_0)
DA:1,12
DA:3,12
DA:5,12
DA:6,12
DA:17,18
DA:19,18
DA:20,1
DA:22,17
DA:24,17
DA:25,17
DA:33,8
DA:35,9
DA:41,9
DA:47,12
LF:14
LH:14
BRDA:19,0,0,1
BRDA:19,0,1,17
BRF:2
BRH:2
end_of_record
TN:
SF:src/useCases/data/Farms/CreateFarms/CreateFarmUseCase.ts
FN:20,(anonymous_4)
FN:26,(anonymous_5)
FN:46,(anonymous_6)
FN:57,(anonymous_7)
FNF:4
FNH:4
FNDA:18,(anonymous_4)
FNDA:37,(anonymous_5)
FNDA:14,(anonymous_6)
FNDA:20,(anonymous_7)
DA:1,24
DA:3,24
DA:7,24
DA:16,24
DA:19,24
DA:21,18
DA:23,18
DA:27,37
DA:28,37
DA:29,37
DA:35,2
DA:42,2
DA:47,14
DA:48,14
DA:50,1
DA:51,1
DA:57,24
DA:65,20
DA:70,20
DA:71,19
DA:73,17
DA:77,17
DA:78,16
DA:80,14
DA:91,14
DA:92,13
DA:93,12
DA:99,24
LF:28
LH:28
BRDA:28,0,0,17
BRDA:28,0,1,20
BRDA:70,1,0,1
BRDA:70,1,1,19
BRDA:71,2,0,2
BRDA:71,2,1,17
BRDA:77,3,0,1
BRDA:77,3,1,16
BRDA:78,4,0,2
BRDA:78,4,1,14
BRDA:91,5,0,1
BRDA:91,5,1,13
BRDA:92,6,0,1
BRDA:92,6,1,12
BRF:14
BRH:14
end_of_record
TN:
SF:src/useCases/data/Farms/DeleteFarm/DeleteFarmController.ts
FN:8,(anonymous_0)
FNF:1
FNH:1
FNDA:11,(anonymous_0)
DA:2,12
DA:3,12
DA:4,12
DA:5,12
DA:9,11
DA:10,11
DA:11,1
DA:13,10
DA:15,10
DA:16,10
DA:18,7
DA:20,3
DA:26,3
DA:32,12
LF:14
LH:14
BRDA:10,0,0,1
BRDA:10,0,1,10
BRF:2
BRH:2
end_of_record
TN:
SF:src/useCases/data/Farms/DeleteFarm/DeleteFarmUseCase.ts
FN:15,(anonymous_4)
FN:20,(anonymous_5)
FN:38,(anonymous_6)
FN:51,(anonymous_7)
FNF:4
FNH:4
FNDA:11,(anonymous_4)
FNDA:16,(anonymous_5)
FNDA:13,(anonymous_6)
FNDA:18,(anonymous_7)
DA:2,24
DA:4,24
DA:6,24
DA:14,24
DA:16,11
DA:17,11
DA:21,16
DA:22,16
DA:28,1
DA:34,1
DA:39,13
DA:40,13
DA:46,1
DA:47,1
DA:54,18
DA:55,2
DA:57,16
DA:59,16
DA:60,15
DA:62,13
DA:64,13
DA:65,12
DA:70,24
LF:23
LH:23
BRDA:54,0,0,2
BRDA:54,0,1,16
BRDA:54,1,0,18
BRDA:54,1,1,17
BRDA:59,2,0,1
BRDA:59,2,1,15
BRDA:60,3,0,2
BRDA:64,4,0,1
BRDA:64,4,1,12
BRDA:65,5,0,11
BRDA:65,5,1,1
BRF:11
BRH:11
end_of_record
TN:
SF:src/useCases/data/Farms/GetAllfarms/GetAllFarmsController.ts
FN:8,(anonymous_0)
FNF:1
FNH:1
FNDA:5,(anonymous_0)
DA:1,12
DA:3,12
DA:4,12
DA:5,12
DA:9,5
DA:10,1
DA:12,4
DA:13,4
DA:14,4
DA:16,4
DA:18,0
DA:24,0
DA:30,12
LF:13
LH:11
BRDA:9,0,0,1
BRDA:9,0,1,4
BRF:2
BRH:2
end_of_record
TN:
SF:src/useCases/data/Farms/GetAllfarms/GetAllFarmsUseCase.ts
FN:14,(anonymous_4)
FN:18,(anonymous_5)
FN:32,(anonymous_6)
FNF:3
FNH:3
FNDA:5,(anonymous_4)
FNDA:11,(anonymous_5)
FNDA:11,(anonymous_6)
DA:1,24
DA:6,24
DA:7,24
DA:13,24
DA:15,5
DA:19,11
DA:20,11
DA:22,1
DA:28,1
DA:33,11
DA:35,11
DA:36,10
DA:37,9
DA:41,24
LF:14
LH:14
BRDA:35,0,0,1
BRDA:35,0,1,10
BRDA:36,1,0,1
BRDA:36,1,1,9
BRF:4
BRH:4
end_of_record
TN:
SF:src/useCases/data/Farms/GetFarmByUserController/GetFarmByUserUseCase.ts
FN:19,(anonymous_4)
FN:24,(anonymous_5)
FN:37,(anonymous_6)
FN:56,(anonymous_7)
FNF:4
FNH:4
FNDA:9,(anonymous_4)
FNDA:11,(anonymous_5)
FNDA:14,(anonymous_6)
FNDA:14,(anonymous_7)
DA:5,24
DA:11,24
DA:12,24
DA:15,24
DA:18,24
DA:20,9
DA:21,9
DA:25,11
DA:26,11
DA:28,1
DA:34,1
DA:38,14
DA:39,14
DA:45,1
DA:51,1
DA:56,24
DA:59,14
DA:63,14
DA:64,13
DA:66,11
DA:70,11
DA:71,10
DA:72,9
DA:77,24
LF:24
LH:24
BRDA:63,0,0,1
BRDA:63,0,1,13
BRDA:64,1,0,2
BRDA:64,1,1,11
BRDA:70,2,0,1
BRDA:70,2,1,10
BRDA:71,3,0,1
BRDA:71,3,1,9
BRF:8
BRH:8
end_of_record
TN:
SF:src/useCases/data/Farms/GetFarmByUserController/GetFarmsByUserController.ts
FN:7,(anonymous_0)
FNF:1
FNH:1
FNDA:9,(anonymous_0)
DA:1,12
DA:3,12
DA:4,12
DA:8,9
DA:10,9
DA:11,1
DA:13,8
DA:15,8
DA:16,8
DA:20,4
DA:22,4
DA:23,4
DA:24,4
DA:30,12
LF:14
LH:14
BRDA:10,0,0,1
BRDA:10,0,1,8
BRF:2
BRH:2
end_of_record
TN:
SF:src/useCases/data/Farms/GetOneFarm/GetOneFarmController.ts
FN:8,(anonymous_0)
FNF:1
FNH:1
FNDA:5,(anonymous_0)
DA:2,12
DA:3,12
DA:4,12
DA:5,12
DA:9,5
DA:11,5
DA:12,1
DA:14,4
DA:16,4
DA:17,4
DA:21,1
DA:23,3
DA:29,3
DA:35,12
LF:14
LH:14
BRDA:11,0,0,1
BRDA:11,0,1,4
BRF:2
BRH:2
end_of_record
TN:
SF:src/useCases/data/Farms/GetOneFarm/GetOneFarmsuseCase.ts
FN:15,(anonymous_4)
FN:19,(anonymous_5)
FN:32,(anonymous_6)
FNF:3
FNH:3
FNDA:5,(anonymous_4)
FNDA:7,(anonymous_5)
FNDA:9,(anonymous_6)
DA:1,24
DA:2,24
DA:3,24
DA:14,24
DA:16,5
DA:20,7
DA:21,7
DA:27,1
DA:28,1
DA:35,9
DA:36,2
DA:38,7
DA:39,7
DA:40,6
DA:41,4
DA:46,24
LF:16
LH:16
BRDA:35,0,0,2
BRDA:35,0,1,7
BRDA:35,1,0,9
BRDA:35,1,1,8
BRDA:39,2,0,1
BRDA:39,2,1,6
BRDA:40,3,0,2
BRDA:40,3,1,4
BRF:8
BRH:8
end_of_record
TN:
SF:src/useCases/data/Farms/UpdateFarm/UpdateFarmUseCase.ts
FN:18,(anonymous_4)
FN:23,(anonymous_5)
FN:38,(anonymous_6)
FN:52,(anonymous_7)
FN:67,(anonymous_8)
FNF:5
FNH:5
FNDA:22,(anonymous_4)
FNDA:25,(anonymous_5)
FNDA:7,(anonymous_6)
FNDA:12,(anonymous_7)
FNDA:15,(anonymous_8)
DA:1,24
DA:2,24
DA:3,24
DA:4,24
DA:14,24
DA:17,24
DA:19,22
DA:20,22
DA:24,25
DA:25,25
DA:26,25
DA:28,2
DA:34,2
DA:39,7
DA:40,7
DA:47,1
DA:48,1
DA:53,12
DA:61,2
DA:62,10
DA:67,24
DA:75,15
DA:80,15
DA:81,14
DA:83,12
DA:95,12
DA:96,2
DA:103,10
DA:104,10
DA:105,9
DA:110,7
DA:112,7
DA:113,6
DA:114,5
DA:121,24
LF:35
LH:35
BRDA:25,0,0,10
BRDA:25,0,1,15
BRDA:53,1,0,2
BRDA:53,1,1,10
BRDA:54,2,0,12
BRDA:54,2,1,12
BRDA:54,2,2,11
BRDA:54,2,3,2
BRDA:54,2,4,2
BRDA:54,2,5,2
BRDA:80,3,0,1
BRDA:80,3,1,14
BRDA:81,4,0,2
BRDA:81,4,1,12
BRDA:95,5,0,2
BRDA:95,5,1,10
BRDA:104,6,0,1
BRDA:104,6,1,9
BRDA:105,7,0,2
BRDA:105,7,1,7
BRDA:112,8,0,1
BRDA:112,8,1,6
BRDA:113,9,0,1
BRDA:113,9,1,5
BRF:24
BRH:24
end_of_record
TN:
SF:src/useCases/data/Farms/UpdateFarm/UpdateFarmsController.ts
FN:9,(anonymous_0)
FNF:1
FNH:1
FNDA:12,(anonymous_0)
DA:2,12
DA:3,12
DA:4,12
DA:6,12
DA:17,12
DA:19,12
DA:20,1
DA:22,11
DA:23,11
DA:24,11
DA:33,1
DA:35,10
DA:41,10
DA:47,12
LF:14
LH:14
BRDA:19,0,0,1
BRDA:19,0,1,11
BRF:2
BRH:2
end_of_record
TN:
SF:src/useCases/data/Nodes/index.ts
FNF:0
FNH:0
DA:1,12
DA:2,12
DA:3,12
DA:4,12
DA:5,12
DA:6,12
LF:6
LH:6
BRF:0
BRH:0
end_of_record
TN:
SF:src/useCases/data/Nodes/CreateNode/CreateNodeController.ts
FN:7,(anonymous_0)
FNF:1
FNH:1
FNDA:9,(anonymous_0)
DA:1,12
DA:3,12
DA:4,12
DA:8,9
DA:10,9
DA:11,9
DA:12,1
DA:14,8
DA:16,8
DA:17,8
DA:24,2
DA:26,6
DA:27,6
DA:28,6
DA:34,12
LF:15
LH:15
BRDA:11,0,0,1
BRDA:11,0,1,8
BRDA:11,1,0,1
BRDA:11,1,1,8
BRDA:21,2,0,8
BRDA:21,2,1,7
BRF:6
BRH:6
end_of_record
TN:
SF:src/useCases/data/Nodes/CreateNode/CreateNodeUseCase.ts
FN:25,(anonymous_4)
FN:34,(anonymous_5)
FNF:2
FNH:2
FNDA:20,(anonymous_4)
FNDA:17,(anonymous_5)
DA:2,25
DA:3,25
DA:9,25
DA:16,25
DA:24,25
DA:26,20
DA:27,20
DA:28,20
DA:34,25
DA:35,17
DA:37,17
DA:43,17
DA:44,16
DA:46,13
DA:48,13
DA:49,12
DA:51,10
DA:53,10
DA:60,10
DA:65,10
DA:66,9
DA:67,8
DA:72,25
LF:23
LH:23
BRDA:43,0,0,1
BRDA:43,0,1,16
BRDA:44,1,0,3
BRDA:48,2,0,1
BRDA:48,2,1,12
BRDA:49,3,0,2
BRDA:49,3,1,10
BRDA:54,4,0,8
BRDA:54,4,1,2
BRDA:57,5,0,8
BRDA:57,5,1,2
BRDA:65,6,0,1
BRDA:65,6,1,9
BRDA:66,7,0,1
BRDA:66,7,1,8
BRF:15
BRH:15
end_of_record
TN:
SF:src/useCases/data/Nodes/DeleteNode/DeleteNodeController.ts
FN:8,(anonymous_0)
FNF:1
FNH:0
FNDA:0,(anonymous_0)
DA:1,12
DA:3,12
DA:4,12
DA:5,12
DA:9,0
DA:11,0
DA:12,0
DA:15,0
DA:17,0
DA:18,0
DA:20,0
DA:22,0
DA:28,0
DA:33,12
LF:14
LH:5
BRDA:11,0,0,0
BRF:1
BRH:0
end_of_record
TN:
SF:src/useCases/data/Nodes/DeleteNode/DeleteNodeUseCase.ts
FN:13,(anonymous_4)
FN:19,(anonymous_5)
FNF:2
FNH:2
FNDA:1,(anonymous_4)
FNDA:8,(anonymous_5)
DA:1,25
DA:3,25
DA:8,25
DA:12,25
DA:14,1
DA:15,1
DA:19,25
DA:22,8
DA:28,8
DA:29,7
DA:31,6
DA:37,6
DA:38,5
DA:42,25
LF:14
LH:14
BRDA:28,0,0,1
BRDA:28,0,1,7
BRDA:29,1,0,1
BRDA:37,2,0,1
BRDA:37,2,1,5
BRDA:38,3,0,4
BRDA:38,3,1,1
BRF:7
BRH:7
end_of_record
TN:
SF:src/useCases/data/Nodes/GetAllByFarmId/GetAllByFarmIdController.ts
FN:7,(anonymous_0)
FNF:1
FNH:0
FNDA:0,(anonymous_0)
DA:1,12
DA:3,12
DA:4,12
DA:8,0
DA:10,0
DA:11,0
DA:13,0
DA:15,0
DA:16,0
DA:20,0
DA:22,0
DA:23,0
DA:24,0
DA:29,12
LF:14
LH:4
BRDA:10,0,0,0
BRF:1
BRH:0
end_of_record
TN:
SF:src/useCases/data/Nodes/GetAllByFarmId/GetAllByFarmIdUseCase.ts
FN:17,(anonymous_4)
FN:23,(anonymous_5)
FNF:2
FNH:2
FNDA:8,(anonymous_4)
FNDA:8,(anonymous_5)
DA:5,24
DA:10,24
DA:16,24
DA:19,8
DA:20,8
DA:26,8
DA:32,8
DA:33,7
DA:35,6
DA:41,6
DA:42,5
DA:43,4
DA:47,24
LF:13
LH:13
BRDA:32,0,0,1
BRDA:32,0,1,7
BRDA:33,1,0,1
BRDA:41,2,0,1
BRDA:41,2,1,5
BRDA:42,3,0,1
BRDA:42,3,1,4
BRF:7
BRH:7
end_of_record
TN:
SF:src/useCases/data/Nodes/GetByNumByFarm/GetByNumByFarmController.ts
FN:8,(anonymous_0)
FNF:1
FNH:0
FNDA:0,(anonymous_0)
DA:1,12
DA:3,12
DA:4,12
DA:5,12
DA:9,0
DA:11,0
DA:12,0
DA:15,0
DA:17,0
DA:18,0
DA:23,0
DA:25,0
DA:31,0
DA:36,12
LF:14
LH:5
BRDA:11,0,0,0
BRF:1
BRH:0
end_of_record
TN:
SF:src/useCases/data/Nodes/GetByNumByFarm/GetByNumByFarmUseCase.ts
FN:13,(anonymous_4)
FN:18,(anonymous_5)
FNF:2
FNH:2
FNDA:5,(anonymous_4)
FNDA:5,(anonymous_5)
DA:2,25
DA:8,25
DA:9,25
DA:12,25
DA:14,5
DA:18,25
DA:22,5
DA:24,5
DA:25,4
DA:26,3
DA:30,25
LF:11
LH:11
BRDA:24,0,0,1
BRDA:24,0,1,4
BRDA:25,1,0,1
BRDA:25,1,1,3
BRF:4
BRH:4
end_of_record
TN:
SF:src/useCases/data/Nodes/GetOneNode/GetOneNodeController.ts
FN:8,(anonymous_0)
FNF:1
FNH:0
FNDA:0,(anonymous_0)
DA:2,12
DA:3,12
DA:4,12
DA:5,12
DA:9,0
DA:11,0
DA:12,0
DA:15,0
DA:17,0
DA:18,0
DA:22,0
DA:24,0
DA:30,0
DA:35,12
LF:14
LH:5
BRDA:11,0,0,0
BRF:1
BRH:0
end_of_record
TN:
SF:src/useCases/data/Nodes/GetOneNode/GetOneNodeUseCase.ts
FN:13,(anonymous_4)
FN:16,(anonymous_5)
FNF:2
FNH:2
FNDA:5,(anonymous_4)
FNDA:5,(anonymous_5)
DA:2,25
DA:8,25
DA:9,25
DA:12,25
DA:13,5
DA:16,25
DA:19,5
DA:25,5
DA:26,4
DA:27,3
DA:31,25
LF:11
LH:11
BRDA:25,0,0,1
BRDA:25,0,1,4
BRDA:26,1,0,1
BRDA:26,1,1,3
BRF:4
BRH:4
end_of_record
TN:
SF:src/useCases/data/Nodes/UpdateNode/UpdateNodeController.ts
FN:7,(anonymous_0)
FNF:1
FNH:0
FNDA:0,(anonymous_0)
DA:2,12
DA:3,12
DA:4,12
DA:8,0
DA:10,0
DA:12,0
DA:13,0
DA:23,0
DA:25,0
DA:31,0
DA:36,12
LF:11
LH:4
BRF:0
BRH:0
end_of_record
TN:
SF:src/useCases/data/Nodes/UpdateNode/UpdateNodeUseCase.ts
FN:20,(anonymous_4)
FN:25,(anonymous_5)
FN:40,(anonymous_6)
FNF:3
FNH:3
FNDA:9,(anonymous_4)
FNDA:7,(anonymous_5)
FNDA:9,(anonymous_6)
DA:2,25
DA:9,25
DA:14,25
DA:15,25
DA:19,25
DA:21,9
DA:22,9
DA:26,7
DA:33,1
DA:34,6
DA:40,25
DA:43,9
DA:45,9
DA:51,9
DA:52,8
DA:54,7
DA:56,7
DA:57,1
DA:60,6
DA:67,6
DA:68,5
DA:69,4
DA:73,25
LF:23
LH:23
BRDA:26,0,0,1
BRDA:26,0,1,6
BRDA:27,1,0,7
BRDA:27,1,1,7
BRDA:27,1,2,7
BRDA:27,1,3,1
BRDA:27,1,4,1
BRDA:51,2,0,1
BRDA:51,2,1,8
BRDA:52,3,0,1
BRDA:56,4,0,1
BRDA:67,5,0,1
BRDA:67,5,1,5
BRDA:68,6,0,1
BRDA:68,6,1,4
BRF:15
BRH:15
end_of_record
TN:
SF:src/useCases/data/Pivots/CreatePivots/CreatePivotController.ts
FN:7,(anonymous_0)
FNF:1
FNH:0
FNDA:0,(anonymous_0)
DA:2,12
DA:3,12
DA:4,12
DA:18,0
DA:20,0
DA:22,0
DA:23,0
DA:35,0
DA:37,0
DA:43,0
DA:48,12
LF:11
LH:4
BRF:0
BRH:0
end_of_record
TN:
SF:src/useCases/data/Pivots/CreatePivots/CreatePivotUseCase.ts
FN:8,(anonymous_4)
FN:12,(anonymous_5)
FN:25,(anonymous_6)
FN:33,(anonymous_7)
FNF:4
FNH:0
FNDA:0,(anonymous_4)
FNDA:0,(anonymous_5)
FNDA:0,(anonymous_6)
FNDA:0,(anonymous_7)
DA:1,12
DA:2,12
DA:3,12
DA:4,12
DA:7,12
DA:9,0
DA:13,0
DA:14,0
DA:16,0
DA:26,0
DA:27,0
DA:29,0
DA:44,0
DA:46,0
DA:51,0
DA:53,0
DA:55,0
DA:68,0
DA:72,12
LF:19
LH:6
BRDA:51,0,0,0
BRF:1
BRH:0
end_of_record
TN:
SF:src/useCases/data/Pivots/DeletePivot/DeletePivotController.ts
FN:7,(anonymous_0)
FNF:1
FNH:0
FNDA:0,(anonymous_0)
DA:2,12
DA:3,12
DA:4,12
DA:8,0
DA:10,0
DA:12,0
DA:13,0
DA:15,0
DA:17,0
DA:23,0
DA:28,12
LF:11
LH:4
BRF:0
BRH:0
end_of_record
TN:
SF:src/useCases/data/Pivots/DeletePivot/DeletePivotUseCase.ts
FN:8,(anonymous_4)
FN:12,(anonymous_5)
FN:20,(anonymous_6)
FN:33,(anonymous_7)
FNF:4
FNH:0
FNDA:0,(anonymous_4)
FNDA:0,(anonymous_5)
FNDA:0,(anonymous_6)
FNDA:0,(anonymous_7)
DA:1,12
DA:4,12
DA:7,12
DA:9,0
DA:13,0
DA:14,0
DA:16,0
DA:21,0
DA:22,0
DA:24,0
DA:34,0
DA:36,0
DA:37,0
DA:41,12
LF:14
LH:4
BRDA:36,0,0,0
BRF:1
BRH:0
end_of_record
TN:
SF:src/useCases/data/Pivots/FindAll/FindAllController.ts
FN:7,(anonymous_0)
FNF:1
FNH:0
FNDA:0,(anonymous_0)
DA:2,12
DA:3,12
DA:4,12
DA:8,0
DA:10,0
DA:11,0
DA:12,0
DA:14,0
DA:20,0
DA:25,12
LF:10
LH:4
BRF:0
BRH:0
end_of_record
TN:
SF:src/useCases/data/Pivots/FindAll/FindAllUseCase.ts
FN:7,(anonymous_4)
FN:11,(anonymous_5)
FN:19,(anonymous_6)
FNF:3
FNH:0
FNDA:0,(anonymous_4)
FNDA:0,(anonymous_5)
FNDA:0,(anonymous_6)
DA:1,12
DA:3,12
DA:6,12
DA:8,0
DA:12,0
DA:13,0
DA:15,0
DA:20,0
DA:24,12
LF:9
LH:4
BRF:0
BRH:0
end_of_record
TN:
SF:src/useCases/data/Pivots/GetAllPivots/GetAllPivotsController.ts
FN:7,(anonymous_0)
FNF:1
FNH:0
FNDA:0,(anonymous_0)
DA:2,12
DA:3,12
DA:4,12
DA:8,0
DA:9,0
DA:10,0
DA:11,0
DA:12,0
DA:14,0
DA:16,0
DA:19,0
DA:25,0
DA:30,12
LF:13
LH:4
BRDA:11,0,0,0
BRDA:11,0,1,0
BRF:2
BRH:0
end_of_record
TN:
SF:src/useCases/data/Pivots/GetAllPivots/GetAllPivotsUseCase.ts
FN:8,(anonymous_4)
FN:12,(anonymous_5)
FN:25,(anonymous_6)
FNF:3
FNH:0
FNDA:0,(anonymous_4)
FNDA:0,(anonymous_5)
FNDA:0,(anonymous_6)
DA:1,12
DA:4,12
DA:7,12
DA:9,0
DA:13,0
DA:14,0
DA:16,0
DA:26,0
DA:30,12
LF:9
LH:4
BRF:0
BRH:0
end_of_record
TN:
SF:src/useCases/data/Pivots/GetByPivotId/GetByPivotIdController.ts
FN:7,(anonymous_0)
FNF:1
FNH:0
FNDA:0,(anonymous_0)
DA:2,12
DA:3,12
DA:4,12
DA:8,0
DA:9,0
DA:10,0
DA:11,0
DA:13,0
DA:15,0
DA:21,0
DA:26,12
LF:11
LH:4
BRF:0
BRH:0
end_of_record
TN:
SF:src/useCases/data/Pivots/GetByPivotId/GetByPivotIdUseCase.ts
FN:8,(anonymous_4)
FN:12,(anonymous_5)
FN:25,(anonymous_6)
FNF:3
FNH:0
FNDA:0,(anonymous_4)
FNDA:0,(anonymous_5)
FNDA:0,(anonymous_6)
DA:1,12
DA:4,12
DA:7,12
DA:9,0
DA:13,0
DA:14,0
DA:16,0
DA:26,0
DA:27,0
DA:28,0
DA:32,12
LF:11
LH:4
BRDA:27,0,0,0
BRF:1
BRH:0
end_of_record
TN:
SF:src/useCases/data/Pivots/GetOnePivots/GetOnePivotController.ts
FN:7,(anonymous_0)
FNF:1
FNH:0
FNDA:0,(anonymous_0)
DA:2,12
DA:3,12
DA:4,12
DA:8,0
DA:9,0
DA:10,0
DA:11,0
DA:16,0
DA:18,0
DA:24,0
DA:29,12
LF:11
LH:4
BRF:0
BRH:0
end_of_record
TN:
SF:src/useCases/data/Pivots/GetOnePivots/GetOnePivotUseCase.ts
FN:8,(anonymous_4)
FN:12,(anonymous_5)
FN:25,(anonymous_6)
FNF:3
FNH:0
FNDA:0,(anonymous_4)
FNDA:0,(anonymous_5)
FNDA:0,(anonymous_6)
DA:1,12
DA:4,12
DA:7,12
DA:9,0
DA:13,0
DA:14,0
DA:16,0
DA:29,0
DA:33,12
LF:9
LH:4
BRF:0
BRH:0
end_of_record
TN:
SF:src/useCases/data/Pivots/ReadAll/ReadAllController.ts
FN:7,(anonymous_0)
FNF:1
FNH:0
FNDA:0,(anonymous_0)
DA:2,12
DA:3,12
DA:4,12
DA:8,0
DA:10,0
DA:12,0
DA:13,0
DA:15,0
DA:17,0
DA:23,0
DA:28,12
LF:11
LH:4
BRF:0
BRH:0
end_of_record
TN:
SF:src/useCases/data/Pivots/ReadAll/ReadAllUseCase.ts
FN:8,(anonymous_4)
FN:12,(anonymous_5)
FN:25,(anonymous_6)
FNF:3
FNH:0
FNDA:0,(anonymous_4)
FNDA:0,(anonymous_5)
FNDA:0,(anonymous_6)
DA:1,12
DA:4,12
DA:7,12
DA:9,0
DA:13,0
DA:14,0
DA:16,0
DA:26,0
DA:30,12
LF:9
LH:4
BRF:0
BRH:0
end_of_record
TN:
SF:src/useCases/data/Pivots/ReadList/ReadListController.ts
FN:7,(anonymous_0)
FNF:1
FNH:0
FNDA:0,(anonymous_0)
DA:2,12
DA:3,12
DA:4,12
DA:8,0
DA:9,0
DA:11,0
DA:12,0
DA:13,0
DA:15,0
DA:21,0
DA:26,12
LF:11
LH:4
BRF:0
BRH:0
end_of_record
TN:
SF:src/useCases/data/Pivots/ReadList/ReadListUseCase.ts
FN:12,(anonymous_4)
FN:19,(anonymous_5)
FN:32,(anonymous_6)
FN:45,(anonymous_7)
FN:58,(anonymous_8)
FNF:5
FNH:0
FNDA:0,(anonymous_4)
FNDA:0,(anonymous_5)
FNDA:0,(anonymous_6)
FNDA:0,(anonymous_7)
FNDA:0,(anonymous_8)
DA:1,12
DA:7,12
DA:8,12
DA:11,12
DA:13,0
DA:14,0
DA:16,0
DA:20,0
DA:21,0
DA:23,0
DA:33,0
DA:34,0
DA:36,0
DA:46,0
DA:47,0
DA:49,0
DA:59,0
DA:61,0
DA:63,0
DA:64,0
DA:65,0
DA:67,0
DA:70,0
DA:83,0
DA:86,0
DA:89,0
DA:93,12
LF:27
LH:5
BRDA:63,0,0,0
BRDA:67,1,0,0
BRDA:67,1,1,0
BRDA:73,2,0,0
BRDA:73,2,1,0
BRDA:74,3,0,0
BRDA:74,3,1,0
BRDA:75,4,0,0
BRDA:75,4,1,0
BRDA:76,5,0,0
BRDA:76,5,1,0
BRDA:77,6,0,0
BRDA:77,6,1,0
BRDA:77,7,0,0
BRDA:77,7,1,0
BRDA:80,8,0,0
BRDA:80,8,1,0
BRDA:80,9,0,0
BRDA:80,9,1,0
BRF:19
BRH:0
end_of_record
TN:
SF:src/useCases/data/Pivots/ReadMap/ReadMapController.ts
FN:7,(anonymous_0)
FNF:1
FNH:0
FNDA:0,(anonymous_0)
DA:2,12
DA:3,12
DA:4,12
DA:8,0
DA:10,0
DA:12,0
DA:13,0
DA:14,0
DA:16,0
DA:22,0
DA:27,12
LF:11
LH:4
BRF:0
BRH:0
end_of_record
TN:
SF:src/useCases/data/Pivots/ReadMap/ReadMapUseCase.ts
FN:15,(anonymous_4)
FN:68,(anonymous_5)
FN:22,(anonymous_6)
FN:40,(anonymous_7)
FN:54,(anonymous_8)
FN:103,(anonymous_9)
FNF:6
FNH:0
FNDA:0,(anonymous_4)
FNDA:0,(anonymous_5)
FNDA:0,(anonymous_6)
FNDA:0,(anonymous_7)
FNDA:0,(anonymous_8)
FNDA:0,(anonymous_9)
DA:1,12
DA:7,12
DA:8,12
DA:11,12
DA:14,12
DA:16,0
DA:17,0
DA:18,0
DA:19,0
DA:23,0
DA:24,0
DA:30,0
DA:36,0
DA:41,0
DA:42,0
DA:44,0
DA:50,0
DA:55,0
DA:56,0
DA:58,0
DA:64,0
DA:68,0
DA:69,0
DA:70,0
DA:72,0
DA:73,0
DA:74,0
DA:76,0
DA:78,0
DA:80,0
DA:97,0
DA:100,0
DA:104,0
DA:105,0
DA:106,0
DA:108,0
DA:109,0
DA:110,0
DA:112,0
DA:114,0
DA:122,12
LF:41
LH:6
BRDA:74,0,0,0
BRDA:78,1,0,0
BRDA:78,1,1,0
BRDA:78,1,2,0
BRDA:88,2,0,0
BRDA:88,2,1,0
BRDA:89,3,0,0
BRDA:89,3,1,0
BRDA:90,4,0,0
BRDA:90,4,1,0
BRDA:91,5,0,0
BRDA:91,5,1,0
BRDA:92,6,0,0
BRDA:92,6,1,0
BRDA:93,7,0,0
BRDA:93,7,1,0
BRDA:105,8,0,0
BRDA:106,9,0,0
BRDA:109,10,0,0
BRDA:110,11,0,0
BRF:20
BRH:0
end_of_record
TN:
SF:src/useCases/data/Pivots/ReadPivotState/ReadPivotController.ts
FN:7,(anonymous_0)
FNF:1
FNH:0
FNDA:0,(anonymous_0)
DA:2,12
DA:3,12
DA:4,12
DA:8,0
DA:9,0
DA:11,0
DA:12,0
DA:14,0
DA:16,0
DA:22,0
DA:27,12
LF:11
LH:4
BRF:0
BRH:0
end_of_record
TN:
SF:src/useCases/data/Pivots/ReadPivotState/ReadPivotStateUseCase.ts
FN:11,(anonymous_4)
FN:16,(anonymous_5)
FN:29,(anonymous_6)
FN:42,(anonymous_7)
FNF:4
FNH:0
FNDA:0,(anonymous_4)
FNDA:0,(anonymous_5)
FNDA:0,(anonymous_6)
FNDA:0,(anonymous_7)
DA:1,12
DA:5,12
DA:6,12
DA:7,12
DA:10,12
DA:12,0
DA:13,0
DA:17,0
DA:18,0
DA:20,0
DA:30,0
DA:31,0
DA:33,0
DA:43,0
DA:44,0
DA:46,0
DA:47,0
DA:49,0
DA:50,0
DA:52,0
DA:74,0
DA:78,12
LF:22
LH:6
BRDA:49,0,0,0
BRDA:49,0,1,0
BRDA:50,1,0,0
BRDA:50,1,1,0
BRDA:60,2,0,0
BRDA:60,2,1,0
BRDA:61,3,0,0
BRDA:61,3,1,0
BRDA:62,4,0,0
BRDA:62,4,1,0
BRDA:63,5,0,0
BRDA:63,5,1,0
BRDA:64,6,0,0
BRDA:64,6,1,0
BRDA:67,7,0,0
BRDA:67,7,1,0
BRDA:68,8,0,0
BRDA:68,8,1,0
BRDA:71,9,0,0
BRDA:71,9,1,0
BRF:20
BRH:0
end_of_record
TN:
SF:src/useCases/data/Pivots/UpdatePivot/UpdatePivotController.ts
FN:7,(anonymous_0)
FNF:1
FNH:0
FNDA:0,(anonymous_0)
DA:2,12
DA:3,12
DA:4,12
DA:19,0
DA:21,0
DA:23,0
DA:24,0
DA:37,0
DA:39,0
DA:45,0
DA:50,12
LF:11
LH:4
BRF:0
BRH:0
end_of_record
TN:
SF:src/useCases/data/Pivots/UpdatePivot/UpdatePivotUseCase.ts
FN:8,(anonymous_4)
FN:12,(anonymous_5)
FN:25,(anonymous_6)
FN:38,(anonymous_7)
FNF:4
FNH:0
FNDA:0,(anonymous_4)
FNDA:0,(anonymous_5)
FNDA:0,(anonymous_6)
FNDA:0,(anonymous_7)
DA:1,12
DA:2,12
DA:4,12
DA:7,12
DA:9,0
DA:13,0
DA:14,0
DA:16,0
DA:26,0
DA:27,0
DA:29,0
DA:39,0
DA:40,0
DA:42,0
DA:44,0
DA:45,0
DA:63,0
DA:67,12
LF:18
LH:5
BRDA:40,0,0,0
BRDA:48,1,0,0
BRDA:48,1,1,0
BRDA:49,2,0,0
BRDA:49,2,1,0
BRDA:50,3,0,0
BRDA:50,3,1,0
BRDA:51,4,0,0
BRDA:51,4,1,0
BRDA:54,5,0,0
BRDA:54,5,1,0
BRDA:57,6,0,0
BRDA:57,6,1,0
BRDA:60,7,0,0
BRDA:60,7,1,0
BRF:15
BRH:0
end_of_record
TN:
SF:src/useCases/data/Pivots/UpdatePivotState/UpdatePivotStateController.ts
FN:7,(anonymous_0)
FNF:1
FNH:0
FNDA:0,(anonymous_0)
DA:2,12
DA:3,12
DA:4,12
DA:8,0
DA:19,0
DA:21,0
DA:23,0
DA:24,0
DA:37,0
DA:39,0
DA:45,0
DA:50,12
LF:12
LH:4
BRF:0
BRH:0
end_of_record
TN:
SF:src/useCases/data/Pivots/UpdatePivotState/UpdatePivotStateUseCase.ts
FN:33,(anonymous_5)
FN:162,(anonymous_6)
FN:189,(anonymous_7)
FN:225,(anonymous_8)
FN:49,(anonymous_9)
FN:62,(anonymous_10)
FN:75,(anonymous_11)
FN:92,(anonymous_12)
FN:105,(anonymous_13)
FN:118,(anonymous_14)
FN:133,(anonymous_15)
FN:146,(anonymous_16)
FN:253,(anonymous_17)
FNF:13
FNH:0
FNDA:0,(anonymous_5)
FNDA:0,(anonymous_6)
FNDA:0,(anonymous_7)
FNDA:0,(anonymous_8)
FNDA:0,(anonymous_9)
FNDA:0,(anonymous_10)
FNDA:0,(anonymous_11)
FNDA:0,(anonymous_12)
FNDA:0,(anonymous_13)
FNDA:0,(anonymous_14)
FNDA:0,(anonymous_15)
FNDA:0,(anonymous_16)
FNDA:0,(anonymous_17)
DA:3,12
DA:14,12
DA:15,12
DA:16,12
DA:17,12
DA:22,12
DA:23,12
DA:26,12
DA:34,0
DA:35,0
DA:36,0
DA:37,0
DA:39,0
DA:41,0
DA:43,0
DA:44,0
DA:45,0
DA:50,0
DA:51,0
DA:53,0
DA:63,0
DA:64,0
DA:66,0
DA:76,0
DA:77,0
DA:83,0
DA:93,0
DA:94,0
DA:96,0
DA:106,0
DA:107,0
DA:109,0
DA:121,0
DA:122,0
DA:124,0
DA:134,0
DA:135,0
DA:137,0
DA:149,0
DA:150,0
DA:152,0
DA:162,0
DA:168,0
DA:169,0
DA:170,0
DA:171,0
DA:172,0
DA:174,0
DA:176,0
DA:185,0
DA:189,0
DA:195,0
DA:196,0
DA:197,0
DA:201,0
DA:209,0
DA:210,0
DA:217,0
DA:218,0
DA:225,0
DA:231,0
DA:232,0
DA:233,0
DA:237,0
DA:238,0
DA:246,0
DA:247,0
DA:265,0
DA:269,0
DA:274,0
DA:275,0
DA:277,0
DA:284,0
DA:285,0
DA:286,0
DA:290,0
DA:291,0
DA:292,0
DA:293,0
DA:294,0
DA:296,0
DA:298,0
DA:315,0
DA:316,0
DA:328,0
DA:329,0
DA:338,0
DA:342,12
LF:88
LH:9
BRDA:168,0,0,0
BRDA:168,1,0,0
BRDA:168,1,1,0
BRDA:178,2,0,0
BRDA:178,2,1,0
BRDA:179,3,0,0
BRDA:179,3,1,0
BRDA:195,4,0,0
BRDA:195,5,0,0
BRDA:195,5,1,0
BRDA:196,6,0,0
BRDA:201,7,0,0
BRDA:202,8,0,0
BRDA:202,8,1,0
BRDA:217,9,0,0
BRDA:231,10,0,0
BRDA:231,11,0,0
BRDA:231,11,1,0
BRDA:233,12,0,0
BRDA:234,13,0,0
BRDA:234,13,1,0
BRDA:246,14,0,0
BRDA:265,15,0,0
BRDA:265,15,1,0
BRDA:278,16,0,0
BRDA:278,16,1,0
BRDA:279,17,0,0
BRDA:279,17,1,0
BRDA:290,18,0,0
BRDA:292,19,0,0
BRDA:296,20,0,0
BRDA:315,21,0,0
BRDA:328,22,0,0
BRF:33
BRH:0
end_of_record
TN:
SF:src/useCases/data/Pumps/CreatePump/CreatePumpController.ts
FN:7,(anonymous_0)
FNF:1
FNH:0
FNDA:0,(anonymous_0)
DA:2,12
DA:3,12
DA:4,12
DA:15,0
DA:17,0
DA:19,0
DA:20,0
DA:29,0
DA:31,0
DA:37,0
DA:42,12
LF:11
LH:4
BRF:0
BRH:0
end_of_record
TN:
SF:src/useCases/data/Pumps/CreatePump/CreatePumpUseCase.ts
FN:8,(anonymous_4)
FN:13,(anonymous_5)
FN:21,(anonymous_6)
FNF:3
FNH:0
FNDA:0,(anonymous_4)
FNDA:0,(anonymous_5)
FNDA:0,(anonymous_6)
DA:1,12
DA:2,12
DA:3,12
DA:4,12
DA:7,12
DA:10,0
DA:14,0
DA:15,0
DA:17,0
DA:23,0
DA:25,0
DA:27,0
DA:35,0
DA:39,12
LF:14
LH:6
BRF:0
BRH:0
end_of_record
TN:
SF:src/useCases/data/Pumps/DeletePump/DeletePumpController.ts
FN:7,(anonymous_0)
FNF:1
FNH:0
FNDA:0,(anonymous_0)
DA:2,12
DA:3,12
DA:4,12
DA:8,0
DA:9,0
DA:11,0
DA:12,0
DA:14,0
DA:16,0
DA:22,0
DA:27,12
LF:11
LH:4
BRF:0
BRH:0
end_of_record
TN:
SF:src/useCases/data/Pumps/DeletePump/DeletePumpUseCase.ts
FN:8,(anonymous_4)
FN:13,(anonymous_5)
FN:26,(anonymous_6)
FN:34,(anonymous_7)
FNF:4
FNH:0
FNDA:0,(anonymous_4)
FNDA:0,(anonymous_5)
FNDA:0,(anonymous_6)
FNDA:0,(anonymous_7)
DA:1,12
DA:4,12
DA:7,12
DA:10,0
DA:14,0
DA:15,0
DA:17,0
DA:27,0
DA:28,0
DA:30,0
DA:35,0
DA:37,0
DA:38,0
DA:41,12
LF:14
LH:4
BRDA:37,0,0,0
BRF:1
BRH:0
end_of_record
TN:
SF:src/useCases/data/Pumps/GetAllPump/GetAllPumpController.ts
FN:7,(anonymous_0)
FNF:1
FNH:0
FNDA:0,(anonymous_0)
DA:2,12
DA:3,12
DA:4,12
DA:8,0
DA:9,0
DA:10,0
DA:12,0
DA:14,0
DA:20,0
DA:24,12
LF:10
LH:4
BRF:0
BRH:0
end_of_record
TN:
SF:src/useCases/data/Pumps/GetAllPump/GetAllPumpUseCase.ts
FN:7,(anonymous_4)
FN:11,(anonymous_5)
FN:19,(anonymous_6)
FNF:3
FNH:0
FNDA:0,(anonymous_4)
FNDA:0,(anonymous_5)
FNDA:0,(anonymous_6)
DA:1,12
DA:3,12
DA:6,12
DA:8,0
DA:12,0
DA:13,0
DA:15,0
DA:20,0
DA:22,0
DA:24,0
DA:27,12
LF:11
LH:4
BRDA:22,0,0,0
BRF:1
BRH:0
end_of_record
TN:
SF:src/useCases/data/Pumps/GetPump/GetPumpController.ts
FN:7,(anonymous_0)
FNF:1
FNH:0
FNDA:0,(anonymous_0)
DA:2,12
DA:3,12
DA:4,12
DA:8,0
DA:10,0
DA:12,0
DA:13,0
DA:15,0
DA:17,0
DA:23,0
DA:28,12
LF:11
LH:4
BRF:0
BRH:0
end_of_record
TN:
SF:src/useCases/data/Pumps/GetPump/GetPumpUseCase.ts
FN:8,(anonymous_4)
FN:13,(anonymous_5)
FN:26,(anonymous_6)
FNF:3
FNH:0
FNDA:0,(anonymous_4)
FNDA:0,(anonymous_5)
FNDA:0,(anonymous_6)
DA:1,12
DA:4,12
DA:7,12
DA:10,0
DA:14,0
DA:15,0
DA:17,0
DA:27,0
DA:29,0
DA:33,12
LF:10
LH:4
BRF:0
BRH:0
end_of_record
TN:
SF:src/useCases/data/Pumps/UpdatePump/UpdatePumpController.ts
FN:7,(anonymous_0)
FNF:1
FNH:0
FNDA:0,(anonymous_0)
DA:2,12
DA:3,12
DA:4,12
DA:8,0
DA:9,0
DA:10,0
DA:11,0
DA:13,0
DA:15,0
DA:21,0
DA:26,12
LF:11
LH:4
BRF:0
BRH:0
end_of_record
TN:
SF:src/useCases/data/Pumps/UpdatePump/UpdatePumpUseCase.ts
FN:8,(anonymous_4)
FN:13,(anonymous_5)
FN:26,(anonymous_6)
FN:34,(anonymous_7)
FNF:4
FNH:0
FNDA:0,(anonymous_4)
FNDA:0,(anonymous_5)
FNDA:0,(anonymous_6)
FNDA:0,(anonymous_7)
DA:1,12
DA:4,12
DA:7,12
DA:10,0
DA:14,0
DA:15,0
DA:17,0
DA:27,0
DA:28,0
DA:30,0
DA:35,0
DA:37,0
DA:39,0
DA:41,0
DA:45,12
LF:15
LH:4
BRDA:37,0,0,0
BRF:1
BRH:0
end_of_record
TN:
SF:src/useCases/data/Scheduling/CreateScheduling/CreateSchedulingController.ts
FN:18,(anonymous_1)
FNF:1
FNH:0
FNDA:0,(anonymous_1)
DA:2,12
DA:3,12
DA:4,12
DA:6,12
DA:7,12
DA:12,12
DA:13,12
DA:15,12
DA:16,12
DA:30,0
DA:32,0
DA:38,0
DA:40,0
DA:41,0
DA:54,0
DA:56,0
DA:62,0
DA:67,12
LF:18
LH:10
BRF:0
BRH:0
end_of_record
TN:
SF:src/useCases/data/Scheduling/CreateScheduling/CreateSchedulingUseCase.ts
FN:11,(anonymous_5)
FN:18,(anonymous_6)
FN:33,(anonymous_7)
FN:48,(anonymous_8)
FNF:4
FNH:0
FNDA:0,(anonymous_5)
FNDA:0,(anonymous_6)
FNDA:0,(anonymous_7)
FNDA:0,(anonymous_8)
DA:1,12
DA:2,12
DA:6,12
DA:7,12
DA:8,12
DA:10,12
DA:13,0
DA:15,0
DA:19,0
DA:20,0
DA:22,0
DA:24,0
DA:36,0
DA:37,0
DA:39,0
DA:60,0
DA:61,0
DA:63,0
DA:76,0
DA:78,0
DA:79,0
DA:80,0
DA:83,0
DA:87,12
LF:24
LH:7
BRDA:67,0,0,0
BRDA:67,0,1,0
BRDA:68,1,0,0
BRDA:68,1,1,0
BRDA:69,2,0,0
BRDA:69,2,1,0
BRDA:70,3,0,0
BRDA:70,3,1,0
BRDA:78,4,0,0
BRF:9
BRH:0
end_of_record
TN:
SF:src/useCases/data/Scheduling/DeleteScheduling/DeleteSchedulingController.ts
FN:7,(anonymous_0)
FNF:1
FNH:0
FNDA:0,(anonymous_0)
DA:2,12
DA:3,12
DA:4,12
DA:8,0
DA:9,0
DA:11,0
DA:12,0
DA:16,0
DA:18,0
DA:24,0
DA:29,12
LF:11
LH:4
BRF:0
BRH:0
end_of_record
TN:
SF:src/useCases/data/Scheduling/DeleteScheduling/DeleteSchedulingUseCase.ts
FN:8,(anonymous_4)
FN:13,(anonymous_5)
FN:26,(anonymous_6)
FN:39,(anonymous_7)
FNF:4
FNH:0
FNDA:0,(anonymous_4)
FNDA:0,(anonymous_5)
FNDA:0,(anonymous_6)
FNDA:0,(anonymous_7)
DA:1,12
DA:4,12
DA:7,12
DA:10,0
DA:14,0
DA:15,0
DA:17,0
DA:27,0
DA:28,0
DA:30,0
DA:40,0
DA:42,0
DA:43,0
DA:44,0
DA:45,0
DA:47,0
DA:51,12
LF:17
LH:4
BRDA:42,0,0,0
BRF:1
BRH:0
end_of_record
TN:
SF:src/useCases/data/Scheduling/GetAllScheduling/GetAllSchedulingController.ts
FN:6,(anonymous_0)
FNF:1
FNH:0
FNDA:0,(anonymous_0)
DA:2,12
DA:3,12
DA:7,0
DA:8,0
DA:9,0
DA:11,0
DA:13,0
DA:14,0
DA:15,0
DA:20,12
LF:10
LH:3
BRF:0
BRH:0
end_of_record
TN:
SF:src/useCases/data/Scheduling/GetAllScheduling/GetAllSchedulingUseCase.ts
FN:8,(anonymous_4)
FN:13,(anonymous_5)
FN:25,(anonymous_6)
FNF:3
FNH:0
FNDA:0,(anonymous_4)
FNDA:0,(anonymous_5)
FNDA:0,(anonymous_6)
DA:1,12
DA:3,12
DA:4,12
DA:7,12
DA:10,0
DA:14,0
DA:15,0
DA:17,0
DA:26,0
DA:27,0
DA:28,0
DA:29,0
DA:30,0
DA:37,0
DA:40,0
DA:41,0
DA:45,12
LF:17
LH:5
BRDA:27,0,0,0
BRDA:27,0,1,0
BRDA:27,1,0,0
BRDA:27,1,1,0
BRF:4
BRH:0
end_of_record
TN:
SF:src/useCases/data/Scheduling/GetScheduling/GetSchedulingController.ts
FN:7,(anonymous_0)
FNF:1
FNH:0
FNDA:0,(anonymous_0)
DA:2,12
DA:3,12
DA:4,12
DA:8,0
DA:9,0
DA:10,0
DA:12,0
DA:13,0
DA:14,0
DA:16,0
DA:22,0
DA:27,12
LF:12
LH:4
BRF:0
BRH:0
end_of_record
TN:
SF:src/useCases/data/Scheduling/GetScheduling/GetSchedulingUseCase.ts
FN:10,(anonymous_4)
FN:15,(anonymous_5)
FN:28,(anonymous_6)
FNF:3
FNH:0
FNDA:0,(anonymous_4)
FNDA:0,(anonymous_5)
FNDA:0,(anonymous_6)
DA:1,12
DA:5,12
DA:6,12
DA:9,12
DA:12,0
DA:16,0
DA:17,0
DA:19,0
DA:29,0
DA:31,0
DA:32,0
DA:33,0
DA:34,0
DA:41,0
DA:44,0
DA:45,0
DA:49,12
LF:17
LH:5
BRDA:31,0,0,0
BRDA:31,0,1,0
BRDA:31,1,0,0
BRDA:31,1,1,0
BRF:4
BRH:0
end_of_record
TN:
SF:src/useCases/data/Scheduling/UpdateScheduling/UpdateSchedulingController.ts
FN:8,(anonymous_1)
FNF:1
FNH:0
FNDA:0,(anonymous_1)
DA:1,12
DA:3,12
DA:4,12
DA:5,12
DA:9,0
DA:23,0
DA:24,0
DA:25,0
DA:26,0
DA:42,0
DA:44,0
DA:50,0
DA:55,12
LF:13
LH:5
BRF:0
BRH:0
end_of_record
TN:
SF:src/useCases/data/Scheduling/UpdateScheduling/UpdateSchedulingUseCase.ts
FN:17,(anonymous_5)
FN:24,(anonymous_6)
FN:37,(anonymous_7)
FN:53,(anonymous_8)
FN:71,(anonymous_9)
FNF:5
FNH:0
FNDA:0,(anonymous_5)
FNDA:0,(anonymous_6)
FNDA:0,(anonymous_7)
FNDA:0,(anonymous_8)
FNDA:0,(anonymous_9)
DA:3,12
DA:8,12
DA:12,12
DA:13,12
DA:16,12
DA:19,0
DA:21,0
DA:25,0
DA:26,0
DA:28,0
DA:40,0
DA:41,0
DA:42,0
DA:44,0
DA:56,0
DA:57,0
DA:62,0
DA:75,0
DA:79,0
DA:81,0
DA:86,0
DA:87,0
DA:88,0
DA:90,0
DA:96,0
DA:98,0
DA:99,0
DA:101,0
DA:105,0
DA:108,0
DA:113,12
LF:31
LH:6
BRDA:79,0,0,0
BRDA:86,1,0,0
BRDA:86,1,1,0
BRDA:96,2,0,0
BRF:4
BRH:0
end_of_record
TN:
SF:src/useCases/data/SchedulingAngle/CreateSchedulingAngle/CreateSchedulingAngleController.ts
FN:6,(anonymous_0)
FNF:1
FNH:0
FNDA:0,(anonymous_0)
DA:2,12
DA:3,12
DA:19,0
DA:23,0
DA:27,0
DA:28,0
DA:42,0
DA:44,0
DA:47,0
DA:48,0
DA:53,12
LF:11
LH:3
BRF:0
BRH:0
end_of_record
TN:
SF:src/useCases/data/SchedulingAngle/CreateSchedulingAngle/CreateSchedulingAngleUseCase.ts
FN:13,(anonymous_5)
FN:20,(anonymous_6)
FN:35,(anonymous_7)
FN:48,(anonymous_8)
FNF:4
FNH:0
FNDA:0,(anonymous_5)
FNDA:0,(anonymous_6)
FNDA:0,(anonymous_7)
FNDA:0,(anonymous_8)
DA:2,12
DA:3,12
DA:5,12
DA:7,12
DA:8,12
DA:9,12
DA:12,12
DA:15,0
DA:17,0
DA:23,0
DA:24,0
DA:26,0
DA:36,0
DA:37,0
DA:39,0
DA:58,0
DA:60,0
DA:62,0
DA:71,0
DA:75,0
DA:77,0
DA:78,0
DA:80,0
DA:82,0
DA:83,0
DA:89,0
DA:93,12
LF:27
LH:8
BRDA:64,0,0,0
BRDA:64,0,1,0
BRDA:65,1,0,0
BRDA:65,1,1,0
BRDA:66,2,0,0
BRDA:66,2,1,0
BRDA:75,3,0,0
BRF:7
BRH:0
end_of_record
TN:
SF:src/useCases/data/SchedulingAngle/DeleteSchedulingAngle/DeleteSchedulingAngleController.ts
FN:6,(anonymous_0)
FNF:1
FNH:0
FNDA:0,(anonymous_0)
DA:2,12
DA:3,12
DA:7,0
DA:8,0
DA:10,0
DA:11,0
DA:13,0
DA:15,0
DA:16,0
DA:17,0
DA:22,12
LF:11
LH:3
BRF:0
BRH:0
end_of_record
TN:
SF:src/useCases/data/SchedulingAngle/DeleteSchedulingAngle/DeleteSchedulingAngleUseCase.ts
FN:8,(anonymous_4)
FN:13,(anonymous_5)
FN:26,(anonymous_6)
FN:38,(anonymous_7)
FNF:4
FNH:0
FNDA:0,(anonymous_4)
FNDA:0,(anonymous_5)
FNDA:0,(anonymous_6)
FNDA:0,(anonymous_7)
DA:1,12
DA:4,12
DA:7,12
DA:10,0
DA:14,0
DA:15,0
DA:17,0
DA:27,0
DA:28,0
DA:30,0
DA:41,0
DA:43,0
DA:44,0
DA:48,0
DA:51,0
DA:55,12
LF:16
LH:4
BRDA:43,0,0,0
BRF:1
BRH:0
end_of_record
TN:
SF:src/useCases/data/SchedulingAngle/GetAllSchedulingAngle/GetAllSchedulingAngleController.ts
FN:6,(anonymous_0)
FNF:1
FNH:0
FNDA:0,(anonymous_0)
DA:2,12
DA:3,12
DA:7,0
DA:8,0
DA:9,0
DA:11,0
DA:13,0
DA:14,0
DA:15,0
DA:20,12
LF:10
LH:3
BRF:0
BRH:0
end_of_record
TN:
SF:src/useCases/data/SchedulingAngle/GetAllSchedulingAngle/GetAllSchedulingAngleUseCase.ts
FN:8,(anonymous_4)
FN:13,(anonymous_5)
FN:26,(anonymous_6)
FNF:3
FNH:0
FNDA:0,(anonymous_4)
FNDA:0,(anonymous_5)
FNDA:0,(anonymous_6)
DA:1,12
DA:3,12
DA:4,12
DA:7,12
DA:10,0
DA:14,0
DA:15,0
DA:17,0
DA:27,0
DA:29,0
DA:30,0
DA:31,0
DA:32,0
DA:38,0
DA:41,0
DA:42,0
DA:46,12
LF:17
LH:5
BRDA:29,0,0,0
BRDA:29,0,1,0
BRDA:29,1,0,0
BRDA:29,1,1,0
BRF:4
BRH:0
end_of_record
TN:
SF:src/useCases/data/SchedulingAngle/GetSchedulingAngle/GetSchedulingAngleController.ts
FN:6,(anonymous_0)
FNF:1
FNH:0
FNDA:0,(anonymous_0)
DA:2,12
DA:3,12
DA:7,0
DA:9,0
DA:11,0
DA:12,0
DA:14,0
DA:16,0
DA:17,0
DA:18,0
DA:24,12
LF:11
LH:3
BRF:0
BRH:0
end_of_record
TN:
SF:src/useCases/data/SchedulingAngle/GetSchedulingAngle/GetSchedulingAngleUseCase.ts
FN:9,(anonymous_4)
FN:14,(anonymous_5)
FN:27,(anonymous_6)
FNF:3
FNH:0
FNDA:0,(anonymous_4)
FNDA:0,(anonymous_5)
FNDA:0,(anonymous_6)
DA:1,12
DA:4,12
DA:5,12
DA:8,12
DA:11,0
DA:15,0
DA:16,0
DA:18,0
DA:28,0
DA:29,0
DA:30,0
DA:31,0
DA:32,0
DA:38,0
DA:41,0
DA:42,0
DA:46,12
LF:17
LH:5
BRDA:29,0,0,0
BRDA:29,0,1,0
BRDA:29,1,0,0
BRDA:29,1,1,0
BRF:4
BRH:0
end_of_record
TN:
SF:src/useCases/data/SchedulingAngle/UpdateSchedulingAngle/UpdateSchedulingAngleController.ts
FN:7,(anonymous_1)
FNF:1
FNH:0
FNDA:0,(anonymous_1)
DA:1,12
DA:3,12
DA:4,12
DA:22,0
DA:23,0
DA:26,0
DA:27,0
DA:45,0
DA:47,0
DA:48,0
DA:49,0
DA:54,12
LF:12
LH:4
BRF:0
BRH:0
end_of_record
TN:
SF:src/useCases/data/SchedulingAngle/UpdateSchedulingAngle/UpdateSchedulingAngleUseCase.ts
FN:15,(anonymous_5)
FN:22,(anonymous_6)
FN:36,(anonymous_7)
FN:48,(anonymous_8)
FN:60,(anonymous_9)
FNF:5
FNH:0
FNDA:0,(anonymous_5)
FNDA:0,(anonymous_6)
FNDA:0,(anonymous_7)
FNDA:0,(anonymous_8)
FNDA:0,(anonymous_9)
DA:1,12
DA:6,12
DA:10,12
DA:11,12
DA:14,12
DA:17,0
DA:19,0
DA:25,0
DA:26,0
DA:28,0
DA:37,0
DA:38,0
DA:40,0
DA:49,0
DA:50,0
DA:52,0
DA:64,0
DA:68,0
DA:69,0
DA:74,0
DA:75,0
DA:78,0
DA:79,0
DA:81,0
DA:87,0
DA:92,0
DA:93,0
DA:95,0
DA:100,0
DA:106,0
DA:109,0
DA:113,12
LF:32
LH:6
BRDA:68,0,0,0
BRDA:74,1,0,0
BRDA:74,1,1,0
BRDA:87,2,0,0
BRF:4
BRH:0
end_of_record
TN:
SF:src/useCases/data/SchedulingAngleHist/CreateSchedulingAngleHist/CreateSchedulingAngleHistController.ts
FN:6,(anonymous_0)
FNF:1
FNH:0
FNDA:0,(anonymous_0)
DA:2,12
DA:3,12
DA:20,0
DA:22,0
DA:26,0
DA:28,0
DA:43,0
DA:45,0
DA:48,0
DA:49,0
DA:54,12
LF:11
LH:3
BRF:0
BRH:0
end_of_record
TN:
SF:src/useCases/data/SchedulingAngleHist/CreateSchedulingAngleHist/CreateSchedulingAngleHistUseCase.ts
FN:10,(anonymous_4)
FN:15,(anonymous_5)
FN:30,(anonymous_6)
FNF:3
FNH:0
FNDA:0,(anonymous_4)
FNDA:0,(anonymous_5)
FNDA:0,(anonymous_6)
DA:2,12
DA:4,12
DA:6,12
DA:9,12
DA:12,0
DA:18,0
DA:19,0
DA:21,0
DA:31,0
DA:35,0
DA:39,12
LF:11
LH:5
BRF:0
BRH:0
end_of_record
TN:
SF:src/useCases/data/SchedulingAngleHist/DeleteSchedulingAngleHist/DeleteSchedulingAngleHistController.ts
FN:6,(anonymous_0)
FNF:1
FNH:0
FNDA:0,(anonymous_0)
DA:2,12
DA:3,12
DA:7,0
DA:8,0
DA:10,0
DA:11,0
DA:13,0
DA:15,0
DA:16,0
DA:17,0
DA:22,12
LF:11
LH:3
BRF:0
BRH:0
end_of_record
TN:
SF:src/useCases/data/SchedulingAngleHist/DeleteSchedulingAngleHist/DeleteSchedulingAngleHistUseCase.ts
FN:8,(anonymous_4)
FN:13,(anonymous_5)
FN:26,(anonymous_6)
FN:38,(anonymous_7)
FNF:4
FNH:0
FNDA:0,(anonymous_4)
FNDA:0,(anonymous_5)
FNDA:0,(anonymous_6)
FNDA:0,(anonymous_7)
DA:1,12
DA:4,12
DA:7,12
DA:10,0
DA:14,0
DA:15,0
DA:17,0
DA:27,0
DA:28,0
DA:30,0
DA:41,0
DA:45,0
DA:46,0
DA:50,0
DA:53,0
DA:57,12
LF:16
LH:4
BRDA:45,0,0,0
BRF:1
BRH:0
end_of_record
TN:
SF:src/useCases/data/SchedulingAngleHist/GetAllSchedulingAngleHist/GetAllSchedulingAngleHistController.ts
FN:6,(anonymous_0)
FNF:1
FNH:0
FNDA:0,(anonymous_0)
DA:2,12
DA:3,12
DA:7,0
DA:8,0
DA:9,0
DA:11,0
DA:13,0
DA:14,0
DA:15,0
DA:20,12
LF:10
LH:3
BRF:0
BRH:0
end_of_record
TN:
SF:src/useCases/data/SchedulingAngleHist/GetAllSchedulingAngleHist/GetAllSchedulingAngleHistUseCase.ts
FN:8,(anonymous_4)
FN:13,(anonymous_5)
FN:25,(anonymous_6)
FNF:3
FNH:0
FNDA:0,(anonymous_4)
FNDA:0,(anonymous_5)
FNDA:0,(anonymous_6)
DA:1,12
DA:3,12
DA:4,12
DA:7,12
DA:10,0
DA:14,0
DA:15,0
DA:17,0
DA:26,0
DA:28,0
DA:29,0
DA:30,0
DA:31,0
DA:37,0
DA:40,0
DA:41,0
DA:45,12
LF:17
LH:5
BRDA:28,0,0,0
BRDA:28,0,1,0
BRDA:28,1,0,0
BRDA:28,1,1,0
BRF:4
BRH:0
end_of_record
TN:
SF:src/useCases/data/SchedulingAngleHist/GetSchedulingAngleHist/GetSchedulingAngleHistController.ts
FN:6,(anonymous_0)
FNF:1
FNH:0
FNDA:0,(anonymous_0)
DA:2,12
DA:3,12
DA:7,0
DA:9,0
DA:11,0
DA:12,0
DA:14,0
DA:16,0
DA:17,0
DA:18,0
DA:24,12
LF:11
LH:3
BRF:0
BRH:0
end_of_record
TN:
SF:src/useCases/data/SchedulingAngleHist/GetSchedulingAngleHist/GetSchedulingAngleHistUseCase.ts
FN:9,(anonymous_4)
FN:14,(anonymous_5)
FN:26,(anonymous_6)
FNF:3
FNH:0
FNDA:0,(anonymous_4)
FNDA:0,(anonymous_5)
FNDA:0,(anonymous_6)
DA:1,12
DA:4,12
DA:5,12
DA:8,12
DA:11,0
DA:15,0
DA:16,0
DA:18,0
DA:27,0
DA:29,0
DA:30,0
DA:31,0
DA:32,0
DA:38,0
DA:41,0
DA:42,0
DA:46,12
LF:17
LH:5
BRDA:29,0,0,0
BRDA:29,0,1,0
BRDA:29,1,0,0
BRDA:29,1,1,0
BRF:4
BRH:0
end_of_record
TN:
SF:src/useCases/data/SchedulingAngleHist/GetUserSchedulingAngleHist/GetUserSchedulingAngleHistUseCase.ts
FN:9,(anonymous_4)
FN:14,(anonymous_5)
FN:27,(anonymous_6)
FNF:3
FNH:0
FNDA:0,(anonymous_4)
FNDA:0,(anonymous_5)
FNDA:0,(anonymous_6)
DA:1,12
DA:4,12
DA:5,12
DA:8,12
DA:11,0
DA:15,0
DA:16,0
DA:18,0
DA:28,0
DA:30,0
DA:31,0
DA:32,0
DA:33,0
DA:39,0
DA:42,0
DA:43,0
DA:47,12
LF:17
LH:5
BRDA:30,0,0,0
BRDA:30,0,1,0
BRDA:30,1,0,0
BRDA:30,1,1,0
BRF:4
BRH:0
end_of_record
TN:
SF:src/useCases/data/SchedulingAngleHist/GetUserSchedulingAngleHist/GetUserSchedulingHistController.ts
FN:7,(anonymous_0)
FNF:1
FNH:0
FNDA:0,(anonymous_0)
DA:2,12
DA:3,12
DA:4,12
DA:8,0
DA:9,0
DA:13,0
DA:15,0
DA:17,0
DA:19,0
DA:25,0
DA:30,12
LF:11
LH:4
BRF:0
BRH:0
end_of_record
TN:
SF:src/useCases/data/SchedulingAngleHist/UpdateSchedulingAngleHist/UpdateSchedulingAngleHistController.ts
FN:6,(anonymous_0)
FNF:1
FNH:0
FNDA:0,(anonymous_0)
DA:2,12
DA:3,12
DA:7,0
DA:8,0
DA:9,0
DA:10,0
DA:12,0
DA:14,0
DA:15,0
DA:16,0
DA:21,12
LF:11
LH:3
BRF:0
BRH:0
end_of_record
TN:
SF:src/useCases/data/SchedulingAngleHist/UpdateSchedulingAngleHist/UpdateSchedulingAngleHistUseCase.ts
FN:10,(anonymous_4)
FN:15,(anonymous_5)
FN:28,(anonymous_6)
FN:40,(anonymous_7)
FNF:4
FNH:0
FNDA:0,(anonymous_4)
FNDA:0,(anonymous_5)
FNDA:0,(anonymous_6)
FNDA:0,(anonymous_7)
DA:2,12
DA:6,12
DA:9,12
DA:12,0
DA:16,0
DA:17,0
DA:19,0
DA:29,0
DA:30,0
DA:32,0
DA:41,0
DA:45,0
DA:46,0
DA:48,0
DA:50,0
DA:54,12
LF:16
LH:4
BRDA:45,0,0,0
BRF:1
BRH:0
end_of_record
TN:
SF:src/useCases/data/SchedulingHistory/CreateSchedulingHistory/CreateSchedulingHistoryController.ts
FN:7,(anonymous_0)
FNF:1
FNH:0
FNDA:0,(anonymous_0)
DA:2,12
DA:3,12
DA:4,12
DA:19,0
DA:21,0
DA:25,0
DA:26,0
DA:41,0
DA:43,0
DA:49,0
DA:54,12
LF:11
LH:4
BRF:0
BRH:0
end_of_record
TN:
SF:src/useCases/data/SchedulingHistory/CreateSchedulingHistory/CreateSchedulingHistoryUseCase.ts
FN:10,(anonymous_4)
FN:15,(anonymous_5)
FN:32,(anonymous_6)
FNF:3
FNH:0
FNDA:0,(anonymous_4)
FNDA:0,(anonymous_5)
FNDA:0,(anonymous_6)
DA:2,12
DA:4,12
DA:7,12
DA:9,12
DA:12,0
DA:18,0
DA:19,0
DA:21,0
DA:23,0
DA:35,0
DA:37,0
DA:41,12
LF:12
LH:5
BRF:0
BRH:0
end_of_record
TN:
SF:src/useCases/data/SchedulingHistory/DeleteSchedulingHistory/DeleteSchedulingHistoryController.ts
FN:7,(anonymous_0)
FNF:1
FNH:0
FNDA:0,(anonymous_0)
DA:2,12
DA:3,12
DA:4,12
DA:8,0
DA:9,0
DA:13,0
DA:15,0
DA:17,0
DA:19,0
DA:25,0
DA:30,12
LF:11
LH:4
BRF:0
BRH:0
end_of_record
TN:
SF:src/useCases/data/SchedulingHistory/DeleteSchedulingHistory/DeleteSchedulingHistoryUseCase.ts
FN:8,(anonymous_4)
FN:13,(anonymous_5)
FN:28,(anonymous_6)
FN:43,(anonymous_7)
FNF:4
FNH:0
FNDA:0,(anonymous_4)
FNDA:0,(anonymous_5)
FNDA:0,(anonymous_6)
FNDA:0,(anonymous_7)
DA:1,12
DA:4,12
DA:7,12
DA:10,0
DA:14,0
DA:15,0
DA:19,0
DA:29,0
DA:30,0
DA:34,0
DA:46,0
DA:50,0
DA:51,0
DA:52,0
DA:55,0
DA:58,0
DA:60,0
DA:64,12
LF:18
LH:4
BRDA:50,0,0,0
BRF:1
BRH:0
end_of_record
TN:
SF:src/useCases/data/SchedulingHistory/GetAllSchedulingHistory/GetAllSchedulingHistoryController.ts
FN:6,(anonymous_0)
FNF:1
FNH:0
FNDA:0,(anonymous_0)
DA:2,12
DA:3,12
DA:7,0
DA:8,0
DA:9,0
DA:11,0
DA:13,0
DA:14,0
DA:15,0
DA:20,12
LF:10
LH:3
BRF:0
BRH:0
end_of_record
TN:
SF:src/useCases/data/SchedulingHistory/GetAllSchedulingHistory/GetAllSchedulingHistoryUseCase.ts
FN:8,(anonymous_4)
FN:12,(anonymous_5)
FN:24,(anonymous_6)
FNF:3
FNH:0
FNDA:0,(anonymous_4)
FNDA:0,(anonymous_5)
FNDA:0,(anonymous_6)
DA:1,12
DA:3,12
DA:4,12
DA:7,12
DA:10,0
DA:13,0
DA:14,0
DA:16,0
DA:26,0
DA:27,0
DA:28,0
DA:29,0
DA:30,0
DA:37,0
DA:40,0
DA:41,0
DA:45,12
LF:17
LH:5
BRDA:27,0,0,0
BRDA:27,0,1,0
BRDA:27,1,0,0
BRDA:27,1,1,0
BRF:4
BRH:0
end_of_record
TN:
SF:src/useCases/data/SchedulingHistory/GetPivotSchedulingHistory/GetPivotSchedulingHistoryController.ts
FN:7,(anonymous_0)
FNF:1
FNH:0
FNDA:0,(anonymous_0)
DA:2,12
DA:3,12
DA:4,12
DA:8,0
DA:9,0
DA:13,0
DA:15,0
DA:17,0
DA:19,0
DA:25,0
DA:30,12
LF:11
LH:4
BRF:0
BRH:0
end_of_record
TN:
SF:src/useCases/data/SchedulingHistory/GetPivotSchedulingHistory/GetPivotSchedulingHistoryUseCase.ts
FN:9,(anonymous_4)
FN:14,(anonymous_5)
FN:27,(anonymous_6)
FNF:3
FNH:0
FNDA:0,(anonymous_4)
FNDA:0,(anonymous_5)
FNDA:0,(anonymous_6)
DA:1,12
DA:4,12
DA:5,12
DA:8,12
DA:11,0
DA:15,0
DA:16,0
DA:18,0
DA:28,0
DA:30,0
DA:31,0
DA:32,0
DA:33,0
DA:40,0
DA:43,0
DA:44,0
DA:48,12
LF:17
LH:5
BRDA:30,0,0,0
BRDA:30,0,1,0
BRDA:30,1,0,0
BRDA:30,1,1,0
BRF:4
BRH:0
end_of_record
TN:
SF:src/useCases/data/SchedulingHistory/GetUserSchedulingHistory/GetUserSchedulingHistoryController.ts
FN:7,(anonymous_0)
FNF:1
FNH:0
FNDA:0,(anonymous_0)
DA:2,12
DA:3,12
DA:4,12
DA:8,0
DA:9,0
DA:13,0
DA:15,0
DA:17,0
DA:19,0
DA:25,0
DA:30,12
LF:11
LH:4
BRF:0
BRH:0
end_of_record
TN:
SF:src/useCases/data/SchedulingHistory/GetUserSchedulingHistory/GetUserSchedulingHistoryUseCase.ts
FN:9,(anonymous_4)
FN:14,(anonymous_5)
FN:27,(anonymous_6)
FNF:3
FNH:0
FNDA:0,(anonymous_4)
FNDA:0,(anonymous_5)
FNDA:0,(anonymous_6)
DA:1,12
DA:4,12
DA:5,12
DA:8,12
DA:11,0
DA:15,0
DA:16,0
DA:18,0
DA:28,0
DA:30,0
DA:31,0
DA:32,0
DA:33,0
DA:40,0
DA:43,0
DA:44,0
DA:48,12
LF:17
LH:5
BRDA:30,0,0,0
BRDA:30,0,1,0
BRDA:30,1,0,0
BRDA:30,1,1,0
BRF:4
BRH:0
end_of_record
TN:
SF:src/useCases/data/SchedulingHistory/UpdateSchedulingHistory/UpdateSchedulingHistoryController.ts
FN:7,(anonymous_0)
FNF:1
FNH:0
FNDA:0,(anonymous_0)
DA:2,12
DA:3,12
DA:4,12
DA:8,0
DA:9,0
DA:12,0
DA:13,0
DA:17,0
DA:19,0
DA:25,0
DA:30,12
LF:11
LH:4
BRF:0
BRH:0
end_of_record
TN:
SF:src/useCases/data/SchedulingHistory/UpdateSchedulingHistory/UpdateSchedulingHistoryUseCase.ts
FN:9,(anonymous_4)
FN:14,(anonymous_5)
FN:29,(anonymous_6)
FN:44,(anonymous_7)
FNF:4
FNH:0
FNDA:0,(anonymous_4)
FNDA:0,(anonymous_5)
FNDA:0,(anonymous_6)
FNDA:0,(anonymous_7)
DA:1,12
DA:5,12
DA:8,12
DA:11,0
DA:15,0
DA:16,0
DA:20,0
DA:32,0
DA:33,0
DA:35,0
DA:45,0
DA:49,0
DA:50,0
DA:52,0
DA:56,0
DA:61,12
LF:16
LH:4
BRDA:49,0,0,0
BRDA:49,0,1,0
BRF:2
BRH:0
end_of_record
TN:
SF:src/useCases/data/States/Create/CreateStateUseCase.ts
FN:10,(anonymous_5)
FN:14,(anonymous_6)
FN:22,(anonymous_7)
FNF:3
FNH:0
FNDA:0,(anonymous_5)
FNDA:0,(anonymous_6)
FNDA:0,(anonymous_7)
DA:1,12
DA:2,12
DA:4,12
DA:5,12
DA:6,12
DA:9,12
DA:11,0
DA:15,0
DA:16,0
DA:18,0
DA:23,0
DA:28,0
DA:30,0
DA:35,0
DA:37,0
DA:38,0
DA:40,0
DA:44,12
LF:18
LH:7
BRDA:25,0,0,0
BRDA:25,0,1,0
BRDA:26,1,0,0
BRDA:26,1,1,0
BRDA:37,2,0,0
BRDA:37,2,1,0
BRF:6
BRH:0
end_of_record
TN:
SF:src/useCases/data/States/GetPivotState/GetPivotStateController.ts
FN:7,(anonymous_0)
FNF:1
FNH:0
FNDA:0,(anonymous_0)
DA:2,12
DA:3,12
DA:4,12
DA:8,0
DA:9,0
DA:10,0
DA:12,0
DA:14,0
DA:16,0
DA:22,0
DA:27,12
LF:11
LH:4
BRF:0
BRH:0
end_of_record
TN:
SF:src/useCases/data/States/GetPivotState/GetPivotStateUseCase.ts
FN:11,(anonymous_4)
FN:16,(anonymous_5)
FN:29,(anonymous_6)
FN:42,(anonymous_7)
FNF:4
FNH:0
FNDA:0,(anonymous_4)
FNDA:0,(anonymous_5)
FNDA:0,(anonymous_6)
FNDA:0,(anonymous_7)
DA:1,12
DA:5,12
DA:6,12
DA:7,12
DA:10,12
DA:12,0
DA:13,0
DA:17,0
DA:18,0
DA:20,0
DA:30,0
DA:31,0
DA:33,0
DA:43,0
DA:45,0
DA:46,0
DA:48,0
DA:50,0
DA:52,0
DA:53,0
DA:55,0
DA:79,12
LF:22
LH:6
BRDA:48,0,0,0
BRDA:52,1,0,0
BRDA:52,1,1,0
BRDA:53,2,0,0
BRDA:53,2,1,0
BRDA:63,3,0,0
BRDA:63,3,1,0
BRDA:64,4,0,0
BRDA:64,4,1,0
BRDA:65,5,0,0
BRDA:65,5,1,0
BRDA:66,6,0,0
BRDA:66,6,1,0
BRDA:67,7,0,0
BRDA:67,7,1,0
BRDA:70,8,0,0
BRDA:70,8,1,0
BRDA:71,9,0,0
BRDA:71,9,1,0
BRF:19
BRH:0
end_of_record
TN:
SF:src/useCases/data/User/index.ts
FNF:0
FNH:0
DA:1,25
DA:2,25
DA:3,25
DA:4,25
DA:5,25
DA:6,25
DA:7,25
DA:8,25
LF:8
LH:8
BRF:0
BRH:0
end_of_record
TN:
SF:src/useCases/data/User/AuthSignInUser/AuthLoginController.ts
FN:8,(anonymous_0)
FNF:1
FNH:1
FNDA:17,(anonymous_0)
DA:1,12
DA:3,12
DA:4,12
DA:5,12
DA:9,17
DA:11,17
DA:12,1
DA:14,16
DA:16,16
DA:17,16
DA:19,11
DA:21,5
DA:27,5
DA:33,12
LF:14
LH:14
BRDA:11,0,0,1
BRDA:11,0,1,16
BRF:2
BRH:2
end_of_record
TN:
SF:src/useCases/data/User/AuthSignInUser/AuthLoginUseCase.ts
FN:18,(anonymous_4)
FN:24,(anonymous_5)
FN:40,(anonymous_6)
FNF:3
FNH:3
FNDA:17,(anonymous_4)
FNDA:26,(anonymous_5)
FNDA:26,(anonymous_6)
DA:2,25
DA:9,25
DA:11,25
DA:14,25
DA:17,25
DA:19,17
DA:20,17
DA:21,17
DA:27,26
DA:28,26
DA:34,1
DA:35,1
DA:40,25
DA:41,26
DA:43,26
DA:44,25
DA:46,23
DA:51,22
DA:52,1
DA:53,21
DA:55,19
DA:56,18
DA:58,17
DA:68,25
LF:24
LH:24
BRDA:43,0,0,1
BRDA:43,0,1,25
BRDA:44,1,0,2
BRDA:44,1,1,23
BRDA:51,2,0,1
BRDA:51,2,1,21
BRDA:53,3,0,2
BRDA:53,3,1,19
BRDA:56,4,0,1
BRF:9
BRH:9
end_of_record
TN:
SF:src/useCases/data/User/CreateUser/CreateUserController.ts
FN:8,(anonymous_0)
FNF:1
FNH:1
FNDA:24,(anonymous_0)
DA:1,12
DA:3,12
DA:4,12
DA:5,12
DA:13,24
DA:15,24
DA:16,1
DA:18,23
DA:20,23
DA:21,23
DA:27,18
DA:29,5
DA:36,5
DA:42,12
LF:14
LH:14
BRDA:15,0,0,1
BRDA:15,0,1,23
BRF:2
BRH:2
end_of_record
TN:
SF:src/useCases/data/User/CreateUser/CreateUserUseCase.ts
FN:18,(anonymous_4)
FN:25,(anonymous_5)
FN:40,(anonymous_6)
FN:52,(anonymous_7)
FNF:4
FNH:4
FNDA:38,(anonymous_4)
FNDA:33,(anonymous_5)
FNDA:30,(anonymous_6)
FNDA:34,(anonymous_7)
DA:1,25
DA:2,25
DA:3,25
DA:4,25
DA:14,25
DA:17,25
DA:19,38
DA:20,38
DA:21,38
DA:22,38
DA:28,33
DA:29,33
DA:35,1
DA:36,1
DA:43,30
DA:44,30
DA:46,1
DA:47,1
DA:52,25
DA:55,34
DA:57,34
DA:59,34
DA:61,33
DA:63,33
DA:64,32
DA:66,30
DA:68,30
DA:74,30
DA:76,30
DA:77,29
DA:79,28
DA:80,27
DA:82,26
DA:93,25
LF:34
LH:34
BRDA:59,0,0,1
BRDA:63,1,0,1
BRDA:63,1,1,32
BRDA:64,2,0,2
BRDA:64,2,1,30
BRDA:76,3,0,1
BRDA:76,3,1,29
BRDA:77,4,0,1
BRDA:77,4,1,28
BRDA:80,5,0,1
BRDA:80,5,1,26
BRF:11
BRH:11
end_of_record
TN:
SF:src/useCases/data/User/DeleteUser/deleteUserController.ts
FN:8,(anonymous_0)
FNF:1
FNH:1
FNDA:8,(anonymous_0)
DA:2,12
DA:3,12
DA:4,12
DA:5,12
DA:9,8
DA:11,8
DA:12,1
DA:14,7
DA:15,7
DA:17,7
DA:18,4
DA:20,3
DA:26,3
DA:32,12
LF:14
LH:14
BRDA:11,0,0,1
BRDA:11,0,1,7
BRF:2
BRH:2
end_of_record
TN:
SF:src/useCases/data/User/DeleteUser/deleteUserUseCase.ts
FN:15,(anonymous_4)
FN:20,(anonymous_5)
FN:38,(anonymous_6)
FN:51,(anonymous_7)
FNF:4
FNH:4
FNDA:8,(anonymous_4)
FNDA:13,(anonymous_5)
FNDA:10,(anonymous_6)
FNDA:15,(anonymous_7)
DA:1,25
DA:7,25
DA:8,25
DA:14,25
DA:16,8
DA:17,8
DA:21,13
DA:22,13
DA:28,1
DA:34,1
DA:39,10
DA:40,10
DA:46,1
DA:47,1
DA:54,15
DA:55,2
DA:57,13
DA:59,13
DA:60,12
DA:62,10
DA:64,10
DA:65,9
DA:71,25
LF:23
LH:23
BRDA:54,0,0,2
BRDA:54,0,1,13
BRDA:54,1,0,15
BRDA:54,1,1,14
BRDA:59,2,0,1
BRDA:59,2,1,12
BRDA:60,3,0,2
BRDA:60,3,1,10
BRDA:64,4,0,1
BRDA:64,4,1,9
BRDA:65,5,0,8
BRDA:65,5,1,1
BRF:12
BRH:12
end_of_record
TN:
SF:src/useCases/data/User/GetAllUsers/GetAllUserController.ts
FN:8,(anonymous_0)
FNF:1
FNH:1
FNDA:6,(anonymous_0)
DA:1,12
DA:3,12
DA:4,12
DA:5,12
DA:9,6
DA:10,1
DA:12,5
DA:13,5
DA:14,5
DA:15,4
DA:17,1
DA:23,1
DA:29,12
LF:13
LH:13
BRDA:9,0,0,1
BRDA:9,0,1,5
BRF:2
BRH:2
end_of_record
TN:
SF:src/useCases/data/User/GetAllUsers/GetAllUserUseCase.ts
FN:14,(anonymous_4)
FN:18,(anonymous_5)
FN:27,(anonymous_6)
FNF:3
FNH:3
FNDA:6,(anonymous_4)
FNDA:10,(anonymous_5)
FNDA:10,(anonymous_6)
DA:2,25
DA:3,25
DA:4,25
DA:13,25
DA:15,6
DA:19,10
DA:20,10
DA:22,1
DA:23,1
DA:28,10
DA:30,10
DA:31,9
DA:32,7
DA:36,25
LF:14
LH:14
BRDA:30,0,0,1
BRDA:30,0,1,9
BRDA:31,1,0,2
BRDA:31,1,1,7
BRDA:31,2,0,9
BRDA:31,2,1,8
BRF:6
BRH:6
end_of_record
TN:
SF:src/useCases/data/User/Updateuser/UpdateUserController.ts
FN:8,(anonymous_0)
FNF:1
FNH:1
FNDA:8,(anonymous_0)
DA:2,12
DA:3,12
DA:4,12
DA:5,12
DA:13,8
DA:15,8
DA:16,1
DA:18,7
DA:20,7
DA:21,7
DA:28,1
DA:30,6
DA:36,6
DA:42,12
LF:14
LH:14
BRDA:15,0,0,1
BRDA:15,0,1,7
BRF:2
BRH:2
end_of_record
TN:
SF:src/useCases/data/User/Updateuser/UpdateUserUseCase.ts
FN:21,(anonymous_4)
FN:30,(anonymous_5)
FN:49,(anonymous_6)
FN:63,(anonymous_7)
FN:87,(anonymous_8)
FN:100,(anonymous_9)
FNF:6
FNH:6
FNDA:20,(anonymous_4)
FNDA:15,(anonymous_5)
FNDA:9,(anonymous_6)
FNDA:12,(anonymous_7)
FNDA:4,(anonymous_8)
FNDA:15,(anonymous_9)
DA:1,25
DA:3,25
DA:5,25
DA:14,25
DA:17,25
DA:22,20
DA:23,20
DA:24,20
DA:25,20
DA:27,20
DA:31,15
DA:32,15
DA:38,1
DA:45,1
DA:50,9
DA:51,9
DA:58,1
DA:59,1
DA:67,12
DA:72,12
DA:73,1
DA:75,11
DA:77,11
DA:82,1
DA:83,10
DA:88,4
DA:92,4
DA:93,1
DA:95,3
DA:100,25
DA:110,15
DA:112,15
DA:113,14
DA:119,12
DA:130,12
DA:131,1
DA:132,11
DA:133,1
DA:139,10
DA:141,9
DA:152,9
DA:154,9
DA:155,8
DA:156,7
DA:162,25
LF:45
LH:45
BRDA:72,0,0,1
BRDA:72,0,1,11
BRDA:75,1,0,11
BRDA:75,1,1,4
BRDA:77,2,0,1
BRDA:77,2,1,10
BRDA:78,3,0,11
BRDA:78,3,1,1
BRDA:78,3,2,1
BRDA:92,4,0,1
BRDA:92,4,1,3
BRDA:112,5,0,1
BRDA:112,5,1,14
BRDA:113,6,0,2
BRDA:113,6,1,12
BRDA:130,7,0,1
BRDA:130,7,1,11
BRDA:132,8,0,1
BRDA:132,8,1,10
BRDA:139,9,0,4
BRDA:145,10,0,9
BRDA:145,10,1,6
BRDA:154,11,0,1
BRDA:154,11,1,8
BRDA:155,12,0,1
BRDA:155,12,1,7
BRF:26
BRH:26
end_of_record
TN:
SF:src/useCases/data/User/utils/encrypted-password/bcrypter-adapter.ts
FN:4,(anonymous_1)
FN:6,(anonymous_2)
FNF:2
FNH:2
FNDA:30,(anonymous_1)
FNDA:20,(anonymous_2)
DA:1,25
DA:5,30
DA:7,20
DA:8,20
DA:9,20
DA:11,0
DA:12,0
DA:13,0
DA:18,25
LF:9
LH:6
BRF:0
BRH:0
end_of_record
TN:
SF:src/useCases/data/User/utils/encrypted-password/compare-encrypted.ts
FN:5,(anonymous_1)
FNF:1
FNH:1
FNDA:13,(anonymous_1)
DA:1,25
DA:9,13
DA:10,13
DA:12,0
DA:13,0
DA:14,0
DA:15,0
DA:20,25
LF:8
LH:4
BRF:0
BRH:0
end_of_record
TN:
SF:src/useCases/data/User/utils/encrypted-password/index.ts
FNF:0
FNH:0
DA:1,25
DA:2,25
DA:3,25
LF:3
LH:3
BRF:0
BRH:0
end_of_record
TN:
SF:src/useCases/data/User/utils/token-jwt/index.ts
FN:5,(anonymous_1)
FN:9,(anonymous_2)
FNF:2
FNH:2
FNDA:39,(anonymous_1)
FNDA:29,(anonymous_2)
DA:1,25
DA:6,39
DA:10,29
DA:11,29
DA:21,29
DA:23,0
DA:24,0
DA:29,25
LF:8
LH:6
BRDA:7,0,0,39
BRDA:7,0,1,0
BRF:2
BRH:1
end_of_record
